[2025-05-01T08:27:05.363+0000] {local_task_job_runner.py:123} INFO - ::group::Pre task execution logs
[2025-05-01T08:27:05.374+0000] {taskinstance.py:2612} INFO - Dependencies all met for dep_context=non-requeueable deps ti=<TaskInstance: BuildELT_dbt.dbt_build manual__2025-05-01T08:27:04.350370+00:00 [queued]>
[2025-05-01T08:27:05.380+0000] {taskinstance.py:2612} INFO - Dependencies all met for dep_context=requeueable deps ti=<TaskInstance: BuildELT_dbt.dbt_build manual__2025-05-01T08:27:04.350370+00:00 [queued]>
[2025-05-01T08:27:05.380+0000] {taskinstance.py:2865} INFO - Starting attempt 1 of 1
[2025-05-01T08:27:05.386+0000] {taskinstance.py:2888} INFO - Executing <Task(BashOperator): dbt_build> on 2025-05-01 08:27:04.350370+00:00
[2025-05-01T08:27:05.401+0000] {logging_mixin.py:190} WARNING - /home/***/.local/lib/python3.12/site-packages/***/task/task_runner/standard_task_runner.py:70 DeprecationWarning: This process (pid=5107) is multi-threaded, use of fork() may lead to deadlocks in the child.
[2025-05-01T08:27:05.400+0000] {standard_task_runner.py:104} INFO - Running: ['***', 'tasks', 'run', 'BuildELT_dbt', 'dbt_build', 'manual__2025-05-01T08:27:04.350370+00:00', '--job-id', '140', '--raw', '--subdir', 'DAGS_FOLDER/elt_with_dbt.py', '--cfg-path', '/tmp/tmpa5mbqy2b']
[2025-05-01T08:27:05.402+0000] {standard_task_runner.py:72} INFO - Started process 5108 to run task
[2025-05-01T08:27:05.403+0000] {standard_task_runner.py:105} INFO - Job 140: Subtask dbt_build
[2025-05-01T08:27:05.430+0000] {task_command.py:467} INFO - Running <TaskInstance: BuildELT_dbt.dbt_build manual__2025-05-01T08:27:04.350370+00:00 [running]> on host 50fb0a9bb8ff
[2025-05-01T08:27:05.473+0000] {taskinstance.py:3131} INFO - Exporting env vars: AIRFLOW_CTX_DAG_OWNER='***' AIRFLOW_CTX_DAG_ID='BuildELT_dbt' AIRFLOW_CTX_TASK_ID='dbt_build' AIRFLOW_CTX_EXECUTION_DATE='2025-05-01T08:27:04.350370+00:00' AIRFLOW_CTX_TRY_NUMBER='1' AIRFLOW_CTX_DAG_RUN_ID='manual__2025-05-01T08:27:04.350370+00:00'
[2025-05-01T08:27:05.474+0000] {taskinstance.py:731} INFO - ::endgroup::
[2025-05-01T08:27:05.488+0000] {subprocess.py:63} INFO - Tmp dir root location: /tmp
[2025-05-01T08:27:05.488+0000] {subprocess.py:75} INFO - Running command: ['/usr/bin/bash', '-c', '/home/***/.local/bin/dbt build --profiles-dir /opt/***/project_dbt --project-dir /opt/***/project_dbt']
[2025-05-01T08:27:05.497+0000] {subprocess.py:86} INFO - Output:
[2025-05-01T08:27:06.575+0000] {subprocess.py:93} INFO - [0m08:27:06  Running with dbt=1.9.0-b4
[2025-05-01T08:27:07.264+0000] {subprocess.py:93} INFO - [0m08:27:07  Registered adapter: snowflake=1.8.0
[2025-05-01T08:27:07.521+0000] {subprocess.py:93} INFO - [0m08:27:07  Found 6 models, 60 data tests, 2 snapshots, 2 sources, 725 macros
[2025-05-01T08:27:07.524+0000] {subprocess.py:93} INFO - [0m08:27:07
[2025-05-01T08:27:07.525+0000] {subprocess.py:93} INFO - [0m08:27:07  Concurrency: 1 threads (target='dev')
[2025-05-01T08:27:07.525+0000] {subprocess.py:93} INFO - [0m08:27:07
[2025-05-01T08:27:15.514+0000] {subprocess.py:93} INFO - [0m08:27:15  1 of 66 START test dbt_expectations_expect_column_values_to_be_between_raw_sj_weather_data_CLOUDINESS__100__0  [RUN]
[2025-05-01T08:27:16.508+0000] {subprocess.py:93} INFO - [0m08:27:16  1 of 66 PASS dbt_expectations_expect_column_values_to_be_between_raw_sj_weather_data_CLOUDINESS__100__0  [[32mPASS[0m in 0.99s]
[2025-05-01T08:27:16.509+0000] {subprocess.py:93} INFO - [0m08:27:16  2 of 66 START test dbt_expectations_expect_column_values_to_be_between_raw_sj_weather_data_HUMIDITY__0  [RUN]
[2025-05-01T08:27:17.538+0000] {subprocess.py:93} INFO - [0m08:27:17  2 of 66 PASS dbt_expectations_expect_column_values_to_be_between_raw_sj_weather_data_HUMIDITY__0  [[32mPASS[0m in 1.03s]
[2025-05-01T08:27:17.540+0000] {subprocess.py:93} INFO - [0m08:27:17  3 of 66 START test dbt_expectations_expect_column_values_to_be_between_raw_sj_weather_data_PRECIP_IN__0  [RUN]
[2025-05-01T08:27:18.981+0000] {subprocess.py:93} INFO - [0m08:27:18  3 of 66 PASS dbt_expectations_expect_column_values_to_be_between_raw_sj_weather_data_PRECIP_IN__0  [[32mPASS[0m in 1.44s]
[2025-05-01T08:27:18.982+0000] {subprocess.py:93} INFO - [0m08:27:18  4 of 66 START test dbt_expectations_expect_column_values_to_be_between_raw_sj_weather_data_UV__0  [RUN]
[2025-05-01T08:27:21.096+0000] {subprocess.py:93} INFO - [0m08:27:21  4 of 66 PASS dbt_expectations_expect_column_values_to_be_between_raw_sj_weather_data_UV__0  [[32mPASS[0m in 2.10s]
[2025-05-01T08:27:21.099+0000] {subprocess.py:93} INFO - [0m08:27:21  5 of 66 START test dbt_expectations_expect_column_values_to_be_between_raw_sj_weather_data_WIND_MPH__0  [RUN]
[2025-05-01T08:27:22.082+0000] {subprocess.py:93} INFO - [0m08:27:22  5 of 66 PASS dbt_expectations_expect_column_values_to_be_between_raw_sj_weather_data_WIND_MPH__0  [[32mPASS[0m in 0.98s]
[2025-05-01T08:27:22.086+0000] {subprocess.py:93} INFO - [0m08:27:22  6 of 66 START test not_null_raw_sj_weather_data_CLOUDINESS ..................... [RUN]
[2025-05-01T08:27:23.426+0000] {subprocess.py:93} INFO - [0m08:27:23  6 of 66 PASS not_null_raw_sj_weather_data_CLOUDINESS ........................... [[32mPASS[0m in 1.34s]
[2025-05-01T08:27:23.434+0000] {subprocess.py:93} INFO - [0m08:27:23  7 of 66 START test not_null_raw_sj_weather_data_HUMIDITY ....................... [RUN]
[2025-05-01T08:27:24.217+0000] {subprocess.py:93} INFO - [0m08:27:24  7 of 66 PASS not_null_raw_sj_weather_data_HUMIDITY ............................. [[32mPASS[0m in 0.78s]
[2025-05-01T08:27:24.220+0000] {subprocess.py:93} INFO - [0m08:27:24  8 of 66 START test not_null_raw_sj_weather_data_PRECIP_IN ...................... [RUN]
[2025-05-01T08:27:25.129+0000] {subprocess.py:93} INFO - [0m08:27:25  8 of 66 PASS not_null_raw_sj_weather_data_PRECIP_IN ............................ [[32mPASS[0m in 0.91s]
[2025-05-01T08:27:25.130+0000] {subprocess.py:93} INFO - [0m08:27:25  9 of 66 START test not_null_raw_sj_weather_data_TEMP_F ......................... [RUN]
[2025-05-01T08:27:26.684+0000] {subprocess.py:93} INFO - [0m08:27:26  9 of 66 PASS not_null_raw_sj_weather_data_TEMP_F ............................... [[32mPASS[0m in 1.55s]
[2025-05-01T08:27:26.685+0000] {subprocess.py:93} INFO - [0m08:27:26  10 of 66 START test not_null_raw_sj_weather_data_UV ............................ [RUN]
[2025-05-01T08:27:27.691+0000] {subprocess.py:93} INFO - [0m08:27:27  10 of 66 PASS not_null_raw_sj_weather_data_UV .................................. [[32mPASS[0m in 1.01s]
[2025-05-01T08:27:27.693+0000] {subprocess.py:93} INFO - [0m08:27:27  11 of 66 START test not_null_raw_sj_weather_data_WIND_MPH ...................... [RUN]
[2025-05-01T08:27:28.623+0000] {subprocess.py:93} INFO - [0m08:27:28  11 of 66 PASS not_null_raw_sj_weather_data_WIND_MPH ............................ [[32mPASS[0m in 0.93s]
[2025-05-01T08:27:28.626+0000] {subprocess.py:93} INFO - [0m08:27:28  12 of 66 START test not_null_raw_sj_weather_data__localtime_ ................... [RUN]
[2025-05-01T08:27:29.364+0000] {subprocess.py:93} INFO - [0m08:27:29  12 of 66 PASS not_null_raw_sj_weather_data__localtime_ ......................... [[32mPASS[0m in 0.73s]
[2025-05-01T08:27:29.370+0000] {subprocess.py:93} INFO - [0m08:27:29  13 of 66 START test unique_raw_sj_weather_data__localtime_ ..................... [RUN]
[2025-05-01T08:27:30.509+0000] {subprocess.py:93} INFO - [0m08:27:30  13 of 66 PASS unique_raw_sj_weather_data__localtime_ ........................... [[32mPASS[0m in 1.14s]
[2025-05-01T08:27:30.513+0000] {subprocess.py:93} INFO - [0m08:27:30  14 of 66 START test dbt_expectations_expect_column_values_to_be_between_raw_zipcode_weather_data_CLOUDINESS__100__0  [RUN]
[2025-05-01T08:27:33.429+0000] {subprocess.py:93} INFO - [0m08:27:33  14 of 66 PASS dbt_expectations_expect_column_values_to_be_between_raw_zipcode_weather_data_CLOUDINESS__100__0  [[32mPASS[0m in 2.91s]
[2025-05-01T08:27:33.432+0000] {subprocess.py:93} INFO - [0m08:27:33  15 of 66 START test dbt_expectations_expect_column_values_to_be_between_raw_zipcode_weather_data_GUST_KPH__0  [RUN]
[2025-05-01T08:27:34.920+0000] {subprocess.py:93} INFO - [0m08:27:34  15 of 66 PASS dbt_expectations_expect_column_values_to_be_between_raw_zipcode_weather_data_GUST_KPH__0  [[32mPASS[0m in 1.49s]
[2025-05-01T08:27:34.922+0000] {subprocess.py:93} INFO - [0m08:27:34  16 of 66 START test dbt_expectations_expect_column_values_to_be_between_raw_zipcode_weather_data_HUMIDITY__0  [RUN]
[2025-05-01T08:27:36.029+0000] {subprocess.py:93} INFO - [0m08:27:36  16 of 66 PASS dbt_expectations_expect_column_values_to_be_between_raw_zipcode_weather_data_HUMIDITY__0  [[32mPASS[0m in 1.11s]
[2025-05-01T08:27:36.030+0000] {subprocess.py:93} INFO - [0m08:27:36  17 of 66 START test dbt_expectations_expect_column_values_to_be_between_raw_zipcode_weather_data_PRECIP_IN__0  [RUN]
[2025-05-01T08:27:37.268+0000] {subprocess.py:93} INFO - [0m08:27:37  17 of 66 PASS dbt_expectations_expect_column_values_to_be_between_raw_zipcode_weather_data_PRECIP_IN__0  [[32mPASS[0m in 1.24s]
[2025-05-01T08:27:37.271+0000] {subprocess.py:93} INFO - [0m08:27:37  18 of 66 START test dbt_expectations_expect_column_values_to_be_between_raw_zipcode_weather_data_UV__0  [RUN]
[2025-05-01T08:27:38.169+0000] {subprocess.py:93} INFO - [0m08:27:38  18 of 66 PASS dbt_expectations_expect_column_values_to_be_between_raw_zipcode_weather_data_UV__0  [[32mPASS[0m in 0.90s]
[2025-05-01T08:27:38.170+0000] {subprocess.py:93} INFO - [0m08:27:38  19 of 66 START test dbt_expectations_expect_column_values_to_be_between_raw_zipcode_weather_data_WIND_MPH__0  [RUN]
[2025-05-01T08:27:38.877+0000] {subprocess.py:93} INFO - [0m08:27:38  19 of 66 PASS dbt_expectations_expect_column_values_to_be_between_raw_zipcode_weather_data_WIND_MPH__0  [[32mPASS[0m in 0.71s]
[2025-05-01T08:27:38.878+0000] {subprocess.py:93} INFO - [0m08:27:38  20 of 66 START test not_null_raw_zipcode_weather_data_CLOUDINESS ............... [RUN]
[2025-05-01T08:27:40.566+0000] {subprocess.py:93} INFO - [0m08:27:40  20 of 66 PASS not_null_raw_zipcode_weather_data_CLOUDINESS ..................... [[32mPASS[0m in 1.68s]
[2025-05-01T08:27:40.575+0000] {subprocess.py:93} INFO - [0m08:27:40  21 of 66 START test not_null_raw_zipcode_weather_data_CONDITION ................ [RUN]
[2025-05-01T08:27:41.695+0000] {subprocess.py:93} INFO - [0m08:27:41  21 of 66 PASS not_null_raw_zipcode_weather_data_CONDITION ...................... [[32mPASS[0m in 1.12s]
[2025-05-01T08:27:41.698+0000] {subprocess.py:93} INFO - [0m08:27:41  22 of 66 START test not_null_raw_zipcode_weather_data_GUST_KPH ................. [RUN]
[2025-05-01T08:27:42.476+0000] {subprocess.py:93} INFO - [0m08:27:42  22 of 66 PASS not_null_raw_zipcode_weather_data_GUST_KPH ....................... [[32mPASS[0m in 0.77s]
[2025-05-01T08:27:42.478+0000] {subprocess.py:93} INFO - [0m08:27:42  23 of 66 START test not_null_raw_zipcode_weather_data_HUMIDITY ................. [RUN]
[2025-05-01T08:27:43.660+0000] {subprocess.py:93} INFO - [0m08:27:43  23 of 66 PASS not_null_raw_zipcode_weather_data_HUMIDITY ....................... [[32mPASS[0m in 1.18s]
[2025-05-01T08:27:43.663+0000] {subprocess.py:93} INFO - [0m08:27:43  24 of 66 START test not_null_raw_zipcode_weather_data_LAT ...................... [RUN]
[2025-05-01T08:27:45.018+0000] {subprocess.py:93} INFO - [0m08:27:45  24 of 66 PASS not_null_raw_zipcode_weather_data_LAT ............................ [[32mPASS[0m in 1.35s]
[2025-05-01T08:27:45.020+0000] {subprocess.py:93} INFO - [0m08:27:45  25 of 66 START test not_null_raw_zipcode_weather_data_LOCATION_NAME ............ [RUN]
[2025-05-01T08:27:45.999+0000] {subprocess.py:93} INFO - [0m08:27:45  25 of 66 PASS not_null_raw_zipcode_weather_data_LOCATION_NAME .................. [[32mPASS[0m in 0.98s]
[2025-05-01T08:27:46.002+0000] {subprocess.py:93} INFO - [0m08:27:46  26 of 66 START test not_null_raw_zipcode_weather_data_LON ...................... [RUN]
[2025-05-01T08:27:46.670+0000] {subprocess.py:93} INFO - [0m08:27:46  26 of 66 PASS not_null_raw_zipcode_weather_data_LON ............................ [[32mPASS[0m in 0.67s]
[2025-05-01T08:27:46.672+0000] {subprocess.py:93} INFO - [0m08:27:46  27 of 66 START test not_null_raw_zipcode_weather_data_PRECIP_IN ................ [RUN]
[2025-05-01T08:27:47.565+0000] {subprocess.py:93} INFO - [0m08:27:47  27 of 66 PASS not_null_raw_zipcode_weather_data_PRECIP_IN ...................... [[32mPASS[0m in 0.89s]
[2025-05-01T08:27:47.568+0000] {subprocess.py:93} INFO - [0m08:27:47  28 of 66 START test not_null_raw_zipcode_weather_data_TEMP_F ................... [RUN]
[2025-05-01T08:27:48.822+0000] {subprocess.py:93} INFO - [0m08:27:48  28 of 66 PASS not_null_raw_zipcode_weather_data_TEMP_F ......................... [[32mPASS[0m in 1.25s]
[2025-05-01T08:27:48.825+0000] {subprocess.py:93} INFO - [0m08:27:48  29 of 66 START test not_null_raw_zipcode_weather_data_UV ....................... [RUN]
[2025-05-01T08:27:50.487+0000] {subprocess.py:93} INFO - [0m08:27:50  29 of 66 PASS not_null_raw_zipcode_weather_data_UV ............................. [[32mPASS[0m in 1.66s]
[2025-05-01T08:27:50.489+0000] {subprocess.py:93} INFO - [0m08:27:50  30 of 66 START test not_null_raw_zipcode_weather_data_WIND_DIR ................. [RUN]
[2025-05-01T08:27:51.283+0000] {subprocess.py:93} INFO - [0m08:27:51  30 of 66 PASS not_null_raw_zipcode_weather_data_WIND_DIR ....................... [[32mPASS[0m in 0.79s]
[2025-05-01T08:27:51.285+0000] {subprocess.py:93} INFO - [0m08:27:51  31 of 66 START test not_null_raw_zipcode_weather_data_WIND_MPH ................. [RUN]
[2025-05-01T08:27:51.958+0000] {subprocess.py:93} INFO - [0m08:27:51  31 of 66 PASS not_null_raw_zipcode_weather_data_WIND_MPH ....................... [[32mPASS[0m in 0.67s]
[2025-05-01T08:27:51.959+0000] {subprocess.py:93} INFO - [0m08:27:51  32 of 66 START test not_null_raw_zipcode_weather_data_localtime ................ [RUN]
[2025-05-01T08:27:52.784+0000] {subprocess.py:93} INFO - [0m08:27:52  32 of 66 PASS not_null_raw_zipcode_weather_data_localtime ...................... [[32mPASS[0m in 0.82s]
[2025-05-01T08:27:52.788+0000] {subprocess.py:93} INFO - [0m08:27:52  33 of 66 START sql table model analytics.average_sj_weather .................... [RUN]
[2025-05-01T08:27:55.064+0000] {subprocess.py:93} INFO - [0m08:27:55  33 of 66 OK created sql table model analytics.average_sj_weather ............... [[32mSUCCESS 1[0m in 2.27s]
[2025-05-01T08:27:55.070+0000] {subprocess.py:93} INFO - [0m08:27:55  34 of 66 START sql table model analytics.filtered_sj_weather ................... [RUN]
[2025-05-01T08:27:57.130+0000] {subprocess.py:93} INFO - [0m08:27:57  34 of 66 OK created sql table model analytics.filtered_sj_weather .............. [[32mSUCCESS 1[0m in 2.06s]
[2025-05-01T08:27:57.133+0000] {subprocess.py:93} INFO - [0m08:27:57  35 of 66 START snapshot "snapshots".snapshot_sj_weather ........................ [RUN]
[2025-05-01T08:27:59.139+0000] {subprocess.py:93} INFO - [0m08:27:59  35 of 66 OK snapshotted "snapshots".snapshot_sj_weather ........................ [[32mSUCCESS 1[0m in 2.00s]
[2025-05-01T08:27:59.141+0000] {subprocess.py:93} INFO - [0m08:27:59  36 of 66 START sql table model analytics.average_zipcode_data .................. [RUN]
[2025-05-01T08:28:01.310+0000] {subprocess.py:93} INFO - [0m08:28:01  36 of 66 OK created sql table model analytics.average_zipcode_data ............. [[32mSUCCESS 1[0m in 2.17s]
[2025-05-01T08:28:01.313+0000] {subprocess.py:93} INFO - [0m08:28:01  37 of 66 START sql table model analytics.filtered_zipcode_data ................. [RUN]
[2025-05-01T08:28:02.753+0000] {subprocess.py:93} INFO - [0m08:28:02  37 of 66 OK created sql table model analytics.filtered_zipcode_data ............ [[32mSUCCESS 1[0m in 1.44s]
[2025-05-01T08:28:02.755+0000] {subprocess.py:93} INFO - [0m08:28:02  38 of 66 START snapshot snapshots.snapshot_zipcode_weather ..................... [RUN]
[2025-05-01T08:28:10.090+0000] {subprocess.py:93} INFO - [0m08:28:10  38 of 66 OK snapshotted snapshots.snapshot_zipcode_weather ..................... [[32mSUCCESS 0[0m in 7.33s]
[2025-05-01T08:28:10.094+0000] {subprocess.py:93} INFO - [0m08:28:10  39 of 66 START test dbt_expectations_expect_column_values_to_be_between_average_sj_weather_AVERAGE_HUMIDITY__0  [RUN]
[2025-05-01T08:28:11.271+0000] {subprocess.py:93} INFO - [0m08:28:11  39 of 66 PASS dbt_expectations_expect_column_values_to_be_between_average_sj_weather_AVERAGE_HUMIDITY__0  [[32mPASS[0m in 1.18s]
[2025-05-01T08:28:11.272+0000] {subprocess.py:93} INFO - [0m08:28:11  40 of 66 START test dbt_expectations_expect_column_values_to_be_between_average_sj_weather_AVERAGE_PRECIP_IN__0  [RUN]
[2025-05-01T08:28:12.245+0000] {subprocess.py:93} INFO - [0m08:28:12  40 of 66 PASS dbt_expectations_expect_column_values_to_be_between_average_sj_weather_AVERAGE_PRECIP_IN__0  [[32mPASS[0m in 0.97s]
[2025-05-01T08:28:12.247+0000] {subprocess.py:93} INFO - [0m08:28:12  41 of 66 START test dbt_expectations_expect_column_values_to_be_between_average_sj_weather_AVERAGE_UV__0  [RUN]
[2025-05-01T08:28:13.315+0000] {subprocess.py:93} INFO - [0m08:28:13  41 of 66 PASS dbt_expectations_expect_column_values_to_be_between_average_sj_weather_AVERAGE_UV__0  [[32mPASS[0m in 1.07s]
[2025-05-01T08:28:13.317+0000] {subprocess.py:93} INFO - [0m08:28:13  42 of 66 START test dbt_expectations_expect_column_values_to_be_between_average_sj_weather_AVERAGE_WIND_MPH__0  [RUN]
[2025-05-01T08:28:14.155+0000] {subprocess.py:93} INFO - [0m08:28:14  42 of 66 PASS dbt_expectations_expect_column_values_to_be_between_average_sj_weather_AVERAGE_WIND_MPH__0  [[32mPASS[0m in 0.84s]
[2025-05-01T08:28:14.158+0000] {subprocess.py:93} INFO - [0m08:28:14  43 of 66 START test not_null_average_sj_weather_AVERAGE_HUMIDITY ............... [RUN]
[2025-05-01T08:28:15.125+0000] {subprocess.py:93} INFO - [0m08:28:15  43 of 66 PASS not_null_average_sj_weather_AVERAGE_HUMIDITY ..................... [[32mPASS[0m in 0.97s]
[2025-05-01T08:28:15.127+0000] {subprocess.py:93} INFO - [0m08:28:15  44 of 66 START test not_null_average_sj_weather_AVERAGE_PRECIP_IN .............. [RUN]
[2025-05-01T08:28:15.930+0000] {subprocess.py:93} INFO - [0m08:28:15  44 of 66 PASS not_null_average_sj_weather_AVERAGE_PRECIP_IN .................... [[32mPASS[0m in 0.80s]
[2025-05-01T08:28:15.935+0000] {subprocess.py:93} INFO - [0m08:28:15  45 of 66 START test not_null_average_sj_weather_AVERAGE_TEMP ................... [RUN]
[2025-05-01T08:28:17.801+0000] {subprocess.py:93} INFO - [0m08:28:17  45 of 66 PASS not_null_average_sj_weather_AVERAGE_TEMP ......................... [[32mPASS[0m in 1.86s]
[2025-05-01T08:28:17.804+0000] {subprocess.py:93} INFO - [0m08:28:17  46 of 66 START test not_null_average_sj_weather_AVERAGE_UV ..................... [RUN]
[2025-05-01T08:28:18.687+0000] {subprocess.py:93} INFO - [0m08:28:18  46 of 66 PASS not_null_average_sj_weather_AVERAGE_UV ........................... [[32mPASS[0m in 0.88s]
[2025-05-01T08:28:18.690+0000] {subprocess.py:93} INFO - [0m08:28:18  47 of 66 START test not_null_average_sj_weather_AVERAGE_WIND_MPH ............... [RUN]
[2025-05-01T08:28:19.655+0000] {subprocess.py:93} INFO - [0m08:28:19  47 of 66 PASS not_null_average_sj_weather_AVERAGE_WIND_MPH ..................... [[32mPASS[0m in 0.96s]
[2025-05-01T08:28:19.657+0000] {subprocess.py:93} INFO - [0m08:28:19  48 of 66 START test accepted_values_average_zipcode_data_REGION__Southern_California__Central_California__Northern_California  [RUN]
[2025-05-01T08:28:21.455+0000] {subprocess.py:93} INFO - [0m08:28:21  48 of 66 PASS accepted_values_average_zipcode_data_REGION__Southern_California__Central_California__Northern_California  [[32mPASS[0m in 1.80s]
[2025-05-01T08:28:21.456+0000] {subprocess.py:93} INFO - [0m08:28:21  49 of 66 START test dbt_expectations_expect_column_values_to_be_between_average_zipcode_data_AVERAGE_CLOUDINESS__0  [RUN]
[2025-05-01T08:28:22.199+0000] {subprocess.py:93} INFO - [0m08:28:22  49 of 66 PASS dbt_expectations_expect_column_values_to_be_between_average_zipcode_data_AVERAGE_CLOUDINESS__0  [[32mPASS[0m in 0.74s]
[2025-05-01T08:28:22.201+0000] {subprocess.py:93} INFO - [0m08:28:22  50 of 66 START test dbt_expectations_expect_column_values_to_be_between_average_zipcode_data_AVERAGE_GUST_SPEED_KPH__0  [RUN]
[2025-05-01T08:28:22.958+0000] {subprocess.py:93} INFO - [0m08:28:22  50 of 66 PASS dbt_expectations_expect_column_values_to_be_between_average_zipcode_data_AVERAGE_GUST_SPEED_KPH__0  [[32mPASS[0m in 0.76s]
[2025-05-01T08:28:22.963+0000] {subprocess.py:93} INFO - [0m08:28:22  51 of 66 START test dbt_expectations_expect_column_values_to_be_between_average_zipcode_data_AVERAGE_HUMIDITY__0  [RUN]
[2025-05-01T08:28:23.730+0000] {subprocess.py:93} INFO - [0m08:28:23  51 of 66 PASS dbt_expectations_expect_column_values_to_be_between_average_zipcode_data_AVERAGE_HUMIDITY__0  [[32mPASS[0m in 0.77s]
[2025-05-01T08:28:23.731+0000] {subprocess.py:93} INFO - [0m08:28:23  52 of 66 START test dbt_expectations_expect_column_values_to_be_between_average_zipcode_data_AVERAGE_UV__0  [RUN]
[2025-05-01T08:28:24.527+0000] {subprocess.py:93} INFO - [0m08:28:24  52 of 66 PASS dbt_expectations_expect_column_values_to_be_between_average_zipcode_data_AVERAGE_UV__0  [[32mPASS[0m in 0.79s]
[2025-05-01T08:28:24.530+0000] {subprocess.py:93} INFO - [0m08:28:24  53 of 66 START test dbt_expectations_expect_column_values_to_be_between_average_zipcode_data_AVERAGE_WIND_SPEED_MPH__0  [RUN]
[2025-05-01T08:28:25.940+0000] {subprocess.py:93} INFO - [0m08:28:25  53 of 66 PASS dbt_expectations_expect_column_values_to_be_between_average_zipcode_data_AVERAGE_WIND_SPEED_MPH__0  [[32mPASS[0m in 1.41s]
[2025-05-01T08:28:25.943+0000] {subprocess.py:93} INFO - [0m08:28:25  54 of 66 START test dbt_expectations_expect_column_values_to_be_between_average_zipcode_data_TOTAL_RAINFALL_INCHES__0  [RUN]
[2025-05-01T08:28:26.924+0000] {subprocess.py:93} INFO - [0m08:28:26  54 of 66 PASS dbt_expectations_expect_column_values_to_be_between_average_zipcode_data_TOTAL_RAINFALL_INCHES__0  [[32mPASS[0m in 0.98s]
[2025-05-01T08:28:26.925+0000] {subprocess.py:93} INFO - [0m08:28:26  55 of 66 START test not_null_average_zipcode_data_AVERAGE_CLOUDINESS ........... [RUN]
[2025-05-01T08:28:27.672+0000] {subprocess.py:93} INFO - [0m08:28:27  55 of 66 PASS not_null_average_zipcode_data_AVERAGE_CLOUDINESS ................. [[32mPASS[0m in 0.75s]
[2025-05-01T08:28:27.676+0000] {subprocess.py:93} INFO - [0m08:28:27  56 of 66 START test not_null_average_zipcode_data_AVERAGE_GUST_SPEED_KPH ....... [RUN]
[2025-05-01T08:28:28.484+0000] {subprocess.py:93} INFO - [0m08:28:28  56 of 66 PASS not_null_average_zipcode_data_AVERAGE_GUST_SPEED_KPH ............. [[32mPASS[0m in 0.81s]
[2025-05-01T08:28:28.485+0000] {subprocess.py:93} INFO - [0m08:28:28  57 of 66 START test not_null_average_zipcode_data_AVERAGE_HUMIDITY ............. [RUN]
[2025-05-01T08:28:29.575+0000] {subprocess.py:93} INFO - [0m08:28:29  57 of 66 PASS not_null_average_zipcode_data_AVERAGE_HUMIDITY ................... [[32mPASS[0m in 1.09s]
[2025-05-01T08:28:29.578+0000] {subprocess.py:93} INFO - [0m08:28:29  58 of 66 START test not_null_average_zipcode_data_AVERAGE_TEMPERATURE .......... [RUN]
[2025-05-01T08:28:30.231+0000] {subprocess.py:93} INFO - [0m08:28:30  58 of 66 PASS not_null_average_zipcode_data_AVERAGE_TEMPERATURE ................ [[32mPASS[0m in 0.65s]
[2025-05-01T08:28:30.234+0000] {subprocess.py:93} INFO - [0m08:28:30  59 of 66 START test not_null_average_zipcode_data_AVERAGE_UV ................... [RUN]
[2025-05-01T08:28:30.943+0000] {subprocess.py:93} INFO - [0m08:28:30  59 of 66 PASS not_null_average_zipcode_data_AVERAGE_UV ......................... [[32mPASS[0m in 0.71s]
[2025-05-01T08:28:30.946+0000] {subprocess.py:93} INFO - [0m08:28:30  60 of 66 START test not_null_average_zipcode_data_AVERAGE_WIND_SPEED_MPH ....... [RUN]
[2025-05-01T08:28:31.656+0000] {subprocess.py:93} INFO - [0m08:28:31  60 of 66 PASS not_null_average_zipcode_data_AVERAGE_WIND_SPEED_MPH ............. [[32mPASS[0m in 0.71s]
[2025-05-01T08:28:31.658+0000] {subprocess.py:93} INFO - [0m08:28:31  61 of 66 START test not_null_average_zipcode_data_EARLIEST_RECORD_DATE ......... [RUN]
[2025-05-01T08:28:32.365+0000] {subprocess.py:93} INFO - [0m08:28:32  61 of 66 PASS not_null_average_zipcode_data_EARLIEST_RECORD_DATE ............... [[32mPASS[0m in 0.71s]
[2025-05-01T08:28:32.367+0000] {subprocess.py:93} INFO - [0m08:28:32  62 of 66 START test not_null_average_zipcode_data_LATEST_RECORD_DATE ........... [RUN]
[2025-05-01T08:28:33.149+0000] {subprocess.py:93} INFO - [0m08:28:33  62 of 66 PASS not_null_average_zipcode_data_LATEST_RECORD_DATE ................. [[32mPASS[0m in 0.78s]
[2025-05-01T08:28:33.152+0000] {subprocess.py:93} INFO - [0m08:28:33  63 of 66 START test not_null_average_zipcode_data_REGION ....................... [RUN]
[2025-05-01T08:28:33.847+0000] {subprocess.py:93} INFO - [0m08:28:33  63 of 66 PASS not_null_average_zipcode_data_REGION ............................. [[32mPASS[0m in 0.69s]
[2025-05-01T08:28:33.850+0000] {subprocess.py:93} INFO - [0m08:28:33  64 of 66 START test not_null_average_zipcode_data_TOTAL_RAINFALL_INCHES ........ [RUN]
[2025-05-01T08:28:34.579+0000] {subprocess.py:93} INFO - [0m08:28:34  64 of 66 PASS not_null_average_zipcode_data_TOTAL_RAINFALL_INCHES .............. [[32mPASS[0m in 0.72s]
[2025-05-01T08:28:34.582+0000] {subprocess.py:93} INFO - [0m08:28:34  65 of 66 START test accepted_values_filtered_zipcode_data_REGION__Southern_California__Central_California__Northern_California  [RUN]
[2025-05-01T08:28:35.902+0000] {subprocess.py:93} INFO - [0m08:28:35  65 of 66 PASS accepted_values_filtered_zipcode_data_REGION__Southern_California__Central_California__Northern_California  [[32mPASS[0m in 1.32s]
[2025-05-01T08:28:35.905+0000] {subprocess.py:93} INFO - [0m08:28:35  66 of 66 START test not_null_filtered_zipcode_data_REGION ...................... [RUN]
[2025-05-01T08:28:36.739+0000] {subprocess.py:93} INFO - [0m08:28:36  66 of 66 PASS not_null_filtered_zipcode_data_REGION ............................ [[32mPASS[0m in 0.83s]
[2025-05-01T08:28:36.764+0000] {subprocess.py:93} INFO - [0m08:28:36
[2025-05-01T08:28:36.765+0000] {subprocess.py:93} INFO - [0m08:28:36  Finished running 2 snapshots, 4 table models, 60 data tests in 0 hours 1 minutes and 29.24 seconds (89.24s).
[2025-05-01T08:28:36.897+0000] {subprocess.py:93} INFO - [0m08:28:36
[2025-05-01T08:28:36.899+0000] {subprocess.py:93} INFO - [0m08:28:36  [32mCompleted successfully[0m
[2025-05-01T08:28:36.900+0000] {subprocess.py:93} INFO - [0m08:28:36
[2025-05-01T08:28:36.902+0000] {subprocess.py:93} INFO - [0m08:28:36  Done. PASS=66 WARN=0 ERROR=0 SKIP=0 TOTAL=66
[2025-05-01T08:28:37.858+0000] {subprocess.py:97} INFO - Command exited with return code 0
[2025-05-01T08:28:37.890+0000] {taskinstance.py:340} INFO - ::group::Post task execution logs
[2025-05-01T08:28:37.890+0000] {taskinstance.py:352} INFO - Marking task as SUCCESS. dag_id=BuildELT_dbt, task_id=dbt_build, run_id=manual__2025-05-01T08:27:04.350370+00:00, execution_date=20250501T082704, start_date=20250501T082705, end_date=20250501T082837
[2025-05-01T08:28:37.933+0000] {local_task_job_runner.py:266} INFO - Task exited with return code 0
[2025-05-01T08:28:37.944+0000] {taskinstance.py:3900} INFO - 0 downstream tasks scheduled from follow-on schedule check
[2025-05-01T08:28:37.945+0000] {local_task_job_runner.py:245} INFO - ::endgroup::
