[2025-05-01T08:26:41.121+0000] {local_task_job_runner.py:123} INFO - ::group::Pre task execution logs
[2025-05-01T08:26:41.128+0000] {taskinstance.py:2612} INFO - Dependencies all met for dep_context=non-requeueable deps ti=<TaskInstance: BuildELT_dbt.dbt_build scheduled__2025-04-30T00:30:00+00:00 [queued]>
[2025-05-01T08:26:41.131+0000] {taskinstance.py:2612} INFO - Dependencies all met for dep_context=requeueable deps ti=<TaskInstance: BuildELT_dbt.dbt_build scheduled__2025-04-30T00:30:00+00:00 [queued]>
[2025-05-01T08:26:41.131+0000] {taskinstance.py:2865} INFO - Starting attempt 1 of 1
[2025-05-01T08:26:41.137+0000] {taskinstance.py:2888} INFO - Executing <Task(BashOperator): dbt_build> on 2025-04-30 00:30:00+00:00
[2025-05-01T08:26:41.141+0000] {logging_mixin.py:190} WARNING - /home/***/.local/lib/python3.12/site-packages/***/task/task_runner/standard_task_runner.py:70 DeprecationWarning: This process (pid=5061) is multi-threaded, use of fork() may lead to deadlocks in the child.
[2025-05-01T08:26:41.142+0000] {standard_task_runner.py:72} INFO - Started process 5062 to run task
[2025-05-01T08:26:41.142+0000] {standard_task_runner.py:104} INFO - Running: ['***', 'tasks', 'run', 'BuildELT_dbt', 'dbt_build', 'scheduled__2025-04-30T00:30:00+00:00', '--job-id', '139', '--raw', '--subdir', 'DAGS_FOLDER/elt_with_dbt.py', '--cfg-path', '/tmp/tmp1o2szdbm']
[2025-05-01T08:26:41.143+0000] {standard_task_runner.py:105} INFO - Job 139: Subtask dbt_build
[2025-05-01T08:26:41.164+0000] {task_command.py:467} INFO - Running <TaskInstance: BuildELT_dbt.dbt_build scheduled__2025-04-30T00:30:00+00:00 [running]> on host 50fb0a9bb8ff
[2025-05-01T08:26:41.199+0000] {taskinstance.py:3131} INFO - Exporting env vars: AIRFLOW_CTX_DAG_OWNER='***' AIRFLOW_CTX_DAG_ID='BuildELT_dbt' AIRFLOW_CTX_TASK_ID='dbt_build' AIRFLOW_CTX_EXECUTION_DATE='2025-04-30T00:30:00+00:00' AIRFLOW_CTX_TRY_NUMBER='1' AIRFLOW_CTX_DAG_RUN_ID='scheduled__2025-04-30T00:30:00+00:00'
[2025-05-01T08:26:41.200+0000] {taskinstance.py:731} INFO - ::endgroup::
[2025-05-01T08:26:41.210+0000] {subprocess.py:63} INFO - Tmp dir root location: /tmp
[2025-05-01T08:26:41.210+0000] {subprocess.py:75} INFO - Running command: ['/usr/bin/bash', '-c', '/home/***/.local/bin/dbt build --profiles-dir /opt/***/project_dbt --project-dir /opt/***/project_dbt']
[2025-05-01T08:26:41.215+0000] {subprocess.py:86} INFO - Output:
[2025-05-01T08:26:42.173+0000] {subprocess.py:93} INFO - [0m08:26:42  Running with dbt=1.9.0-b4
[2025-05-01T08:26:42.722+0000] {subprocess.py:93} INFO - [0m08:26:42  Registered adapter: snowflake=1.8.0
[2025-05-01T08:26:42.985+0000] {subprocess.py:93} INFO - [0m08:26:42  Found 6 models, 60 data tests, 2 snapshots, 2 sources, 725 macros
[2025-05-01T08:26:42.988+0000] {subprocess.py:93} INFO - [0m08:26:42
[2025-05-01T08:26:42.988+0000] {subprocess.py:93} INFO - [0m08:26:42  Concurrency: 1 threads (target='dev')
[2025-05-01T08:26:42.988+0000] {subprocess.py:93} INFO - [0m08:26:42
[2025-05-01T08:26:50.817+0000] {subprocess.py:93} INFO - [0m08:26:50  1 of 66 START test dbt_expectations_expect_column_values_to_be_between_raw_sj_weather_data_CLOUDINESS__100__0  [RUN]
[2025-05-01T08:26:52.351+0000] {subprocess.py:93} INFO - [0m08:26:52  1 of 66 PASS dbt_expectations_expect_column_values_to_be_between_raw_sj_weather_data_CLOUDINESS__100__0  [[32mPASS[0m in 1.53s]
[2025-05-01T08:26:52.354+0000] {subprocess.py:93} INFO - [0m08:26:52  2 of 66 START test dbt_expectations_expect_column_values_to_be_between_raw_sj_weather_data_HUMIDITY__0  [RUN]
[2025-05-01T08:26:53.332+0000] {subprocess.py:93} INFO - [0m08:26:53  2 of 66 PASS dbt_expectations_expect_column_values_to_be_between_raw_sj_weather_data_HUMIDITY__0  [[32mPASS[0m in 0.97s]
[2025-05-01T08:26:53.336+0000] {subprocess.py:93} INFO - [0m08:26:53  3 of 66 START test dbt_expectations_expect_column_values_to_be_between_raw_sj_weather_data_PRECIP_IN__0  [RUN]
[2025-05-01T08:26:54.263+0000] {subprocess.py:93} INFO - [0m08:26:54  3 of 66 PASS dbt_expectations_expect_column_values_to_be_between_raw_sj_weather_data_PRECIP_IN__0  [[32mPASS[0m in 0.93s]
[2025-05-01T08:26:54.265+0000] {subprocess.py:93} INFO - [0m08:26:54  4 of 66 START test dbt_expectations_expect_column_values_to_be_between_raw_sj_weather_data_UV__0  [RUN]
[2025-05-01T08:26:55.867+0000] {subprocess.py:93} INFO - [0m08:26:55  4 of 66 PASS dbt_expectations_expect_column_values_to_be_between_raw_sj_weather_data_UV__0  [[32mPASS[0m in 1.60s]
[2025-05-01T08:26:55.872+0000] {subprocess.py:93} INFO - [0m08:26:55  5 of 66 START test dbt_expectations_expect_column_values_to_be_between_raw_sj_weather_data_WIND_MPH__0  [RUN]
[2025-05-01T08:26:57.135+0000] {subprocess.py:93} INFO - [0m08:26:57  5 of 66 PASS dbt_expectations_expect_column_values_to_be_between_raw_sj_weather_data_WIND_MPH__0  [[32mPASS[0m in 1.26s]
[2025-05-01T08:26:57.150+0000] {subprocess.py:93} INFO - [0m08:26:57  6 of 66 START test not_null_raw_sj_weather_data_CLOUDINESS ..................... [RUN]
[2025-05-01T08:26:58.571+0000] {subprocess.py:93} INFO - [0m08:26:58  6 of 66 PASS not_null_raw_sj_weather_data_CLOUDINESS ........................... [[32mPASS[0m in 1.43s]
[2025-05-01T08:26:58.575+0000] {subprocess.py:93} INFO - [0m08:26:58  7 of 66 START test not_null_raw_sj_weather_data_HUMIDITY ....................... [RUN]
[2025-05-01T08:26:59.614+0000] {subprocess.py:93} INFO - [0m08:26:59  7 of 66 PASS not_null_raw_sj_weather_data_HUMIDITY ............................. [[32mPASS[0m in 1.04s]
[2025-05-01T08:26:59.616+0000] {subprocess.py:93} INFO - [0m08:26:59  8 of 66 START test not_null_raw_sj_weather_data_PRECIP_IN ...................... [RUN]
[2025-05-01T08:27:00.368+0000] {subprocess.py:93} INFO - [0m08:27:00  8 of 66 PASS not_null_raw_sj_weather_data_PRECIP_IN ............................ [[32mPASS[0m in 0.75s]
[2025-05-01T08:27:00.372+0000] {subprocess.py:93} INFO - [0m08:27:00  9 of 66 START test not_null_raw_sj_weather_data_TEMP_F ......................... [RUN]
[2025-05-01T08:27:01.468+0000] {subprocess.py:93} INFO - [0m08:27:01  9 of 66 PASS not_null_raw_sj_weather_data_TEMP_F ............................... [[32mPASS[0m in 1.10s]
[2025-05-01T08:27:01.470+0000] {subprocess.py:93} INFO - [0m08:27:01  10 of 66 START test not_null_raw_sj_weather_data_UV ............................ [RUN]
[2025-05-01T08:27:03.039+0000] {subprocess.py:93} INFO - [0m08:27:03  10 of 66 PASS not_null_raw_sj_weather_data_UV .................................. [[32mPASS[0m in 1.57s]
[2025-05-01T08:27:03.044+0000] {subprocess.py:93} INFO - [0m08:27:03  11 of 66 START test not_null_raw_sj_weather_data_WIND_MPH ...................... [RUN]
[2025-05-01T08:27:04.278+0000] {subprocess.py:93} INFO - [0m08:27:04  11 of 66 PASS not_null_raw_sj_weather_data_WIND_MPH ............................ [[32mPASS[0m in 1.23s]
[2025-05-01T08:27:04.280+0000] {subprocess.py:93} INFO - [0m08:27:04  12 of 66 START test not_null_raw_sj_weather_data__localtime_ ................... [RUN]
[2025-05-01T08:27:05.455+0000] {subprocess.py:93} INFO - [0m08:27:05  12 of 66 PASS not_null_raw_sj_weather_data__localtime_ ......................... [[32mPASS[0m in 1.17s]
[2025-05-01T08:27:05.457+0000] {subprocess.py:93} INFO - [0m08:27:05  13 of 66 START test unique_raw_sj_weather_data__localtime_ ..................... [RUN]
[2025-05-01T08:27:06.166+0000] {subprocess.py:93} INFO - [0m08:27:06  13 of 66 PASS unique_raw_sj_weather_data__localtime_ ........................... [[32mPASS[0m in 0.71s]
[2025-05-01T08:27:06.168+0000] {subprocess.py:93} INFO - [0m08:27:06  14 of 66 START test dbt_expectations_expect_column_values_to_be_between_raw_zipcode_weather_data_CLOUDINESS__100__0  [RUN]
[2025-05-01T08:27:07.140+0000] {subprocess.py:93} INFO - [0m08:27:07  14 of 66 PASS dbt_expectations_expect_column_values_to_be_between_raw_zipcode_weather_data_CLOUDINESS__100__0  [[32mPASS[0m in 0.97s]
[2025-05-01T08:27:07.141+0000] {subprocess.py:93} INFO - [0m08:27:07  15 of 66 START test dbt_expectations_expect_column_values_to_be_between_raw_zipcode_weather_data_GUST_KPH__0  [RUN]
[2025-05-01T08:27:08.790+0000] {subprocess.py:93} INFO - [0m08:27:08  15 of 66 PASS dbt_expectations_expect_column_values_to_be_between_raw_zipcode_weather_data_GUST_KPH__0  [[32mPASS[0m in 1.65s]
[2025-05-01T08:27:08.792+0000] {subprocess.py:93} INFO - [0m08:27:08  16 of 66 START test dbt_expectations_expect_column_values_to_be_between_raw_zipcode_weather_data_HUMIDITY__0  [RUN]
[2025-05-01T08:27:09.734+0000] {subprocess.py:93} INFO - [0m08:27:09  16 of 66 PASS dbt_expectations_expect_column_values_to_be_between_raw_zipcode_weather_data_HUMIDITY__0  [[32mPASS[0m in 0.94s]
[2025-05-01T08:27:09.746+0000] {subprocess.py:93} INFO - [0m08:27:09  17 of 66 START test dbt_expectations_expect_column_values_to_be_between_raw_zipcode_weather_data_PRECIP_IN__0  [RUN]
[2025-05-01T08:27:10.953+0000] {subprocess.py:93} INFO - [0m08:27:10  17 of 66 PASS dbt_expectations_expect_column_values_to_be_between_raw_zipcode_weather_data_PRECIP_IN__0  [[32mPASS[0m in 1.20s]
[2025-05-01T08:27:10.957+0000] {subprocess.py:93} INFO - [0m08:27:10  18 of 66 START test dbt_expectations_expect_column_values_to_be_between_raw_zipcode_weather_data_UV__0  [RUN]
[2025-05-01T08:27:12.598+0000] {subprocess.py:93} INFO - [0m08:27:12  18 of 66 PASS dbt_expectations_expect_column_values_to_be_between_raw_zipcode_weather_data_UV__0  [[32mPASS[0m in 1.64s]
[2025-05-01T08:27:12.599+0000] {subprocess.py:93} INFO - [0m08:27:12  19 of 66 START test dbt_expectations_expect_column_values_to_be_between_raw_zipcode_weather_data_WIND_MPH__0  [RUN]
[2025-05-01T08:27:13.284+0000] {subprocess.py:93} INFO - [0m08:27:13  19 of 66 PASS dbt_expectations_expect_column_values_to_be_between_raw_zipcode_weather_data_WIND_MPH__0  [[32mPASS[0m in 0.68s]
[2025-05-01T08:27:13.290+0000] {subprocess.py:93} INFO - [0m08:27:13  20 of 66 START test not_null_raw_zipcode_weather_data_CLOUDINESS ............... [RUN]
[2025-05-01T08:27:14.095+0000] {subprocess.py:93} INFO - [0m08:27:14  20 of 66 PASS not_null_raw_zipcode_weather_data_CLOUDINESS ..................... [[32mPASS[0m in 0.80s]
[2025-05-01T08:27:14.097+0000] {subprocess.py:93} INFO - [0m08:27:14  21 of 66 START test not_null_raw_zipcode_weather_data_CONDITION ................ [RUN]
[2025-05-01T08:27:15.472+0000] {subprocess.py:93} INFO - [0m08:27:15  21 of 66 PASS not_null_raw_zipcode_weather_data_CONDITION ...................... [[32mPASS[0m in 1.37s]
[2025-05-01T08:27:15.476+0000] {subprocess.py:93} INFO - [0m08:27:15  22 of 66 START test not_null_raw_zipcode_weather_data_GUST_KPH ................. [RUN]
[2025-05-01T08:27:16.473+0000] {subprocess.py:93} INFO - [0m08:27:16  22 of 66 PASS not_null_raw_zipcode_weather_data_GUST_KPH ....................... [[32mPASS[0m in 1.00s]
[2025-05-01T08:27:16.477+0000] {subprocess.py:93} INFO - [0m08:27:16  23 of 66 START test not_null_raw_zipcode_weather_data_HUMIDITY ................. [RUN]
[2025-05-01T08:27:17.718+0000] {subprocess.py:93} INFO - [0m08:27:17  23 of 66 PASS not_null_raw_zipcode_weather_data_HUMIDITY ....................... [[32mPASS[0m in 1.24s]
[2025-05-01T08:27:17.722+0000] {subprocess.py:93} INFO - [0m08:27:17  24 of 66 START test not_null_raw_zipcode_weather_data_LAT ...................... [RUN]
[2025-05-01T08:27:18.962+0000] {subprocess.py:93} INFO - [0m08:27:18  24 of 66 PASS not_null_raw_zipcode_weather_data_LAT ............................ [[32mPASS[0m in 1.24s]
[2025-05-01T08:27:18.963+0000] {subprocess.py:93} INFO - [0m08:27:18  25 of 66 START test not_null_raw_zipcode_weather_data_LOCATION_NAME ............ [RUN]
[2025-05-01T08:27:21.093+0000] {subprocess.py:93} INFO - [0m08:27:21  25 of 66 PASS not_null_raw_zipcode_weather_data_LOCATION_NAME .................. [[32mPASS[0m in 2.13s]
[2025-05-01T08:27:21.099+0000] {subprocess.py:93} INFO - [0m08:27:21  26 of 66 START test not_null_raw_zipcode_weather_data_LON ...................... [RUN]
[2025-05-01T08:27:22.088+0000] {subprocess.py:93} INFO - [0m08:27:22  26 of 66 PASS not_null_raw_zipcode_weather_data_LON ............................ [[32mPASS[0m in 0.99s]
[2025-05-01T08:27:22.089+0000] {subprocess.py:93} INFO - [0m08:27:22  27 of 66 START test not_null_raw_zipcode_weather_data_PRECIP_IN ................ [RUN]
[2025-05-01T08:27:22.970+0000] {subprocess.py:93} INFO - [0m08:27:22  27 of 66 PASS not_null_raw_zipcode_weather_data_PRECIP_IN ...................... [[32mPASS[0m in 0.88s]
[2025-05-01T08:27:22.978+0000] {subprocess.py:93} INFO - [0m08:27:22  28 of 66 START test not_null_raw_zipcode_weather_data_TEMP_F ................... [RUN]
[2025-05-01T08:27:24.011+0000] {subprocess.py:93} INFO - [0m08:27:24  28 of 66 PASS not_null_raw_zipcode_weather_data_TEMP_F ......................... [[32mPASS[0m in 1.03s]
[2025-05-01T08:27:24.017+0000] {subprocess.py:93} INFO - [0m08:27:24  29 of 66 START test not_null_raw_zipcode_weather_data_UV ....................... [RUN]
[2025-05-01T08:27:25.335+0000] {subprocess.py:93} INFO - [0m08:27:25  29 of 66 PASS not_null_raw_zipcode_weather_data_UV ............................. [[32mPASS[0m in 1.32s]
[2025-05-01T08:27:25.337+0000] {subprocess.py:93} INFO - [0m08:27:25  30 of 66 START test not_null_raw_zipcode_weather_data_WIND_DIR ................. [RUN]
[2025-05-01T08:27:26.177+0000] {subprocess.py:93} INFO - [0m08:27:26  30 of 66 PASS not_null_raw_zipcode_weather_data_WIND_DIR ....................... [[32mPASS[0m in 0.84s]
[2025-05-01T08:27:26.181+0000] {subprocess.py:93} INFO - [0m08:27:26  31 of 66 START test not_null_raw_zipcode_weather_data_WIND_MPH ................. [RUN]
[2025-05-01T08:27:27.249+0000] {subprocess.py:93} INFO - [0m08:27:27  31 of 66 PASS not_null_raw_zipcode_weather_data_WIND_MPH ....................... [[32mPASS[0m in 1.07s]
[2025-05-01T08:27:27.251+0000] {subprocess.py:93} INFO - [0m08:27:27  32 of 66 START test not_null_raw_zipcode_weather_data_localtime ................ [RUN]
[2025-05-01T08:27:27.995+0000] {subprocess.py:93} INFO - [0m08:27:27  32 of 66 PASS not_null_raw_zipcode_weather_data_localtime ...................... [[32mPASS[0m in 0.74s]
[2025-05-01T08:27:28.000+0000] {subprocess.py:93} INFO - [0m08:27:28  33 of 66 START sql table model analytics.average_sj_weather .................... [RUN]
[2025-05-01T08:27:29.436+0000] {subprocess.py:93} INFO - [0m08:27:29  33 of 66 OK created sql table model analytics.average_sj_weather ............... [[32mSUCCESS 1[0m in 1.43s]
[2025-05-01T08:27:29.438+0000] {subprocess.py:93} INFO - [0m08:27:29  34 of 66 START sql table model analytics.filtered_sj_weather ................... [RUN]
[2025-05-01T08:27:31.456+0000] {subprocess.py:93} INFO - [0m08:27:31  34 of 66 OK created sql table model analytics.filtered_sj_weather .............. [[32mSUCCESS 1[0m in 2.02s]
[2025-05-01T08:27:31.460+0000] {subprocess.py:93} INFO - [0m08:27:31  35 of 66 START snapshot "snapshots".snapshot_sj_weather ........................ [RUN]
[2025-05-01T08:27:34.319+0000] {subprocess.py:93} INFO - [0m08:27:34  35 of 66 OK snapshotted "snapshots".snapshot_sj_weather ........................ [[32mSUCCESS 1[0m in 2.86s]
[2025-05-01T08:27:34.324+0000] {subprocess.py:93} INFO - [0m08:27:34  36 of 66 START sql table model analytics.average_zipcode_data .................. [RUN]
[2025-05-01T08:27:36.245+0000] {subprocess.py:93} INFO - [0m08:27:36  36 of 66 OK created sql table model analytics.average_zipcode_data ............. [[32mSUCCESS 1[0m in 1.92s]
[2025-05-01T08:27:36.249+0000] {subprocess.py:93} INFO - [0m08:27:36  37 of 66 START sql table model analytics.filtered_zipcode_data ................. [RUN]
[2025-05-01T08:27:37.602+0000] {subprocess.py:93} INFO - [0m08:27:37  37 of 66 OK created sql table model analytics.filtered_zipcode_data ............ [[32mSUCCESS 1[0m in 1.35s]
[2025-05-01T08:27:37.605+0000] {subprocess.py:93} INFO - [0m08:27:37  38 of 66 START snapshot snapshots.snapshot_zipcode_weather ..................... [RUN]
[2025-05-01T08:27:42.972+0000] {subprocess.py:93} INFO - [0m08:27:42  38 of 66 OK snapshotted snapshots.snapshot_zipcode_weather ..................... [[32mSUCCESS 0[0m in 5.36s]
[2025-05-01T08:27:42.977+0000] {subprocess.py:93} INFO - [0m08:27:42  39 of 66 START test dbt_expectations_expect_column_values_to_be_between_average_sj_weather_AVERAGE_HUMIDITY__0  [RUN]
[2025-05-01T08:27:43.815+0000] {subprocess.py:93} INFO - [0m08:27:43  39 of 66 PASS dbt_expectations_expect_column_values_to_be_between_average_sj_weather_AVERAGE_HUMIDITY__0  [[32mPASS[0m in 0.84s]
[2025-05-01T08:27:43.819+0000] {subprocess.py:93} INFO - [0m08:27:43  40 of 66 START test dbt_expectations_expect_column_values_to_be_between_average_sj_weather_AVERAGE_PRECIP_IN__0  [RUN]
[2025-05-01T08:27:45.158+0000] {subprocess.py:93} INFO - [0m08:27:45  40 of 66 PASS dbt_expectations_expect_column_values_to_be_between_average_sj_weather_AVERAGE_PRECIP_IN__0  [[32mPASS[0m in 1.34s]
[2025-05-01T08:27:45.160+0000] {subprocess.py:93} INFO - [0m08:27:45  41 of 66 START test dbt_expectations_expect_column_values_to_be_between_average_sj_weather_AVERAGE_UV__0  [RUN]
[2025-05-01T08:27:46.603+0000] {subprocess.py:93} INFO - [0m08:27:46  41 of 66 PASS dbt_expectations_expect_column_values_to_be_between_average_sj_weather_AVERAGE_UV__0  [[32mPASS[0m in 1.44s]
[2025-05-01T08:27:46.605+0000] {subprocess.py:93} INFO - [0m08:27:46  42 of 66 START test dbt_expectations_expect_column_values_to_be_between_average_sj_weather_AVERAGE_WIND_MPH__0  [RUN]
[2025-05-01T08:27:48.087+0000] {subprocess.py:93} INFO - [0m08:27:48  42 of 66 PASS dbt_expectations_expect_column_values_to_be_between_average_sj_weather_AVERAGE_WIND_MPH__0  [[32mPASS[0m in 1.48s]
[2025-05-01T08:27:48.090+0000] {subprocess.py:93} INFO - [0m08:27:48  43 of 66 START test not_null_average_sj_weather_AVERAGE_HUMIDITY ............... [RUN]
[2025-05-01T08:27:49.174+0000] {subprocess.py:93} INFO - [0m08:27:49  43 of 66 PASS not_null_average_sj_weather_AVERAGE_HUMIDITY ..................... [[32mPASS[0m in 1.08s]
[2025-05-01T08:27:49.176+0000] {subprocess.py:93} INFO - [0m08:27:49  44 of 66 START test not_null_average_sj_weather_AVERAGE_PRECIP_IN .............. [RUN]
[2025-05-01T08:27:49.927+0000] {subprocess.py:93} INFO - [0m08:27:49  44 of 66 PASS not_null_average_sj_weather_AVERAGE_PRECIP_IN .................... [[32mPASS[0m in 0.75s]
[2025-05-01T08:27:49.931+0000] {subprocess.py:93} INFO - [0m08:27:49  45 of 66 START test not_null_average_sj_weather_AVERAGE_TEMP ................... [RUN]
[2025-05-01T08:27:51.186+0000] {subprocess.py:93} INFO - [0m08:27:51  45 of 66 PASS not_null_average_sj_weather_AVERAGE_TEMP ......................... [[32mPASS[0m in 1.25s]
[2025-05-01T08:27:51.189+0000] {subprocess.py:93} INFO - [0m08:27:51  46 of 66 START test not_null_average_sj_weather_AVERAGE_UV ..................... [RUN]
[2025-05-01T08:27:51.941+0000] {subprocess.py:93} INFO - [0m08:27:51  46 of 66 PASS not_null_average_sj_weather_AVERAGE_UV ........................... [[32mPASS[0m in 0.75s]
[2025-05-01T08:27:51.942+0000] {subprocess.py:93} INFO - [0m08:27:51  47 of 66 START test not_null_average_sj_weather_AVERAGE_WIND_MPH ............... [RUN]
[2025-05-01T08:27:53.260+0000] {subprocess.py:93} INFO - [0m08:27:53  47 of 66 PASS not_null_average_sj_weather_AVERAGE_WIND_MPH ..................... [[32mPASS[0m in 1.32s]
[2025-05-01T08:27:53.265+0000] {subprocess.py:93} INFO - [0m08:27:53  48 of 66 START test accepted_values_average_zipcode_data_REGION__Southern_California__Central_California__Northern_California  [RUN]
[2025-05-01T08:27:54.313+0000] {subprocess.py:93} INFO - [0m08:27:54  48 of 66 PASS accepted_values_average_zipcode_data_REGION__Southern_California__Central_California__Northern_California  [[32mPASS[0m in 1.05s]
[2025-05-01T08:27:54.316+0000] {subprocess.py:93} INFO - [0m08:27:54  49 of 66 START test dbt_expectations_expect_column_values_to_be_between_average_zipcode_data_AVERAGE_CLOUDINESS__0  [RUN]
[2025-05-01T08:27:55.411+0000] {subprocess.py:93} INFO - [0m08:27:55  49 of 66 PASS dbt_expectations_expect_column_values_to_be_between_average_zipcode_data_AVERAGE_CLOUDINESS__0  [[32mPASS[0m in 1.09s]
[2025-05-01T08:27:55.414+0000] {subprocess.py:93} INFO - [0m08:27:55  50 of 66 START test dbt_expectations_expect_column_values_to_be_between_average_zipcode_data_AVERAGE_GUST_SPEED_KPH__0  [RUN]
[2025-05-01T08:27:56.420+0000] {subprocess.py:93} INFO - [0m08:27:56  50 of 66 PASS dbt_expectations_expect_column_values_to_be_between_average_zipcode_data_AVERAGE_GUST_SPEED_KPH__0  [[32mPASS[0m in 1.00s]
[2025-05-01T08:27:56.422+0000] {subprocess.py:93} INFO - [0m08:27:56  51 of 66 START test dbt_expectations_expect_column_values_to_be_between_average_zipcode_data_AVERAGE_HUMIDITY__0  [RUN]
[2025-05-01T08:27:57.554+0000] {subprocess.py:93} INFO - [0m08:27:57  51 of 66 PASS dbt_expectations_expect_column_values_to_be_between_average_zipcode_data_AVERAGE_HUMIDITY__0  [[32mPASS[0m in 1.13s]
[2025-05-01T08:27:57.557+0000] {subprocess.py:93} INFO - [0m08:27:57  52 of 66 START test dbt_expectations_expect_column_values_to_be_between_average_zipcode_data_AVERAGE_UV__0  [RUN]
[2025-05-01T08:27:58.362+0000] {subprocess.py:93} INFO - [0m08:27:58  52 of 66 PASS dbt_expectations_expect_column_values_to_be_between_average_zipcode_data_AVERAGE_UV__0  [[32mPASS[0m in 0.80s]
[2025-05-01T08:27:58.365+0000] {subprocess.py:93} INFO - [0m08:27:58  53 of 66 START test dbt_expectations_expect_column_values_to_be_between_average_zipcode_data_AVERAGE_WIND_SPEED_MPH__0  [RUN]
[2025-05-01T08:28:00.169+0000] {subprocess.py:93} INFO - [0m08:28:00  53 of 66 PASS dbt_expectations_expect_column_values_to_be_between_average_zipcode_data_AVERAGE_WIND_SPEED_MPH__0  [[32mPASS[0m in 1.80s]
[2025-05-01T08:28:00.173+0000] {subprocess.py:93} INFO - [0m08:28:00  54 of 66 START test dbt_expectations_expect_column_values_to_be_between_average_zipcode_data_TOTAL_RAINFALL_INCHES__0  [RUN]
[2025-05-01T08:28:00.909+0000] {subprocess.py:93} INFO - [0m08:28:00  54 of 66 PASS dbt_expectations_expect_column_values_to_be_between_average_zipcode_data_TOTAL_RAINFALL_INCHES__0  [[32mPASS[0m in 0.73s]
[2025-05-01T08:28:00.914+0000] {subprocess.py:93} INFO - [0m08:28:00  55 of 66 START test not_null_average_zipcode_data_AVERAGE_CLOUDINESS ........... [RUN]
[2025-05-01T08:28:01.942+0000] {subprocess.py:93} INFO - [0m08:28:01  55 of 66 PASS not_null_average_zipcode_data_AVERAGE_CLOUDINESS ................. [[32mPASS[0m in 1.03s]
[2025-05-01T08:28:01.944+0000] {subprocess.py:93} INFO - [0m08:28:01  56 of 66 START test not_null_average_zipcode_data_AVERAGE_GUST_SPEED_KPH ....... [RUN]
[2025-05-01T08:28:02.709+0000] {subprocess.py:93} INFO - [0m08:28:02  56 of 66 PASS not_null_average_zipcode_data_AVERAGE_GUST_SPEED_KPH ............. [[32mPASS[0m in 0.76s]
[2025-05-01T08:28:02.712+0000] {subprocess.py:93} INFO - [0m08:28:02  57 of 66 START test not_null_average_zipcode_data_AVERAGE_HUMIDITY ............. [RUN]
[2025-05-01T08:28:04.302+0000] {subprocess.py:93} INFO - [0m08:28:04  57 of 66 PASS not_null_average_zipcode_data_AVERAGE_HUMIDITY ................... [[32mPASS[0m in 1.59s]
[2025-05-01T08:28:04.305+0000] {subprocess.py:93} INFO - [0m08:28:04  58 of 66 START test not_null_average_zipcode_data_AVERAGE_TEMPERATURE .......... [RUN]
[2025-05-01T08:28:05.336+0000] {subprocess.py:93} INFO - [0m08:28:05  58 of 66 PASS not_null_average_zipcode_data_AVERAGE_TEMPERATURE ................ [[32mPASS[0m in 1.03s]
[2025-05-01T08:28:05.339+0000] {subprocess.py:93} INFO - [0m08:28:05  59 of 66 START test not_null_average_zipcode_data_AVERAGE_UV ................... [RUN]
[2025-05-01T08:28:06.835+0000] {subprocess.py:93} INFO - [0m08:28:06  59 of 66 PASS not_null_average_zipcode_data_AVERAGE_UV ......................... [[32mPASS[0m in 1.49s]
[2025-05-01T08:28:06.839+0000] {subprocess.py:93} INFO - [0m08:28:06  60 of 66 START test not_null_average_zipcode_data_AVERAGE_WIND_SPEED_MPH ....... [RUN]
[2025-05-01T08:28:08.279+0000] {subprocess.py:93} INFO - [0m08:28:08  60 of 66 PASS not_null_average_zipcode_data_AVERAGE_WIND_SPEED_MPH ............. [[32mPASS[0m in 1.43s]
[2025-05-01T08:28:08.288+0000] {subprocess.py:93} INFO - [0m08:28:08  61 of 66 START test not_null_average_zipcode_data_EARLIEST_RECORD_DATE ......... [RUN]
[2025-05-01T08:28:09.251+0000] {subprocess.py:93} INFO - [0m08:28:09  61 of 66 PASS not_null_average_zipcode_data_EARLIEST_RECORD_DATE ............... [[32mPASS[0m in 0.96s]
[2025-05-01T08:28:09.253+0000] {subprocess.py:93} INFO - [0m08:28:09  62 of 66 START test not_null_average_zipcode_data_LATEST_RECORD_DATE ........... [RUN]
[2025-05-01T08:28:10.056+0000] {subprocess.py:93} INFO - [0m08:28:10  62 of 66 PASS not_null_average_zipcode_data_LATEST_RECORD_DATE ................. [[32mPASS[0m in 0.80s]
[2025-05-01T08:28:10.060+0000] {subprocess.py:93} INFO - [0m08:28:10  63 of 66 START test not_null_average_zipcode_data_REGION ....................... [RUN]
[2025-05-01T08:28:11.048+0000] {subprocess.py:93} INFO - [0m08:28:11  63 of 66 PASS not_null_average_zipcode_data_REGION ............................. [[32mPASS[0m in 0.98s]
[2025-05-01T08:28:11.051+0000] {subprocess.py:93} INFO - [0m08:28:11  64 of 66 START test not_null_average_zipcode_data_TOTAL_RAINFALL_INCHES ........ [RUN]
[2025-05-01T08:28:12.508+0000] {subprocess.py:93} INFO - [0m08:28:12  64 of 66 PASS not_null_average_zipcode_data_TOTAL_RAINFALL_INCHES .............. [[32mPASS[0m in 1.44s]
[2025-05-01T08:28:12.522+0000] {subprocess.py:93} INFO - [0m08:28:12  65 of 66 START test accepted_values_filtered_zipcode_data_REGION__Southern_California__Central_California__Northern_California  [RUN]
[2025-05-01T08:28:13.350+0000] {subprocess.py:93} INFO - [0m08:28:13  65 of 66 PASS accepted_values_filtered_zipcode_data_REGION__Southern_California__Central_California__Northern_California  [[32mPASS[0m in 0.83s]
[2025-05-01T08:28:13.351+0000] {subprocess.py:93} INFO - [0m08:28:13  66 of 66 START test not_null_filtered_zipcode_data_REGION ...................... [RUN]
[2025-05-01T08:28:14.451+0000] {subprocess.py:93} INFO - [0m08:28:14  66 of 66 PASS not_null_filtered_zipcode_data_REGION ............................ [[32mPASS[0m in 1.10s]
[2025-05-01T08:28:14.459+0000] {subprocess.py:93} INFO - [0m08:28:14
[2025-05-01T08:28:14.460+0000] {subprocess.py:93} INFO - [0m08:28:14  Finished running 2 snapshots, 4 table models, 60 data tests in 0 hours 1 minutes and 31.47 seconds (91.47s).
[2025-05-01T08:28:14.532+0000] {subprocess.py:93} INFO - [0m08:28:14
[2025-05-01T08:28:14.532+0000] {subprocess.py:93} INFO - [0m08:28:14  [32mCompleted successfully[0m
[2025-05-01T08:28:14.533+0000] {subprocess.py:93} INFO - [0m08:28:14
[2025-05-01T08:28:14.533+0000] {subprocess.py:93} INFO - [0m08:28:14  Done. PASS=66 WARN=0 ERROR=0 SKIP=0 TOTAL=66
[2025-05-01T08:28:15.418+0000] {subprocess.py:97} INFO - Command exited with return code 0
[2025-05-01T08:28:15.456+0000] {taskinstance.py:340} INFO - ::group::Post task execution logs
[2025-05-01T08:28:15.458+0000] {taskinstance.py:352} INFO - Marking task as SUCCESS. dag_id=BuildELT_dbt, task_id=dbt_build, run_id=scheduled__2025-04-30T00:30:00+00:00, execution_date=20250430T003000, start_date=20250501T082641, end_date=20250501T082815
[2025-05-01T08:28:15.479+0000] {local_task_job_runner.py:266} INFO - Task exited with return code 0
[2025-05-01T08:28:15.495+0000] {taskinstance.py:3900} INFO - 0 downstream tasks scheduled from follow-on schedule check
[2025-05-01T08:28:15.496+0000] {local_task_job_runner.py:245} INFO - ::endgroup::
