[2025-05-01T08:30:00.331+0000] {local_task_job_runner.py:123} INFO - ::group::Pre task execution logs
[2025-05-01T08:30:00.341+0000] {taskinstance.py:2612} INFO - Dependencies all met for dep_context=non-requeueable deps ti=<TaskInstance: BuildELT_dbt.dbt_build scheduled__2025-05-01T07:30:00+00:00 [queued]>
[2025-05-01T08:30:00.344+0000] {taskinstance.py:2612} INFO - Dependencies all met for dep_context=requeueable deps ti=<TaskInstance: BuildELT_dbt.dbt_build scheduled__2025-05-01T07:30:00+00:00 [queued]>
[2025-05-01T08:30:00.344+0000] {taskinstance.py:2865} INFO - Starting attempt 1 of 1
[2025-05-01T08:30:00.349+0000] {taskinstance.py:2888} INFO - Executing <Task(BashOperator): dbt_build> on 2025-05-01 07:30:00+00:00
[2025-05-01T08:30:00.354+0000] {logging_mixin.py:190} WARNING - /home/***/.local/lib/python3.12/site-packages/***/task/task_runner/standard_task_runner.py:70 DeprecationWarning: This process (pid=5278) is multi-threaded, use of fork() may lead to deadlocks in the child.
[2025-05-01T08:30:00.355+0000] {standard_task_runner.py:72} INFO - Started process 5279 to run task
[2025-05-01T08:30:00.354+0000] {standard_task_runner.py:104} INFO - Running: ['***', 'tasks', 'run', 'BuildELT_dbt', 'dbt_build', 'scheduled__2025-05-01T07:30:00+00:00', '--job-id', '142', '--raw', '--subdir', 'DAGS_FOLDER/elt_with_dbt.py', '--cfg-path', '/tmp/tmpmo3j8eth']
[2025-05-01T08:30:00.356+0000] {standard_task_runner.py:105} INFO - Job 142: Subtask dbt_build
[2025-05-01T08:30:00.389+0000] {task_command.py:467} INFO - Running <TaskInstance: BuildELT_dbt.dbt_build scheduled__2025-05-01T07:30:00+00:00 [running]> on host 50fb0a9bb8ff
[2025-05-01T08:30:00.428+0000] {taskinstance.py:3131} INFO - Exporting env vars: AIRFLOW_CTX_DAG_OWNER='***' AIRFLOW_CTX_DAG_ID='BuildELT_dbt' AIRFLOW_CTX_TASK_ID='dbt_build' AIRFLOW_CTX_EXECUTION_DATE='2025-05-01T07:30:00+00:00' AIRFLOW_CTX_TRY_NUMBER='1' AIRFLOW_CTX_DAG_RUN_ID='scheduled__2025-05-01T07:30:00+00:00'
[2025-05-01T08:30:00.428+0000] {taskinstance.py:731} INFO - ::endgroup::
[2025-05-01T08:30:00.438+0000] {subprocess.py:63} INFO - Tmp dir root location: /tmp
[2025-05-01T08:30:00.438+0000] {subprocess.py:75} INFO - Running command: ['/usr/bin/bash', '-c', '/home/***/.local/bin/dbt build --profiles-dir /opt/***/project_dbt --project-dir /opt/***/project_dbt']
[2025-05-01T08:30:00.443+0000] {subprocess.py:86} INFO - Output:
[2025-05-01T08:30:01.396+0000] {subprocess.py:93} INFO - [0m08:30:01  Running with dbt=1.9.0-b4
[2025-05-01T08:30:01.899+0000] {subprocess.py:93} INFO - [0m08:30:01  Registered adapter: snowflake=1.8.0
[2025-05-01T08:30:02.152+0000] {subprocess.py:93} INFO - [0m08:30:02  Found 6 models, 60 data tests, 2 snapshots, 2 sources, 725 macros
[2025-05-01T08:30:02.155+0000] {subprocess.py:93} INFO - [0m08:30:02
[2025-05-01T08:30:02.155+0000] {subprocess.py:93} INFO - [0m08:30:02  Concurrency: 1 threads (target='dev')
[2025-05-01T08:30:02.155+0000] {subprocess.py:93} INFO - [0m08:30:02
[2025-05-01T08:30:08.641+0000] {subprocess.py:93} INFO - [0m08:30:08  1 of 66 START test dbt_expectations_expect_column_values_to_be_between_raw_sj_weather_data_CLOUDINESS__100__0  [RUN]
[2025-05-01T08:30:10.454+0000] {subprocess.py:93} INFO - [0m08:30:10  1 of 66 PASS dbt_expectations_expect_column_values_to_be_between_raw_sj_weather_data_CLOUDINESS__100__0  [[32mPASS[0m in 1.79s]
[2025-05-01T08:30:10.470+0000] {subprocess.py:93} INFO - [0m08:30:10  2 of 66 START test dbt_expectations_expect_column_values_to_be_between_raw_sj_weather_data_HUMIDITY__0  [RUN]
[2025-05-01T08:30:11.383+0000] {subprocess.py:93} INFO - [0m08:30:11  2 of 66 PASS dbt_expectations_expect_column_values_to_be_between_raw_sj_weather_data_HUMIDITY__0  [[32mPASS[0m in 0.92s]
[2025-05-01T08:30:11.386+0000] {subprocess.py:93} INFO - [0m08:30:11  3 of 66 START test dbt_expectations_expect_column_values_to_be_between_raw_sj_weather_data_PRECIP_IN__0  [RUN]
[2025-05-01T08:30:12.170+0000] {subprocess.py:93} INFO - [0m08:30:12  3 of 66 PASS dbt_expectations_expect_column_values_to_be_between_raw_sj_weather_data_PRECIP_IN__0  [[32mPASS[0m in 0.78s]
[2025-05-01T08:30:12.173+0000] {subprocess.py:93} INFO - [0m08:30:12  4 of 66 START test dbt_expectations_expect_column_values_to_be_between_raw_sj_weather_data_UV__0  [RUN]
[2025-05-01T08:30:13.088+0000] {subprocess.py:93} INFO - [0m08:30:13  4 of 66 PASS dbt_expectations_expect_column_values_to_be_between_raw_sj_weather_data_UV__0  [[32mPASS[0m in 0.91s]
[2025-05-01T08:30:13.092+0000] {subprocess.py:93} INFO - [0m08:30:13  5 of 66 START test dbt_expectations_expect_column_values_to_be_between_raw_sj_weather_data_WIND_MPH__0  [RUN]
[2025-05-01T08:30:13.777+0000] {subprocess.py:93} INFO - [0m08:30:13  5 of 66 PASS dbt_expectations_expect_column_values_to_be_between_raw_sj_weather_data_WIND_MPH__0  [[32mPASS[0m in 0.68s]
[2025-05-01T08:30:13.781+0000] {subprocess.py:93} INFO - [0m08:30:13  6 of 66 START test not_null_raw_sj_weather_data_CLOUDINESS ..................... [RUN]
[2025-05-01T08:30:14.544+0000] {subprocess.py:93} INFO - [0m08:30:14  6 of 66 PASS not_null_raw_sj_weather_data_CLOUDINESS ........................... [[32mPASS[0m in 0.76s]
[2025-05-01T08:30:14.546+0000] {subprocess.py:93} INFO - [0m08:30:14  7 of 66 START test not_null_raw_sj_weather_data_HUMIDITY ....................... [RUN]
[2025-05-01T08:30:15.371+0000] {subprocess.py:93} INFO - [0m08:30:15  7 of 66 PASS not_null_raw_sj_weather_data_HUMIDITY ............................. [[32mPASS[0m in 0.82s]
[2025-05-01T08:30:15.374+0000] {subprocess.py:93} INFO - [0m08:30:15  8 of 66 START test not_null_raw_sj_weather_data_PRECIP_IN ...................... [RUN]
[2025-05-01T08:30:16.320+0000] {subprocess.py:93} INFO - [0m08:30:16  8 of 66 PASS not_null_raw_sj_weather_data_PRECIP_IN ............................ [[32mPASS[0m in 0.94s]
[2025-05-01T08:30:16.323+0000] {subprocess.py:93} INFO - [0m08:30:16  9 of 66 START test not_null_raw_sj_weather_data_TEMP_F ......................... [RUN]
[2025-05-01T08:30:17.365+0000] {subprocess.py:93} INFO - [0m08:30:17  9 of 66 PASS not_null_raw_sj_weather_data_TEMP_F ............................... [[32mPASS[0m in 1.04s]
[2025-05-01T08:30:17.369+0000] {subprocess.py:93} INFO - [0m08:30:17  10 of 66 START test not_null_raw_sj_weather_data_UV ............................ [RUN]
[2025-05-01T08:30:18.278+0000] {subprocess.py:93} INFO - [0m08:30:18  10 of 66 PASS not_null_raw_sj_weather_data_UV .................................. [[32mPASS[0m in 0.91s]
[2025-05-01T08:30:18.280+0000] {subprocess.py:93} INFO - [0m08:30:18  11 of 66 START test not_null_raw_sj_weather_data_WIND_MPH ...................... [RUN]
[2025-05-01T08:30:19.228+0000] {subprocess.py:93} INFO - [0m08:30:19  11 of 66 PASS not_null_raw_sj_weather_data_WIND_MPH ............................ [[32mPASS[0m in 0.94s]
[2025-05-01T08:30:19.232+0000] {subprocess.py:93} INFO - [0m08:30:19  12 of 66 START test not_null_raw_sj_weather_data__localtime_ ................... [RUN]
[2025-05-01T08:30:19.998+0000] {subprocess.py:93} INFO - [0m08:30:19  12 of 66 PASS not_null_raw_sj_weather_data__localtime_ ......................... [[32mPASS[0m in 0.76s]
[2025-05-01T08:30:20.002+0000] {subprocess.py:93} INFO - [0m08:30:20  13 of 66 START test unique_raw_sj_weather_data__localtime_ ..................... [RUN]
[2025-05-01T08:30:21.975+0000] {subprocess.py:93} INFO - [0m08:30:21  13 of 66 PASS unique_raw_sj_weather_data__localtime_ ........................... [[32mPASS[0m in 1.97s]
[2025-05-01T08:30:21.978+0000] {subprocess.py:93} INFO - [0m08:30:21  14 of 66 START test dbt_expectations_expect_column_values_to_be_between_raw_zipcode_weather_data_CLOUDINESS__100__0  [RUN]
[2025-05-01T08:30:23.011+0000] {subprocess.py:93} INFO - [0m08:30:23  14 of 66 PASS dbt_expectations_expect_column_values_to_be_between_raw_zipcode_weather_data_CLOUDINESS__100__0  [[32mPASS[0m in 1.03s]
[2025-05-01T08:30:23.012+0000] {subprocess.py:93} INFO - [0m08:30:23  15 of 66 START test dbt_expectations_expect_column_values_to_be_between_raw_zipcode_weather_data_GUST_KPH__0  [RUN]
[2025-05-01T08:30:23.916+0000] {subprocess.py:93} INFO - [0m08:30:23  15 of 66 PASS dbt_expectations_expect_column_values_to_be_between_raw_zipcode_weather_data_GUST_KPH__0  [[32mPASS[0m in 0.90s]
[2025-05-01T08:30:23.919+0000] {subprocess.py:93} INFO - [0m08:30:23  16 of 66 START test dbt_expectations_expect_column_values_to_be_between_raw_zipcode_weather_data_HUMIDITY__0  [RUN]
[2025-05-01T08:30:26.031+0000] {subprocess.py:93} INFO - [0m08:30:26  16 of 66 PASS dbt_expectations_expect_column_values_to_be_between_raw_zipcode_weather_data_HUMIDITY__0  [[32mPASS[0m in 2.11s]
[2025-05-01T08:30:26.034+0000] {subprocess.py:93} INFO - [0m08:30:26  17 of 66 START test dbt_expectations_expect_column_values_to_be_between_raw_zipcode_weather_data_PRECIP_IN__0  [RUN]
[2025-05-01T08:30:26.816+0000] {subprocess.py:93} INFO - [0m08:30:26  17 of 66 PASS dbt_expectations_expect_column_values_to_be_between_raw_zipcode_weather_data_PRECIP_IN__0  [[32mPASS[0m in 0.78s]
[2025-05-01T08:30:26.820+0000] {subprocess.py:93} INFO - [0m08:30:26  18 of 66 START test dbt_expectations_expect_column_values_to_be_between_raw_zipcode_weather_data_UV__0  [RUN]
[2025-05-01T08:30:28.162+0000] {subprocess.py:93} INFO - [0m08:30:28  18 of 66 PASS dbt_expectations_expect_column_values_to_be_between_raw_zipcode_weather_data_UV__0  [[32mPASS[0m in 1.34s]
[2025-05-01T08:30:28.165+0000] {subprocess.py:93} INFO - [0m08:30:28  19 of 66 START test dbt_expectations_expect_column_values_to_be_between_raw_zipcode_weather_data_WIND_MPH__0  [RUN]
[2025-05-01T08:30:28.942+0000] {subprocess.py:93} INFO - [0m08:30:28  19 of 66 PASS dbt_expectations_expect_column_values_to_be_between_raw_zipcode_weather_data_WIND_MPH__0  [[32mPASS[0m in 0.78s]
[2025-05-01T08:30:28.945+0000] {subprocess.py:93} INFO - [0m08:30:28  20 of 66 START test not_null_raw_zipcode_weather_data_CLOUDINESS ............... [RUN]
[2025-05-01T08:30:30.567+0000] {subprocess.py:93} INFO - [0m08:30:30  20 of 66 PASS not_null_raw_zipcode_weather_data_CLOUDINESS ..................... [[32mPASS[0m in 1.62s]
[2025-05-01T08:30:30.569+0000] {subprocess.py:93} INFO - [0m08:30:30  21 of 66 START test not_null_raw_zipcode_weather_data_CONDITION ................ [RUN]
[2025-05-01T08:30:31.792+0000] {subprocess.py:93} INFO - [0m08:30:31  21 of 66 PASS not_null_raw_zipcode_weather_data_CONDITION ...................... [[32mPASS[0m in 1.22s]
[2025-05-01T08:30:31.795+0000] {subprocess.py:93} INFO - [0m08:30:31  22 of 66 START test not_null_raw_zipcode_weather_data_GUST_KPH ................. [RUN]
[2025-05-01T08:30:32.732+0000] {subprocess.py:93} INFO - [0m08:30:32  22 of 66 PASS not_null_raw_zipcode_weather_data_GUST_KPH ....................... [[32mPASS[0m in 0.94s]
[2025-05-01T08:30:32.735+0000] {subprocess.py:93} INFO - [0m08:30:32  23 of 66 START test not_null_raw_zipcode_weather_data_HUMIDITY ................. [RUN]
[2025-05-01T08:30:33.527+0000] {subprocess.py:93} INFO - [0m08:30:33  23 of 66 PASS not_null_raw_zipcode_weather_data_HUMIDITY ....................... [[32mPASS[0m in 0.79s]
[2025-05-01T08:30:33.530+0000] {subprocess.py:93} INFO - [0m08:30:33  24 of 66 START test not_null_raw_zipcode_weather_data_LAT ...................... [RUN]
[2025-05-01T08:30:34.362+0000] {subprocess.py:93} INFO - [0m08:30:34  24 of 66 PASS not_null_raw_zipcode_weather_data_LAT ............................ [[32mPASS[0m in 0.83s]
[2025-05-01T08:30:34.364+0000] {subprocess.py:93} INFO - [0m08:30:34  25 of 66 START test not_null_raw_zipcode_weather_data_LOCATION_NAME ............ [RUN]
[2025-05-01T08:30:35.086+0000] {subprocess.py:93} INFO - [0m08:30:35  25 of 66 PASS not_null_raw_zipcode_weather_data_LOCATION_NAME .................. [[32mPASS[0m in 0.72s]
[2025-05-01T08:30:35.088+0000] {subprocess.py:93} INFO - [0m08:30:35  26 of 66 START test not_null_raw_zipcode_weather_data_LON ...................... [RUN]
[2025-05-01T08:30:35.825+0000] {subprocess.py:93} INFO - [0m08:30:35  26 of 66 PASS not_null_raw_zipcode_weather_data_LON ............................ [[32mPASS[0m in 0.74s]
[2025-05-01T08:30:35.826+0000] {subprocess.py:93} INFO - [0m08:30:35  27 of 66 START test not_null_raw_zipcode_weather_data_PRECIP_IN ................ [RUN]
[2025-05-01T08:30:36.633+0000] {subprocess.py:93} INFO - [0m08:30:36  27 of 66 PASS not_null_raw_zipcode_weather_data_PRECIP_IN ...................... [[32mPASS[0m in 0.81s]
[2025-05-01T08:30:36.634+0000] {subprocess.py:93} INFO - [0m08:30:36  28 of 66 START test not_null_raw_zipcode_weather_data_TEMP_F ................... [RUN]
[2025-05-01T08:30:37.785+0000] {subprocess.py:93} INFO - [0m08:30:37  28 of 66 PASS not_null_raw_zipcode_weather_data_TEMP_F ......................... [[32mPASS[0m in 1.15s]
[2025-05-01T08:30:37.789+0000] {subprocess.py:93} INFO - [0m08:30:37  29 of 66 START test not_null_raw_zipcode_weather_data_UV ....................... [RUN]
[2025-05-01T08:30:38.490+0000] {subprocess.py:93} INFO - [0m08:30:38  29 of 66 PASS not_null_raw_zipcode_weather_data_UV ............................. [[32mPASS[0m in 0.70s]
[2025-05-01T08:30:38.494+0000] {subprocess.py:93} INFO - [0m08:30:38  30 of 66 START test not_null_raw_zipcode_weather_data_WIND_DIR ................. [RUN]
[2025-05-01T08:30:39.847+0000] {subprocess.py:93} INFO - [0m08:30:39  30 of 66 PASS not_null_raw_zipcode_weather_data_WIND_DIR ....................... [[32mPASS[0m in 1.35s]
[2025-05-01T08:30:39.850+0000] {subprocess.py:93} INFO - [0m08:30:39  31 of 66 START test not_null_raw_zipcode_weather_data_WIND_MPH ................. [RUN]
[2025-05-01T08:30:40.614+0000] {subprocess.py:93} INFO - [0m08:30:40  31 of 66 PASS not_null_raw_zipcode_weather_data_WIND_MPH ....................... [[32mPASS[0m in 0.76s]
[2025-05-01T08:30:40.616+0000] {subprocess.py:93} INFO - [0m08:30:40  32 of 66 START test not_null_raw_zipcode_weather_data_localtime ................ [RUN]
[2025-05-01T08:30:42.372+0000] {subprocess.py:93} INFO - [0m08:30:42  32 of 66 PASS not_null_raw_zipcode_weather_data_localtime ...................... [[32mPASS[0m in 1.75s]
[2025-05-01T08:30:42.377+0000] {subprocess.py:93} INFO - [0m08:30:42  33 of 66 START sql table model analytics.average_sj_weather .................... [RUN]
[2025-05-01T08:30:44.619+0000] {subprocess.py:93} INFO - [0m08:30:44  33 of 66 OK created sql table model analytics.average_sj_weather ............... [[32mSUCCESS 1[0m in 2.23s]
[2025-05-01T08:30:44.624+0000] {subprocess.py:93} INFO - [0m08:30:44  34 of 66 START sql table model analytics.filtered_sj_weather ................... [RUN]
[2025-05-01T08:30:46.237+0000] {subprocess.py:93} INFO - [0m08:30:46  34 of 66 OK created sql table model analytics.filtered_sj_weather .............. [[32mSUCCESS 1[0m in 1.60s]
[2025-05-01T08:30:46.241+0000] {subprocess.py:93} INFO - [0m08:30:46  35 of 66 START snapshot "snapshots".snapshot_sj_weather ........................ [RUN]
[2025-05-01T08:30:48.591+0000] {subprocess.py:93} INFO - [0m08:30:48  35 of 66 OK snapshotted "snapshots".snapshot_sj_weather ........................ [[32mSUCCESS 1[0m in 2.35s]
[2025-05-01T08:30:48.600+0000] {subprocess.py:93} INFO - [0m08:30:48  36 of 66 START sql table model analytics.average_zipcode_data .................. [RUN]
[2025-05-01T08:30:50.261+0000] {subprocess.py:93} INFO - [0m08:30:50  36 of 66 OK created sql table model analytics.average_zipcode_data ............. [[32mSUCCESS 1[0m in 1.66s]
[2025-05-01T08:30:50.267+0000] {subprocess.py:93} INFO - [0m08:30:50  37 of 66 START sql table model analytics.filtered_zipcode_data ................. [RUN]
[2025-05-01T08:30:51.923+0000] {subprocess.py:93} INFO - [0m08:30:51  37 of 66 OK created sql table model analytics.filtered_zipcode_data ............ [[32mSUCCESS 1[0m in 1.65s]
[2025-05-01T08:30:51.929+0000] {subprocess.py:93} INFO - [0m08:30:51  38 of 66 START snapshot snapshots.snapshot_zipcode_weather ..................... [RUN]
[2025-05-01T08:30:57.935+0000] {subprocess.py:93} INFO - [0m08:30:57  38 of 66 OK snapshotted snapshots.snapshot_zipcode_weather ..................... [[32mSUCCESS 0[0m in 5.99s]
[2025-05-01T08:30:57.941+0000] {subprocess.py:93} INFO - [0m08:30:57  39 of 66 START test dbt_expectations_expect_column_values_to_be_between_average_sj_weather_AVERAGE_HUMIDITY__0  [RUN]
[2025-05-01T08:30:58.946+0000] {subprocess.py:93} INFO - [0m08:30:58  39 of 66 PASS dbt_expectations_expect_column_values_to_be_between_average_sj_weather_AVERAGE_HUMIDITY__0  [[32mPASS[0m in 1.00s]
[2025-05-01T08:30:58.950+0000] {subprocess.py:93} INFO - [0m08:30:58  40 of 66 START test dbt_expectations_expect_column_values_to_be_between_average_sj_weather_AVERAGE_PRECIP_IN__0  [RUN]
[2025-05-01T08:31:00.039+0000] {subprocess.py:93} INFO - [0m08:31:00  40 of 66 PASS dbt_expectations_expect_column_values_to_be_between_average_sj_weather_AVERAGE_PRECIP_IN__0  [[32mPASS[0m in 1.09s]
[2025-05-01T08:31:00.043+0000] {subprocess.py:93} INFO - [0m08:31:00  41 of 66 START test dbt_expectations_expect_column_values_to_be_between_average_sj_weather_AVERAGE_UV__0  [RUN]
[2025-05-01T08:31:01.352+0000] {subprocess.py:93} INFO - [0m08:31:01  41 of 66 PASS dbt_expectations_expect_column_values_to_be_between_average_sj_weather_AVERAGE_UV__0  [[32mPASS[0m in 1.31s]
[2025-05-01T08:31:01.354+0000] {subprocess.py:93} INFO - [0m08:31:01  42 of 66 START test dbt_expectations_expect_column_values_to_be_between_average_sj_weather_AVERAGE_WIND_MPH__0  [RUN]
[2025-05-01T08:31:02.837+0000] {subprocess.py:93} INFO - [0m08:31:02  42 of 66 PASS dbt_expectations_expect_column_values_to_be_between_average_sj_weather_AVERAGE_WIND_MPH__0  [[32mPASS[0m in 1.48s]
[2025-05-01T08:31:02.838+0000] {subprocess.py:93} INFO - [0m08:31:02  43 of 66 START test not_null_average_sj_weather_AVERAGE_HUMIDITY ............... [RUN]
[2025-05-01T08:31:04.990+0000] {subprocess.py:93} INFO - [0m08:31:04  43 of 66 PASS not_null_average_sj_weather_AVERAGE_HUMIDITY ..................... [[32mPASS[0m in 2.15s]
[2025-05-01T08:31:04.995+0000] {subprocess.py:93} INFO - [0m08:31:04  44 of 66 START test not_null_average_sj_weather_AVERAGE_PRECIP_IN .............. [RUN]
[2025-05-01T08:31:05.949+0000] {subprocess.py:93} INFO - [0m08:31:05  44 of 66 PASS not_null_average_sj_weather_AVERAGE_PRECIP_IN .................... [[32mPASS[0m in 0.95s]
[2025-05-01T08:31:05.954+0000] {subprocess.py:93} INFO - [0m08:31:05  45 of 66 START test not_null_average_sj_weather_AVERAGE_TEMP ................... [RUN]
[2025-05-01T08:31:06.730+0000] {subprocess.py:93} INFO - [0m08:31:06  45 of 66 PASS not_null_average_sj_weather_AVERAGE_TEMP ......................... [[32mPASS[0m in 0.77s]
[2025-05-01T08:31:06.733+0000] {subprocess.py:93} INFO - [0m08:31:06  46 of 66 START test not_null_average_sj_weather_AVERAGE_UV ..................... [RUN]
[2025-05-01T08:31:08.063+0000] {subprocess.py:93} INFO - [0m08:31:08  46 of 66 PASS not_null_average_sj_weather_AVERAGE_UV ........................... [[32mPASS[0m in 1.33s]
[2025-05-01T08:31:08.066+0000] {subprocess.py:93} INFO - [0m08:31:08  47 of 66 START test not_null_average_sj_weather_AVERAGE_WIND_MPH ............... [RUN]
[2025-05-01T08:31:09.697+0000] {subprocess.py:93} INFO - [0m08:31:09  47 of 66 PASS not_null_average_sj_weather_AVERAGE_WIND_MPH ..................... [[32mPASS[0m in 1.63s]
[2025-05-01T08:31:09.698+0000] {subprocess.py:93} INFO - [0m08:31:09  48 of 66 START test accepted_values_average_zipcode_data_REGION__Southern_California__Central_California__Northern_California  [RUN]
[2025-05-01T08:31:10.768+0000] {subprocess.py:93} INFO - [0m08:31:10  48 of 66 PASS accepted_values_average_zipcode_data_REGION__Southern_California__Central_California__Northern_California  [[32mPASS[0m in 1.07s]
[2025-05-01T08:31:10.771+0000] {subprocess.py:93} INFO - [0m08:31:10  49 of 66 START test dbt_expectations_expect_column_values_to_be_between_average_zipcode_data_AVERAGE_CLOUDINESS__0  [RUN]
[2025-05-01T08:31:12.348+0000] {subprocess.py:93} INFO - [0m08:31:12  49 of 66 PASS dbt_expectations_expect_column_values_to_be_between_average_zipcode_data_AVERAGE_CLOUDINESS__0  [[32mPASS[0m in 1.58s]
[2025-05-01T08:31:12.352+0000] {subprocess.py:93} INFO - [0m08:31:12  50 of 66 START test dbt_expectations_expect_column_values_to_be_between_average_zipcode_data_AVERAGE_GUST_SPEED_KPH__0  [RUN]
[2025-05-01T08:31:13.377+0000] {subprocess.py:93} INFO - [0m08:31:13  50 of 66 PASS dbt_expectations_expect_column_values_to_be_between_average_zipcode_data_AVERAGE_GUST_SPEED_KPH__0  [[32mPASS[0m in 1.02s]
[2025-05-01T08:31:13.380+0000] {subprocess.py:93} INFO - [0m08:31:13  51 of 66 START test dbt_expectations_expect_column_values_to_be_between_average_zipcode_data_AVERAGE_HUMIDITY__0  [RUN]
[2025-05-01T08:31:14.129+0000] {subprocess.py:93} INFO - [0m08:31:14  51 of 66 PASS dbt_expectations_expect_column_values_to_be_between_average_zipcode_data_AVERAGE_HUMIDITY__0  [[32mPASS[0m in 0.75s]
[2025-05-01T08:31:14.133+0000] {subprocess.py:93} INFO - [0m08:31:14  52 of 66 START test dbt_expectations_expect_column_values_to_be_between_average_zipcode_data_AVERAGE_UV__0  [RUN]
[2025-05-01T08:31:14.890+0000] {subprocess.py:93} INFO - [0m08:31:14  52 of 66 PASS dbt_expectations_expect_column_values_to_be_between_average_zipcode_data_AVERAGE_UV__0  [[32mPASS[0m in 0.76s]
[2025-05-01T08:31:14.893+0000] {subprocess.py:93} INFO - [0m08:31:14  53 of 66 START test dbt_expectations_expect_column_values_to_be_between_average_zipcode_data_AVERAGE_WIND_SPEED_MPH__0  [RUN]
[2025-05-01T08:31:15.858+0000] {subprocess.py:93} INFO - [0m08:31:15  53 of 66 PASS dbt_expectations_expect_column_values_to_be_between_average_zipcode_data_AVERAGE_WIND_SPEED_MPH__0  [[32mPASS[0m in 0.96s]
[2025-05-01T08:31:15.861+0000] {subprocess.py:93} INFO - [0m08:31:15  54 of 66 START test dbt_expectations_expect_column_values_to_be_between_average_zipcode_data_TOTAL_RAINFALL_INCHES__0  [RUN]
[2025-05-01T08:31:17.334+0000] {subprocess.py:93} INFO - [0m08:31:17  54 of 66 PASS dbt_expectations_expect_column_values_to_be_between_average_zipcode_data_TOTAL_RAINFALL_INCHES__0  [[32mPASS[0m in 1.47s]
[2025-05-01T08:31:17.336+0000] {subprocess.py:93} INFO - [0m08:31:17  55 of 66 START test not_null_average_zipcode_data_AVERAGE_CLOUDINESS ........... [RUN]
[2025-05-01T08:31:19.001+0000] {subprocess.py:93} INFO - [0m08:31:19  55 of 66 PASS not_null_average_zipcode_data_AVERAGE_CLOUDINESS ................. [[32mPASS[0m in 1.66s]
[2025-05-01T08:31:19.005+0000] {subprocess.py:93} INFO - [0m08:31:19  56 of 66 START test not_null_average_zipcode_data_AVERAGE_GUST_SPEED_KPH ....... [RUN]
[2025-05-01T08:31:19.849+0000] {subprocess.py:93} INFO - [0m08:31:19  56 of 66 PASS not_null_average_zipcode_data_AVERAGE_GUST_SPEED_KPH ............. [[32mPASS[0m in 0.84s]
[2025-05-01T08:31:19.851+0000] {subprocess.py:93} INFO - [0m08:31:19  57 of 66 START test not_null_average_zipcode_data_AVERAGE_HUMIDITY ............. [RUN]
[2025-05-01T08:31:21.301+0000] {subprocess.py:93} INFO - [0m08:31:21  57 of 66 PASS not_null_average_zipcode_data_AVERAGE_HUMIDITY ................... [[32mPASS[0m in 1.45s]
[2025-05-01T08:31:21.305+0000] {subprocess.py:93} INFO - [0m08:31:21  58 of 66 START test not_null_average_zipcode_data_AVERAGE_TEMPERATURE .......... [RUN]
[2025-05-01T08:31:22.474+0000] {subprocess.py:93} INFO - [0m08:31:22  58 of 66 PASS not_null_average_zipcode_data_AVERAGE_TEMPERATURE ................ [[32mPASS[0m in 1.17s]
[2025-05-01T08:31:22.479+0000] {subprocess.py:93} INFO - [0m08:31:22  59 of 66 START test not_null_average_zipcode_data_AVERAGE_UV ................... [RUN]
[2025-05-01T08:31:23.626+0000] {subprocess.py:93} INFO - [0m08:31:23  59 of 66 PASS not_null_average_zipcode_data_AVERAGE_UV ......................... [[32mPASS[0m in 1.15s]
[2025-05-01T08:31:23.629+0000] {subprocess.py:93} INFO - [0m08:31:23  60 of 66 START test not_null_average_zipcode_data_AVERAGE_WIND_SPEED_MPH ....... [RUN]
[2025-05-01T08:31:24.530+0000] {subprocess.py:93} INFO - [0m08:31:24  60 of 66 PASS not_null_average_zipcode_data_AVERAGE_WIND_SPEED_MPH ............. [[32mPASS[0m in 0.90s]
[2025-05-01T08:31:24.533+0000] {subprocess.py:93} INFO - [0m08:31:24  61 of 66 START test not_null_average_zipcode_data_EARLIEST_RECORD_DATE ......... [RUN]
[2025-05-01T08:31:25.874+0000] {subprocess.py:93} INFO - [0m08:31:25  61 of 66 PASS not_null_average_zipcode_data_EARLIEST_RECORD_DATE ............... [[32mPASS[0m in 1.34s]
[2025-05-01T08:31:25.878+0000] {subprocess.py:93} INFO - [0m08:31:25  62 of 66 START test not_null_average_zipcode_data_LATEST_RECORD_DATE ........... [RUN]
[2025-05-01T08:31:26.765+0000] {subprocess.py:93} INFO - [0m08:31:26  62 of 66 PASS not_null_average_zipcode_data_LATEST_RECORD_DATE ................. [[32mPASS[0m in 0.89s]
[2025-05-01T08:31:26.768+0000] {subprocess.py:93} INFO - [0m08:31:26  63 of 66 START test not_null_average_zipcode_data_REGION ....................... [RUN]
[2025-05-01T08:31:27.721+0000] {subprocess.py:93} INFO - [0m08:31:27  63 of 66 PASS not_null_average_zipcode_data_REGION ............................. [[32mPASS[0m in 0.95s]
[2025-05-01T08:31:27.725+0000] {subprocess.py:93} INFO - [0m08:31:27  64 of 66 START test not_null_average_zipcode_data_TOTAL_RAINFALL_INCHES ........ [RUN]
[2025-05-01T08:31:28.670+0000] {subprocess.py:93} INFO - [0m08:31:28  64 of 66 PASS not_null_average_zipcode_data_TOTAL_RAINFALL_INCHES .............. [[32mPASS[0m in 0.94s]
[2025-05-01T08:31:28.674+0000] {subprocess.py:93} INFO - [0m08:31:28  65 of 66 START test accepted_values_filtered_zipcode_data_REGION__Southern_California__Central_California__Northern_California  [RUN]
[2025-05-01T08:31:29.757+0000] {subprocess.py:93} INFO - [0m08:31:29  65 of 66 PASS accepted_values_filtered_zipcode_data_REGION__Southern_California__Central_California__Northern_California  [[32mPASS[0m in 1.08s]
[2025-05-01T08:31:29.764+0000] {subprocess.py:93} INFO - [0m08:31:29  66 of 66 START test not_null_filtered_zipcode_data_REGION ...................... [RUN]
[2025-05-01T08:31:30.666+0000] {subprocess.py:93} INFO - [0m08:31:30  66 of 66 PASS not_null_filtered_zipcode_data_REGION ............................ [[32mPASS[0m in 0.90s]
[2025-05-01T08:31:30.676+0000] {subprocess.py:93} INFO - [0m08:31:30
[2025-05-01T08:31:30.677+0000] {subprocess.py:93} INFO - [0m08:31:30  Finished running 2 snapshots, 4 table models, 60 data tests in 0 hours 1 minutes and 28.52 seconds (88.52s).
[2025-05-01T08:31:30.743+0000] {subprocess.py:93} INFO - [0m08:31:30
[2025-05-01T08:31:30.743+0000] {subprocess.py:93} INFO - [0m08:31:30  [32mCompleted successfully[0m
[2025-05-01T08:31:30.744+0000] {subprocess.py:93} INFO - [0m08:31:30
[2025-05-01T08:31:30.744+0000] {subprocess.py:93} INFO - [0m08:31:30  Done. PASS=66 WARN=0 ERROR=0 SKIP=0 TOTAL=66
[2025-05-01T08:31:32.071+0000] {subprocess.py:97} INFO - Command exited with return code 0
[2025-05-01T08:31:32.093+0000] {taskinstance.py:340} INFO - ::group::Post task execution logs
[2025-05-01T08:31:32.094+0000] {taskinstance.py:352} INFO - Marking task as SUCCESS. dag_id=BuildELT_dbt, task_id=dbt_build, run_id=scheduled__2025-05-01T07:30:00+00:00, execution_date=20250501T073000, start_date=20250501T083000, end_date=20250501T083132
[2025-05-01T08:31:32.121+0000] {local_task_job_runner.py:266} INFO - Task exited with return code 0
[2025-05-01T08:31:32.130+0000] {taskinstance.py:3900} INFO - 0 downstream tasks scheduled from follow-on schedule check
[2025-05-01T08:31:32.130+0000] {local_task_job_runner.py:245} INFO - ::endgroup::
