[2025-04-30T16:21:07.547+0000] {local_task_job_runner.py:123} INFO - ::group::Pre task execution logs
[2025-04-30T16:21:07.556+0000] {taskinstance.py:2612} INFO - Dependencies all met for dep_context=non-requeueable deps ti=<TaskInstance: weather_ca_top10.load_current_weather scheduled__2025-04-30T15:00:00+00:00 [queued]>
[2025-04-30T16:21:07.562+0000] {taskinstance.py:2612} INFO - Dependencies all met for dep_context=requeueable deps ti=<TaskInstance: weather_ca_top10.load_current_weather scheduled__2025-04-30T15:00:00+00:00 [queued]>
[2025-04-30T16:21:07.563+0000] {taskinstance.py:2865} INFO - Starting attempt 1 of 1
[2025-04-30T16:21:07.589+0000] {taskinstance.py:2888} INFO - Executing <Task(_PythonDecoratedOperator): load_current_weather> on 2025-04-30 15:00:00+00:00
[2025-04-30T16:21:07.603+0000] {logging_mixin.py:190} WARNING - /home/***/.local/lib/python3.12/site-packages/***/task/task_runner/standard_task_runner.py:70 DeprecationWarning: This process (pid=21257) is multi-threaded, use of fork() may lead to deadlocks in the child.
[2025-04-30T16:21:07.605+0000] {standard_task_runner.py:72} INFO - Started process 21260 to run task
[2025-04-30T16:21:07.603+0000] {standard_task_runner.py:104} INFO - Running: ['***', 'tasks', 'run', 'weather_ca_top10', 'load_current_weather', 'scheduled__2025-04-30T15:00:00+00:00', '--job-id', '65', '--raw', '--subdir', 'DAGS_FOLDER/weather_ca_top10.py', '--cfg-path', '/tmp/tmpvwyl44lw']
[2025-04-30T16:21:07.607+0000] {standard_task_runner.py:105} INFO - Job 65: Subtask load_current_weather
[2025-04-30T16:21:07.645+0000] {task_command.py:467} INFO - Running <TaskInstance: weather_ca_top10.load_current_weather scheduled__2025-04-30T15:00:00+00:00 [running]> on host 975c9d700231
[2025-04-30T16:21:07.695+0000] {taskinstance.py:3131} INFO - Exporting env vars: AIRFLOW_CTX_DAG_OWNER='***' AIRFLOW_CTX_DAG_ID='weather_ca_top10' AIRFLOW_CTX_TASK_ID='load_current_weather' AIRFLOW_CTX_EXECUTION_DATE='2025-04-30T15:00:00+00:00' AIRFLOW_CTX_TRY_NUMBER='1' AIRFLOW_CTX_DAG_RUN_ID='scheduled__2025-04-30T15:00:00+00:00'
[2025-04-30T16:21:07.696+0000] {taskinstance.py:731} INFO - ::endgroup::
[2025-04-30T16:21:07.703+0000] {base.py:84} INFO - Retrieving connection 'snowflake_conn'
[2025-04-30T16:21:07.704+0000] {connection.py:413} INFO - Snowflake Connector for Python Version: 3.12.1, Python Version: 3.12.5, Platform: Linux-6.12.5-linuxkit-aarch64-with-glibc2.36
[2025-04-30T16:21:07.704+0000] {connection.py:1196} INFO - Connecting to GLOBAL Snowflake domain
[2025-04-30T16:21:07.704+0000] {connection.py:1277} INFO - This connection is in OCSP Fail Open Mode. TLS Certificates would be checked for validity and revocation status. Any other Certificate Revocation related exceptions or OCSP Responder failures would be disregarded in favor of connectivity.
[2025-04-30T16:21:09.354+0000] {cursor.py:1156} INFO - Number of results in first chunk: 1
[2025-04-30T16:21:09.694+0000] {cursor.py:1156} INFO - Number of results in first chunk: 1
[2025-04-30T17:07:52.814+0000] {job.py:229} INFO - Heartbeat recovered after 2789.87 seconds
[2025-04-30T17:26:02.862+0000] {job.py:229} INFO - Heartbeat recovered after 1069.69 seconds
[2025-04-30T17:26:38.675+0000] {cursor.py:1156} INFO - Number of results in first chunk: 1
[2025-04-30T17:26:38.691+0000] {python.py:240} INFO - Done. Returned value was: None
[2025-04-30T17:26:38.760+0000] {taskinstance.py:340} INFO - ::group::Post task execution logs
[2025-04-30T17:26:38.761+0000] {taskinstance.py:352} INFO - Marking task as SUCCESS. dag_id=weather_ca_top10, task_id=load_current_weather, run_id=scheduled__2025-04-30T15:00:00+00:00, execution_date=20250430T150000, start_date=20250430T162107, end_date=20250430T172638
[2025-04-30T17:26:38.846+0000] {local_task_job_runner.py:266} INFO - Task exited with return code 0
[2025-04-30T17:26:38.875+0000] {taskinstance.py:3900} INFO - 0 downstream tasks scheduled from follow-on schedule check
[2025-04-30T17:26:38.876+0000] {local_task_job_runner.py:245} INFO - ::endgroup::
