[2025-05-01T08:17:57.794+0000] {local_task_job_runner.py:123} INFO - ::group::Pre task execution logs
[2025-05-01T08:17:57.801+0000] {taskinstance.py:2612} INFO - Dependencies all met for dep_context=non-requeueable deps ti=<TaskInstance: BuildELT_dbt.dbt_snapshot manual__2025-05-01T00:00:00+00:00 [queued]>
[2025-05-01T08:17:57.806+0000] {taskinstance.py:2612} INFO - Dependencies all met for dep_context=requeueable deps ti=<TaskInstance: BuildELT_dbt.dbt_snapshot manual__2025-05-01T00:00:00+00:00 [queued]>
[2025-05-01T08:17:57.806+0000] {taskinstance.py:2865} INFO - Starting attempt 1 of 1
[2025-05-01T08:17:57.811+0000] {taskinstance.py:2888} INFO - Executing <Task(BashOperator): dbt_snapshot> on 2025-05-01 00:00:00+00:00
[2025-05-01T08:17:57.817+0000] {standard_task_runner.py:104} INFO - Running: ['***', 'tasks', 'run', 'BuildELT_dbt', 'dbt_snapshot', 'manual__2025-05-01T00:00:00+00:00', '--job-id', '137', '--raw', '--subdir', 'DAGS_FOLDER/elt_with_dbt.py', '--cfg-path', '/tmp/tmpf0n0qqv7']
[2025-05-01T08:17:57.823+0000] {standard_task_runner.py:105} INFO - Job 137: Subtask dbt_snapshot
[2025-05-01T08:17:57.822+0000] {logging_mixin.py:190} WARNING - /home/***/.local/lib/python3.12/site-packages/***/task/task_runner/standard_task_runner.py:70 DeprecationWarning: This process (pid=4575) is multi-threaded, use of fork() may lead to deadlocks in the child.
[2025-05-01T08:17:57.823+0000] {standard_task_runner.py:72} INFO - Started process 4576 to run task
[2025-05-01T08:17:57.849+0000] {task_command.py:467} INFO - Running <TaskInstance: BuildELT_dbt.dbt_snapshot manual__2025-05-01T00:00:00+00:00 [running]> on host 50fb0a9bb8ff
[2025-05-01T08:17:57.895+0000] {taskinstance.py:3131} INFO - Exporting env vars: AIRFLOW_CTX_DAG_OWNER='***' AIRFLOW_CTX_DAG_ID='BuildELT_dbt' AIRFLOW_CTX_TASK_ID='dbt_snapshot' AIRFLOW_CTX_EXECUTION_DATE='2025-05-01T00:00:00+00:00' AIRFLOW_CTX_TRY_NUMBER='1' AIRFLOW_CTX_DAG_RUN_ID='manual__2025-05-01T00:00:00+00:00'
[2025-05-01T08:17:57.895+0000] {taskinstance.py:731} INFO - ::endgroup::
[2025-05-01T08:17:57.909+0000] {subprocess.py:63} INFO - Tmp dir root location: /tmp
[2025-05-01T08:17:57.909+0000] {subprocess.py:75} INFO - Running command: ['/usr/bin/bash', '-c', '/home/***/.local/bin/dbt snapshot --profiles-dir /opt/***/project_dbt --project-dir /opt/***/project_dbt']
[2025-05-01T08:17:57.915+0000] {subprocess.py:86} INFO - Output:
[2025-05-01T08:17:58.911+0000] {subprocess.py:93} INFO - [0m08:17:58  Running with dbt=1.9.0-b4
[2025-05-01T08:17:59.384+0000] {subprocess.py:93} INFO - [0m08:17:59  Registered adapter: snowflake=1.8.0
[2025-05-01T08:17:59.626+0000] {subprocess.py:93} INFO - [0m08:17:59  Found 6 models, 60 data tests, 2 snapshots, 2 sources, 725 macros
[2025-05-01T08:17:59.628+0000] {subprocess.py:93} INFO - [0m08:17:59
[2025-05-01T08:17:59.628+0000] {subprocess.py:93} INFO - [0m08:17:59  Concurrency: 1 threads (target='dev')
[2025-05-01T08:17:59.629+0000] {subprocess.py:93} INFO - [0m08:17:59
[2025-05-01T08:18:06.279+0000] {subprocess.py:93} INFO - [0m08:18:06  1 of 2 START snapshot "snapshots".snapshot_sj_weather .......................... [RUN]
[2025-05-01T08:18:08.168+0000] {subprocess.py:93} INFO - [0m08:18:08  1 of 2 OK snapshotted "snapshots".snapshot_sj_weather .......................... [[32mSUCCESS 1[0m in 1.88s]
[2025-05-01T08:18:08.172+0000] {subprocess.py:93} INFO - [0m08:18:08  2 of 2 START snapshot snapshots.snapshot_zipcode_weather ....................... [RUN]
[2025-05-01T08:18:14.223+0000] {subprocess.py:93} INFO - [0m08:18:14  2 of 2 OK snapshotted snapshots.snapshot_zipcode_weather ....................... [[32mSUCCESS 0[0m in 6.05s]
[2025-05-01T08:18:14.226+0000] {subprocess.py:93} INFO - [0m08:18:14
[2025-05-01T08:18:14.227+0000] {subprocess.py:93} INFO - [0m08:18:14  Finished running 2 snapshots in 0 hours 0 minutes and 14.60 seconds (14.60s).
[2025-05-01T08:18:14.269+0000] {subprocess.py:93} INFO - [0m08:18:14
[2025-05-01T08:18:14.269+0000] {subprocess.py:93} INFO - [0m08:18:14  [32mCompleted successfully[0m
[2025-05-01T08:18:14.270+0000] {subprocess.py:93} INFO - [0m08:18:14
[2025-05-01T08:18:14.270+0000] {subprocess.py:93} INFO - [0m08:18:14  Done. PASS=2 WARN=0 ERROR=0 SKIP=0 TOTAL=2
[2025-05-01T08:18:14.929+0000] {subprocess.py:97} INFO - Command exited with return code 0
[2025-05-01T08:18:14.949+0000] {taskinstance.py:340} INFO - ::group::Post task execution logs
[2025-05-01T08:18:14.950+0000] {taskinstance.py:352} INFO - Marking task as SUCCESS. dag_id=BuildELT_dbt, task_id=dbt_snapshot, run_id=manual__2025-05-01T00:00:00+00:00, execution_date=20250501T000000, start_date=20250501T081757, end_date=20250501T081814
[2025-05-01T08:18:14.988+0000] {local_task_job_runner.py:266} INFO - Task exited with return code 0
[2025-05-01T08:18:14.999+0000] {taskinstance.py:3900} INFO - 0 downstream tasks scheduled from follow-on schedule check
[2025-05-01T08:18:14.999+0000] {local_task_job_runner.py:245} INFO - ::endgroup::
