[2025-05-01T07:07:39.305+0000] {local_task_job_runner.py:123} INFO - ::group::Pre task execution logs
[2025-05-01T07:07:39.310+0000] {taskinstance.py:2602} INFO - Dependencies not met for <TaskInstance: BuildELT_dbt.dbt_build manual__2025-04-30T00:00:00+00:00 [failed]>, dependency 'Task Instance State' FAILED: Task is in the 'failed' state.
[2025-05-01T07:07:39.313+0000] {local_task_job_runner.py:166} INFO - Task is not able to be run
[2025-05-01T07:27:30.810+0000] {local_task_job_runner.py:123} INFO - ::group::Pre task execution logs
[2025-05-01T07:27:30.820+0000] {taskinstance.py:2612} INFO - Dependencies all met for dep_context=non-requeueable deps ti=<TaskInstance: BuildELT_dbt.dbt_build manual__2025-04-30T00:00:00+00:00 [queued]>
[2025-05-01T07:27:30.825+0000] {taskinstance.py:2612} INFO - Dependencies all met for dep_context=requeueable deps ti=<TaskInstance: BuildELT_dbt.dbt_build manual__2025-04-30T00:00:00+00:00 [queued]>
[2025-05-01T07:27:30.825+0000] {taskinstance.py:2865} INFO - Starting attempt 1 of 1
[2025-05-01T07:27:30.829+0000] {taskinstance.py:2888} INFO - Executing <Task(BashOperator): dbt_build> on 2025-04-30 00:00:00+00:00
[2025-05-01T07:27:30.833+0000] {standard_task_runner.py:104} INFO - Running: ['***', 'tasks', 'run', 'BuildELT_dbt', 'dbt_build', 'manual__2025-04-30T00:00:00+00:00', '--job-id', '109', '--raw', '--subdir', 'DAGS_FOLDER/elt_with_dbt.py', '--cfg-path', '/tmp/tmp1ksrzr4c']
[2025-05-01T07:27:30.835+0000] {standard_task_runner.py:105} INFO - Job 109: Subtask dbt_build
[2025-05-01T07:27:30.835+0000] {logging_mixin.py:190} WARNING - /home/***/.local/lib/python3.12/site-packages/***/task/task_runner/standard_task_runner.py:70 DeprecationWarning: This process (pid=1423) is multi-threaded, use of fork() may lead to deadlocks in the child.
[2025-05-01T07:27:30.835+0000] {standard_task_runner.py:72} INFO - Started process 1424 to run task
[2025-05-01T07:27:30.866+0000] {task_command.py:467} INFO - Running <TaskInstance: BuildELT_dbt.dbt_build manual__2025-04-30T00:00:00+00:00 [running]> on host 50fb0a9bb8ff
[2025-05-01T07:27:30.902+0000] {taskinstance.py:3131} INFO - Exporting env vars: AIRFLOW_CTX_DAG_OWNER='***' AIRFLOW_CTX_DAG_ID='BuildELT_dbt' AIRFLOW_CTX_TASK_ID='dbt_build' AIRFLOW_CTX_EXECUTION_DATE='2025-04-30T00:00:00+00:00' AIRFLOW_CTX_TRY_NUMBER='1' AIRFLOW_CTX_DAG_RUN_ID='manual__2025-04-30T00:00:00+00:00'
[2025-05-01T07:27:30.902+0000] {taskinstance.py:731} INFO - ::endgroup::
[2025-05-01T07:27:30.916+0000] {subprocess.py:63} INFO - Tmp dir root location: /tmp
[2025-05-01T07:27:30.917+0000] {subprocess.py:75} INFO - Running command: ['/usr/bin/bash', '-c', '/home/***/.local/bin/dbt build ---profiles-dir /opt/***/project_dbt --project-dir /opt/***/project_dbt']
[2025-05-01T07:27:30.922+0000] {subprocess.py:86} INFO - Output:
[2025-05-01T07:27:31.845+0000] {subprocess.py:93} INFO - Usage: dbt build [OPTIONS]
[2025-05-01T07:27:31.845+0000] {subprocess.py:93} INFO - Try 'dbt build -h' for help.
[2025-05-01T07:27:31.845+0000] {subprocess.py:93} INFO - 
[2025-05-01T07:27:31.845+0000] {subprocess.py:93} INFO - Error: No such option: ---profiles-dir (Possible options: --profile, --profiles-dir, --project-dir)
[2025-05-01T07:27:31.924+0000] {subprocess.py:97} INFO - Command exited with return code 2
[2025-05-01T07:27:31.933+0000] {taskinstance.py:340} INFO - ::group::Post task execution logs
[2025-05-01T07:27:31.977+0000] {local_task_job_runner.py:266} INFO - Task exited with return code 0
[2025-05-01T07:27:31.983+0000] {taskinstance.py:3900} INFO - 0 downstream tasks scheduled from follow-on schedule check
[2025-05-01T07:27:31.984+0000] {local_task_job_runner.py:245} INFO - ::endgroup::
