[2025-05-01T08:20:30.132+0000] {local_task_job_runner.py:123} INFO - ::group::Pre task execution logs
[2025-05-01T08:20:30.140+0000] {taskinstance.py:2612} INFO - Dependencies all met for dep_context=non-requeueable deps ti=<TaskInstance: BuildELT_dbt.dbt_build manual__2025-05-01T00:00:00+00:00 [queued]>
[2025-05-01T08:20:30.145+0000] {taskinstance.py:2612} INFO - Dependencies all met for dep_context=requeueable deps ti=<TaskInstance: BuildELT_dbt.dbt_build manual__2025-05-01T00:00:00+00:00 [queued]>
[2025-05-01T08:20:30.145+0000] {taskinstance.py:2865} INFO - Starting attempt 1 of 1
[2025-05-01T08:20:30.150+0000] {taskinstance.py:2888} INFO - Executing <Task(BashOperator): dbt_build> on 2025-05-01 00:00:00+00:00
[2025-05-01T08:20:30.154+0000] {standard_task_runner.py:104} INFO - Running: ['***', 'tasks', 'run', 'BuildELT_dbt', 'dbt_build', 'manual__2025-05-01T00:00:00+00:00', '--job-id', '138', '--raw', '--subdir', 'DAGS_FOLDER/elt_with_dbt.py', '--cfg-path', '/tmp/tmpt80xknxl']
[2025-05-01T08:20:30.156+0000] {standard_task_runner.py:105} INFO - Job 138: Subtask dbt_build
[2025-05-01T08:20:30.156+0000] {logging_mixin.py:190} WARNING - /home/***/.local/lib/python3.12/site-packages/***/task/task_runner/standard_task_runner.py:70 DeprecationWarning: This process (pid=4749) is multi-threaded, use of fork() may lead to deadlocks in the child.
[2025-05-01T08:20:30.157+0000] {standard_task_runner.py:72} INFO - Started process 4751 to run task
[2025-05-01T08:20:30.182+0000] {task_command.py:467} INFO - Running <TaskInstance: BuildELT_dbt.dbt_build manual__2025-05-01T00:00:00+00:00 [running]> on host 50fb0a9bb8ff
[2025-05-01T08:20:30.220+0000] {taskinstance.py:3131} INFO - Exporting env vars: AIRFLOW_CTX_DAG_OWNER='***' AIRFLOW_CTX_DAG_ID='BuildELT_dbt' AIRFLOW_CTX_TASK_ID='dbt_build' AIRFLOW_CTX_EXECUTION_DATE='2025-05-01T00:00:00+00:00' AIRFLOW_CTX_TRY_NUMBER='1' AIRFLOW_CTX_DAG_RUN_ID='manual__2025-05-01T00:00:00+00:00'
[2025-05-01T08:20:30.221+0000] {taskinstance.py:731} INFO - ::endgroup::
[2025-05-01T08:20:30.229+0000] {subprocess.py:63} INFO - Tmp dir root location: /tmp
[2025-05-01T08:20:30.231+0000] {subprocess.py:75} INFO - Running command: ['/usr/bin/bash', '-c', '/home/***/.local/bin/dbt build --profiles-dir /opt/***/project_dbt --project-dir /opt/***/project_dbt']
[2025-05-01T08:20:30.242+0000] {subprocess.py:86} INFO - Output:
[2025-05-01T08:20:31.191+0000] {subprocess.py:93} INFO - [0m08:20:31  Running with dbt=1.9.0-b4
[2025-05-01T08:20:31.627+0000] {subprocess.py:93} INFO - [0m08:20:31  Registered adapter: snowflake=1.8.0
[2025-05-01T08:20:31.873+0000] {subprocess.py:93} INFO - [0m08:20:31  Found 6 models, 60 data tests, 2 snapshots, 2 sources, 725 macros
[2025-05-01T08:20:31.876+0000] {subprocess.py:93} INFO - [0m08:20:31
[2025-05-01T08:20:31.876+0000] {subprocess.py:93} INFO - [0m08:20:31  Concurrency: 1 threads (target='dev')
[2025-05-01T08:20:31.876+0000] {subprocess.py:93} INFO - [0m08:20:31
[2025-05-01T08:20:39.632+0000] {subprocess.py:93} INFO - [0m08:20:39  1 of 66 START test dbt_expectations_expect_column_values_to_be_between_raw_sj_weather_data_CLOUDINESS__100__0  [RUN]
[2025-05-01T08:20:41.352+0000] {subprocess.py:93} INFO - [0m08:20:41  1 of 66 PASS dbt_expectations_expect_column_values_to_be_between_raw_sj_weather_data_CLOUDINESS__100__0  [[32mPASS[0m in 1.72s]
[2025-05-01T08:20:41.355+0000] {subprocess.py:93} INFO - [0m08:20:41  2 of 66 START test dbt_expectations_expect_column_values_to_be_between_raw_sj_weather_data_HUMIDITY__0  [RUN]
[2025-05-01T08:20:42.638+0000] {subprocess.py:93} INFO - [0m08:20:42  2 of 66 PASS dbt_expectations_expect_column_values_to_be_between_raw_sj_weather_data_HUMIDITY__0  [[32mPASS[0m in 1.28s]
[2025-05-01T08:20:42.640+0000] {subprocess.py:93} INFO - [0m08:20:42  3 of 66 START test dbt_expectations_expect_column_values_to_be_between_raw_sj_weather_data_PRECIP_IN__0  [RUN]
[2025-05-01T08:20:44.100+0000] {subprocess.py:93} INFO - [0m08:20:44  3 of 66 PASS dbt_expectations_expect_column_values_to_be_between_raw_sj_weather_data_PRECIP_IN__0  [[32mPASS[0m in 1.46s]
[2025-05-01T08:20:44.102+0000] {subprocess.py:93} INFO - [0m08:20:44  4 of 66 START test dbt_expectations_expect_column_values_to_be_between_raw_sj_weather_data_UV__0  [RUN]
[2025-05-01T08:20:45.089+0000] {subprocess.py:93} INFO - [0m08:20:45  4 of 66 PASS dbt_expectations_expect_column_values_to_be_between_raw_sj_weather_data_UV__0  [[32mPASS[0m in 0.98s]
[2025-05-01T08:20:45.093+0000] {subprocess.py:93} INFO - [0m08:20:45  5 of 66 START test dbt_expectations_expect_column_values_to_be_between_raw_sj_weather_data_WIND_MPH__0  [RUN]
[2025-05-01T08:20:46.331+0000] {subprocess.py:93} INFO - [0m08:20:46  5 of 66 PASS dbt_expectations_expect_column_values_to_be_between_raw_sj_weather_data_WIND_MPH__0  [[32mPASS[0m in 1.24s]
[2025-05-01T08:20:46.334+0000] {subprocess.py:93} INFO - [0m08:20:46  6 of 66 START test not_null_raw_sj_weather_data_CLOUDINESS ..................... [RUN]
[2025-05-01T08:20:47.160+0000] {subprocess.py:93} INFO - [0m08:20:47  6 of 66 PASS not_null_raw_sj_weather_data_CLOUDINESS ........................... [[32mPASS[0m in 0.82s]
[2025-05-01T08:20:47.163+0000] {subprocess.py:93} INFO - [0m08:20:47  7 of 66 START test not_null_raw_sj_weather_data_HUMIDITY ....................... [RUN]
[2025-05-01T08:20:47.958+0000] {subprocess.py:93} INFO - [0m08:20:47  7 of 66 PASS not_null_raw_sj_weather_data_HUMIDITY ............................. [[32mPASS[0m in 0.79s]
[2025-05-01T08:20:47.961+0000] {subprocess.py:93} INFO - [0m08:20:47  8 of 66 START test not_null_raw_sj_weather_data_PRECIP_IN ...................... [RUN]
[2025-05-01T08:20:50.230+0000] {subprocess.py:93} INFO - [0m08:20:50  8 of 66 PASS not_null_raw_sj_weather_data_PRECIP_IN ............................ [[32mPASS[0m in 2.27s]
[2025-05-01T08:20:50.232+0000] {subprocess.py:93} INFO - [0m08:20:50  9 of 66 START test not_null_raw_sj_weather_data_TEMP_F ......................... [RUN]
[2025-05-01T08:20:51.214+0000] {subprocess.py:93} INFO - [0m08:20:51  9 of 66 PASS not_null_raw_sj_weather_data_TEMP_F ............................... [[32mPASS[0m in 0.98s]
[2025-05-01T08:20:51.217+0000] {subprocess.py:93} INFO - [0m08:20:51  10 of 66 START test not_null_raw_sj_weather_data_UV ............................ [RUN]
[2025-05-01T08:20:52.263+0000] {subprocess.py:93} INFO - [0m08:20:52  10 of 66 PASS not_null_raw_sj_weather_data_UV .................................. [[32mPASS[0m in 1.04s]
[2025-05-01T08:20:52.266+0000] {subprocess.py:93} INFO - [0m08:20:52  11 of 66 START test not_null_raw_sj_weather_data_WIND_MPH ...................... [RUN]
[2025-05-01T08:20:52.962+0000] {subprocess.py:93} INFO - [0m08:20:52  11 of 66 PASS not_null_raw_sj_weather_data_WIND_MPH ............................ [[32mPASS[0m in 0.69s]
[2025-05-01T08:20:52.966+0000] {subprocess.py:93} INFO - [0m08:20:52  12 of 66 START test not_null_raw_sj_weather_data__localtime_ ................... [RUN]
[2025-05-01T08:20:53.732+0000] {subprocess.py:93} INFO - [0m08:20:53  12 of 66 PASS not_null_raw_sj_weather_data__localtime_ ......................... [[32mPASS[0m in 0.76s]
[2025-05-01T08:20:53.735+0000] {subprocess.py:93} INFO - [0m08:20:53  13 of 66 START test unique_raw_sj_weather_data__localtime_ ..................... [RUN]
[2025-05-01T08:20:54.909+0000] {subprocess.py:93} INFO - [0m08:20:54  13 of 66 PASS unique_raw_sj_weather_data__localtime_ ........................... [[32mPASS[0m in 1.17s]
[2025-05-01T08:20:54.911+0000] {subprocess.py:93} INFO - [0m08:20:54  14 of 66 START test dbt_expectations_expect_column_values_to_be_between_raw_zipcode_weather_data_CLOUDINESS__100__0  [RUN]
[2025-05-01T08:20:55.869+0000] {subprocess.py:93} INFO - [0m08:20:55  14 of 66 PASS dbt_expectations_expect_column_values_to_be_between_raw_zipcode_weather_data_CLOUDINESS__100__0  [[32mPASS[0m in 0.96s]
[2025-05-01T08:20:55.871+0000] {subprocess.py:93} INFO - [0m08:20:55  15 of 66 START test dbt_expectations_expect_column_values_to_be_between_raw_zipcode_weather_data_GUST_KPH__0  [RUN]
[2025-05-01T08:20:56.885+0000] {subprocess.py:93} INFO - [0m08:20:56  15 of 66 PASS dbt_expectations_expect_column_values_to_be_between_raw_zipcode_weather_data_GUST_KPH__0  [[32mPASS[0m in 1.01s]
[2025-05-01T08:20:56.888+0000] {subprocess.py:93} INFO - [0m08:20:56  16 of 66 START test dbt_expectations_expect_column_values_to_be_between_raw_zipcode_weather_data_HUMIDITY__0  [RUN]
[2025-05-01T08:20:58.627+0000] {subprocess.py:93} INFO - [0m08:20:58  16 of 66 PASS dbt_expectations_expect_column_values_to_be_between_raw_zipcode_weather_data_HUMIDITY__0  [[32mPASS[0m in 1.74s]
[2025-05-01T08:20:58.631+0000] {subprocess.py:93} INFO - [0m08:20:58  17 of 66 START test dbt_expectations_expect_column_values_to_be_between_raw_zipcode_weather_data_PRECIP_IN__0  [RUN]
[2025-05-01T08:20:59.427+0000] {subprocess.py:93} INFO - [0m08:20:59  17 of 66 PASS dbt_expectations_expect_column_values_to_be_between_raw_zipcode_weather_data_PRECIP_IN__0  [[32mPASS[0m in 0.80s]
[2025-05-01T08:20:59.428+0000] {subprocess.py:93} INFO - [0m08:20:59  18 of 66 START test dbt_expectations_expect_column_values_to_be_between_raw_zipcode_weather_data_UV__0  [RUN]
[2025-05-01T08:21:01.130+0000] {subprocess.py:93} INFO - [0m08:21:01  18 of 66 PASS dbt_expectations_expect_column_values_to_be_between_raw_zipcode_weather_data_UV__0  [[32mPASS[0m in 1.70s]
[2025-05-01T08:21:01.134+0000] {subprocess.py:93} INFO - [0m08:21:01  19 of 66 START test dbt_expectations_expect_column_values_to_be_between_raw_zipcode_weather_data_WIND_MPH__0  [RUN]
[2025-05-01T08:21:01.943+0000] {subprocess.py:93} INFO - [0m08:21:01  19 of 66 PASS dbt_expectations_expect_column_values_to_be_between_raw_zipcode_weather_data_WIND_MPH__0  [[32mPASS[0m in 0.81s]
[2025-05-01T08:21:01.949+0000] {subprocess.py:93} INFO - [0m08:21:01  20 of 66 START test not_null_raw_zipcode_weather_data_CLOUDINESS ............... [RUN]
[2025-05-01T08:21:02.767+0000] {subprocess.py:93} INFO - [0m08:21:02  20 of 66 PASS not_null_raw_zipcode_weather_data_CLOUDINESS ..................... [[32mPASS[0m in 0.82s]
[2025-05-01T08:21:02.768+0000] {subprocess.py:93} INFO - [0m08:21:02  21 of 66 START test not_null_raw_zipcode_weather_data_CONDITION ................ [RUN]
[2025-05-01T08:21:03.951+0000] {subprocess.py:93} INFO - [0m08:21:03  21 of 66 PASS not_null_raw_zipcode_weather_data_CONDITION ...................... [[32mPASS[0m in 1.18s]
[2025-05-01T08:21:03.955+0000] {subprocess.py:93} INFO - [0m08:21:03  22 of 66 START test not_null_raw_zipcode_weather_data_GUST_KPH ................. [RUN]
[2025-05-01T08:21:05.157+0000] {subprocess.py:93} INFO - [0m08:21:05  22 of 66 PASS not_null_raw_zipcode_weather_data_GUST_KPH ....................... [[32mPASS[0m in 1.20s]
[2025-05-01T08:21:05.160+0000] {subprocess.py:93} INFO - [0m08:21:05  23 of 66 START test not_null_raw_zipcode_weather_data_HUMIDITY ................. [RUN]
[2025-05-01T08:21:06.419+0000] {subprocess.py:93} INFO - [0m08:21:06  23 of 66 PASS not_null_raw_zipcode_weather_data_HUMIDITY ....................... [[32mPASS[0m in 1.26s]
[2025-05-01T08:21:06.422+0000] {subprocess.py:93} INFO - [0m08:21:06  24 of 66 START test not_null_raw_zipcode_weather_data_LAT ...................... [RUN]
[2025-05-01T08:21:07.120+0000] {subprocess.py:93} INFO - [0m08:21:07  24 of 66 PASS not_null_raw_zipcode_weather_data_LAT ............................ [[32mPASS[0m in 0.70s]
[2025-05-01T08:21:07.123+0000] {subprocess.py:93} INFO - [0m08:21:07  25 of 66 START test not_null_raw_zipcode_weather_data_LOCATION_NAME ............ [RUN]
[2025-05-01T08:21:07.967+0000] {subprocess.py:93} INFO - [0m08:21:07  25 of 66 PASS not_null_raw_zipcode_weather_data_LOCATION_NAME .................. [[32mPASS[0m in 0.84s]
[2025-05-01T08:21:07.969+0000] {subprocess.py:93} INFO - [0m08:21:07  26 of 66 START test not_null_raw_zipcode_weather_data_LON ...................... [RUN]
[2025-05-01T08:21:08.898+0000] {subprocess.py:93} INFO - [0m08:21:08  26 of 66 PASS not_null_raw_zipcode_weather_data_LON ............................ [[32mPASS[0m in 0.93s]
[2025-05-01T08:21:08.901+0000] {subprocess.py:93} INFO - [0m08:21:08  27 of 66 START test not_null_raw_zipcode_weather_data_PRECIP_IN ................ [RUN]
[2025-05-01T08:21:10.631+0000] {subprocess.py:93} INFO - [0m08:21:10  27 of 66 PASS not_null_raw_zipcode_weather_data_PRECIP_IN ...................... [[32mPASS[0m in 1.73s]
[2025-05-01T08:21:10.633+0000] {subprocess.py:93} INFO - [0m08:21:10  28 of 66 START test not_null_raw_zipcode_weather_data_TEMP_F ................... [RUN]
[2025-05-01T08:21:11.645+0000] {subprocess.py:93} INFO - [0m08:21:11  28 of 66 PASS not_null_raw_zipcode_weather_data_TEMP_F ......................... [[32mPASS[0m in 1.01s]
[2025-05-01T08:21:11.650+0000] {subprocess.py:93} INFO - [0m08:21:11  29 of 66 START test not_null_raw_zipcode_weather_data_UV ....................... [RUN]
[2025-05-01T08:21:12.461+0000] {subprocess.py:93} INFO - [0m08:21:12  29 of 66 PASS not_null_raw_zipcode_weather_data_UV ............................. [[32mPASS[0m in 0.81s]
[2025-05-01T08:21:12.464+0000] {subprocess.py:93} INFO - [0m08:21:12  30 of 66 START test not_null_raw_zipcode_weather_data_WIND_DIR ................. [RUN]
[2025-05-01T08:21:13.867+0000] {subprocess.py:93} INFO - [0m08:21:13  30 of 66 PASS not_null_raw_zipcode_weather_data_WIND_DIR ....................... [[32mPASS[0m in 1.40s]
[2025-05-01T08:21:13.871+0000] {subprocess.py:93} INFO - [0m08:21:13  31 of 66 START test not_null_raw_zipcode_weather_data_WIND_MPH ................. [RUN]
[2025-05-01T08:21:14.591+0000] {subprocess.py:93} INFO - [0m08:21:14  31 of 66 PASS not_null_raw_zipcode_weather_data_WIND_MPH ....................... [[32mPASS[0m in 0.72s]
[2025-05-01T08:21:14.593+0000] {subprocess.py:93} INFO - [0m08:21:14  32 of 66 START test not_null_raw_zipcode_weather_data_localtime ................ [RUN]
[2025-05-01T08:21:15.393+0000] {subprocess.py:93} INFO - [0m08:21:15  32 of 66 PASS not_null_raw_zipcode_weather_data_localtime ...................... [[32mPASS[0m in 0.80s]
[2025-05-01T08:21:15.397+0000] {subprocess.py:93} INFO - [0m08:21:15  33 of 66 START sql table model analytics.average_sj_weather .................... [RUN]
[2025-05-01T08:21:17.121+0000] {subprocess.py:93} INFO - [0m08:21:17  33 of 66 OK created sql table model analytics.average_sj_weather ............... [[32mSUCCESS 1[0m in 1.72s]
[2025-05-01T08:21:17.125+0000] {subprocess.py:93} INFO - [0m08:21:17  34 of 66 START sql table model analytics.filtered_sj_weather ................... [RUN]
[2025-05-01T08:21:18.436+0000] {subprocess.py:93} INFO - [0m08:21:18  34 of 66 OK created sql table model analytics.filtered_sj_weather .............. [[32mSUCCESS 1[0m in 1.31s]
[2025-05-01T08:21:18.437+0000] {subprocess.py:93} INFO - [0m08:21:18  35 of 66 START snapshot "snapshots".snapshot_sj_weather ........................ [RUN]
[2025-05-01T08:21:20.626+0000] {subprocess.py:93} INFO - [0m08:21:20  35 of 66 OK snapshotted "snapshots".snapshot_sj_weather ........................ [[32mSUCCESS 1[0m in 2.19s]
[2025-05-01T08:21:20.629+0000] {subprocess.py:93} INFO - [0m08:21:20  36 of 66 START sql table model analytics.average_zipcode_data .................. [RUN]
[2025-05-01T08:21:22.809+0000] {subprocess.py:93} INFO - [0m08:21:22  36 of 66 OK created sql table model analytics.average_zipcode_data ............. [[32mSUCCESS 1[0m in 2.18s]
[2025-05-01T08:21:22.810+0000] {subprocess.py:93} INFO - [0m08:21:22  37 of 66 START sql table model analytics.filtered_zipcode_data ................. [RUN]
[2025-05-01T08:21:24.121+0000] {subprocess.py:93} INFO - [0m08:21:24  37 of 66 OK created sql table model analytics.filtered_zipcode_data ............ [[32mSUCCESS 1[0m in 1.31s]
[2025-05-01T08:21:24.124+0000] {subprocess.py:93} INFO - [0m08:21:24  38 of 66 START snapshot snapshots.snapshot_zipcode_weather ..................... [RUN]
[2025-05-01T08:21:30.272+0000] {subprocess.py:93} INFO - [0m08:21:30  38 of 66 OK snapshotted snapshots.snapshot_zipcode_weather ..................... [[32mSUCCESS 0[0m in 6.14s]
[2025-05-01T08:21:30.276+0000] {subprocess.py:93} INFO - [0m08:21:30  39 of 66 START test dbt_expectations_expect_column_values_to_be_between_average_sj_weather_AVERAGE_HUMIDITY__0  [RUN]
[2025-05-01T08:21:31.869+0000] {subprocess.py:93} INFO - [0m08:21:31  39 of 66 PASS dbt_expectations_expect_column_values_to_be_between_average_sj_weather_AVERAGE_HUMIDITY__0  [[32mPASS[0m in 1.59s]
[2025-05-01T08:21:31.872+0000] {subprocess.py:93} INFO - [0m08:21:31  40 of 66 START test dbt_expectations_expect_column_values_to_be_between_average_sj_weather_AVERAGE_PRECIP_IN__0  [RUN]
[2025-05-01T08:21:33.082+0000] {subprocess.py:93} INFO - [0m08:21:33  40 of 66 PASS dbt_expectations_expect_column_values_to_be_between_average_sj_weather_AVERAGE_PRECIP_IN__0  [[32mPASS[0m in 1.21s]
[2025-05-01T08:21:33.087+0000] {subprocess.py:93} INFO - [0m08:21:33  41 of 66 START test dbt_expectations_expect_column_values_to_be_between_average_sj_weather_AVERAGE_UV__0  [RUN]
[2025-05-01T08:21:34.035+0000] {subprocess.py:93} INFO - [0m08:21:34  41 of 66 PASS dbt_expectations_expect_column_values_to_be_between_average_sj_weather_AVERAGE_UV__0  [[32mPASS[0m in 0.95s]
[2025-05-01T08:21:34.038+0000] {subprocess.py:93} INFO - [0m08:21:34  42 of 66 START test dbt_expectations_expect_column_values_to_be_between_average_sj_weather_AVERAGE_WIND_MPH__0  [RUN]
[2025-05-01T08:21:34.798+0000] {subprocess.py:93} INFO - [0m08:21:34  42 of 66 PASS dbt_expectations_expect_column_values_to_be_between_average_sj_weather_AVERAGE_WIND_MPH__0  [[32mPASS[0m in 0.76s]
[2025-05-01T08:21:34.801+0000] {subprocess.py:93} INFO - [0m08:21:34  43 of 66 START test not_null_average_sj_weather_AVERAGE_HUMIDITY ............... [RUN]
[2025-05-01T08:21:35.727+0000] {subprocess.py:93} INFO - [0m08:21:35  43 of 66 PASS not_null_average_sj_weather_AVERAGE_HUMIDITY ..................... [[32mPASS[0m in 0.92s]
[2025-05-01T08:21:35.730+0000] {subprocess.py:93} INFO - [0m08:21:35  44 of 66 START test not_null_average_sj_weather_AVERAGE_PRECIP_IN .............. [RUN]
[2025-05-01T08:21:37.287+0000] {subprocess.py:93} INFO - [0m08:21:37  44 of 66 PASS not_null_average_sj_weather_AVERAGE_PRECIP_IN .................... [[32mPASS[0m in 1.56s]
[2025-05-01T08:21:37.291+0000] {subprocess.py:93} INFO - [0m08:21:37  45 of 66 START test not_null_average_sj_weather_AVERAGE_TEMP ................... [RUN]
[2025-05-01T08:21:38.529+0000] {subprocess.py:93} INFO - [0m08:21:38  45 of 66 PASS not_null_average_sj_weather_AVERAGE_TEMP ......................... [[32mPASS[0m in 1.23s]
[2025-05-01T08:21:38.534+0000] {subprocess.py:93} INFO - [0m08:21:38  46 of 66 START test not_null_average_sj_weather_AVERAGE_UV ..................... [RUN]
[2025-05-01T08:21:40.597+0000] {subprocess.py:93} INFO - [0m08:21:40  46 of 66 PASS not_null_average_sj_weather_AVERAGE_UV ........................... [[32mPASS[0m in 2.06s]
[2025-05-01T08:21:40.599+0000] {subprocess.py:93} INFO - [0m08:21:40  47 of 66 START test not_null_average_sj_weather_AVERAGE_WIND_MPH ............... [RUN]
[2025-05-01T08:21:42.058+0000] {subprocess.py:93} INFO - [0m08:21:42  47 of 66 PASS not_null_average_sj_weather_AVERAGE_WIND_MPH ..................... [[32mPASS[0m in 1.46s]
[2025-05-01T08:21:42.061+0000] {subprocess.py:93} INFO - [0m08:21:42  48 of 66 START test accepted_values_average_zipcode_data_REGION__Southern_California__Central_California__Northern_California  [RUN]
[2025-05-01T08:21:42.846+0000] {subprocess.py:93} INFO - [0m08:21:42  48 of 66 PASS accepted_values_average_zipcode_data_REGION__Southern_California__Central_California__Northern_California  [[32mPASS[0m in 0.78s]
[2025-05-01T08:21:42.848+0000] {subprocess.py:93} INFO - [0m08:21:42  49 of 66 START test dbt_expectations_expect_column_values_to_be_between_average_zipcode_data_AVERAGE_CLOUDINESS__0  [RUN]
[2025-05-01T08:21:43.865+0000] {subprocess.py:93} INFO - [0m08:21:43  49 of 66 PASS dbt_expectations_expect_column_values_to_be_between_average_zipcode_data_AVERAGE_CLOUDINESS__0  [[32mPASS[0m in 1.02s]
[2025-05-01T08:21:43.868+0000] {subprocess.py:93} INFO - [0m08:21:43  50 of 66 START test dbt_expectations_expect_column_values_to_be_between_average_zipcode_data_AVERAGE_GUST_SPEED_KPH__0  [RUN]
[2025-05-01T08:21:45.426+0000] {subprocess.py:93} INFO - [0m08:21:45  50 of 66 PASS dbt_expectations_expect_column_values_to_be_between_average_zipcode_data_AVERAGE_GUST_SPEED_KPH__0  [[32mPASS[0m in 1.55s]
[2025-05-01T08:21:45.430+0000] {subprocess.py:93} INFO - [0m08:21:45  51 of 66 START test dbt_expectations_expect_column_values_to_be_between_average_zipcode_data_AVERAGE_HUMIDITY__0  [RUN]
[2025-05-01T08:21:46.797+0000] {subprocess.py:93} INFO - [0m08:21:46  51 of 66 PASS dbt_expectations_expect_column_values_to_be_between_average_zipcode_data_AVERAGE_HUMIDITY__0  [[32mPASS[0m in 1.37s]
[2025-05-01T08:21:46.798+0000] {subprocess.py:93} INFO - [0m08:21:46  52 of 66 START test dbt_expectations_expect_column_values_to_be_between_average_zipcode_data_AVERAGE_UV__0  [RUN]
[2025-05-01T08:21:47.823+0000] {subprocess.py:93} INFO - [0m08:21:47  52 of 66 PASS dbt_expectations_expect_column_values_to_be_between_average_zipcode_data_AVERAGE_UV__0  [[32mPASS[0m in 1.02s]
[2025-05-01T08:21:47.825+0000] {subprocess.py:93} INFO - [0m08:21:47  53 of 66 START test dbt_expectations_expect_column_values_to_be_between_average_zipcode_data_AVERAGE_WIND_SPEED_MPH__0  [RUN]
[2025-05-01T08:21:49.432+0000] {subprocess.py:93} INFO - [0m08:21:49  53 of 66 PASS dbt_expectations_expect_column_values_to_be_between_average_zipcode_data_AVERAGE_WIND_SPEED_MPH__0  [[32mPASS[0m in 1.61s]
[2025-05-01T08:21:49.434+0000] {subprocess.py:93} INFO - [0m08:21:49  54 of 66 START test dbt_expectations_expect_column_values_to_be_between_average_zipcode_data_TOTAL_RAINFALL_INCHES__0  [RUN]
[2025-05-01T08:21:50.260+0000] {subprocess.py:93} INFO - [0m08:21:50  54 of 66 PASS dbt_expectations_expect_column_values_to_be_between_average_zipcode_data_TOTAL_RAINFALL_INCHES__0  [[32mPASS[0m in 0.82s]
[2025-05-01T08:21:50.263+0000] {subprocess.py:93} INFO - [0m08:21:50  55 of 66 START test not_null_average_zipcode_data_AVERAGE_CLOUDINESS ........... [RUN]
[2025-05-01T08:21:51.864+0000] {subprocess.py:93} INFO - [0m08:21:51  55 of 66 PASS not_null_average_zipcode_data_AVERAGE_CLOUDINESS ................. [[32mPASS[0m in 1.60s]
[2025-05-01T08:21:51.866+0000] {subprocess.py:93} INFO - [0m08:21:51  56 of 66 START test not_null_average_zipcode_data_AVERAGE_GUST_SPEED_KPH ....... [RUN]
[2025-05-01T08:21:52.725+0000] {subprocess.py:93} INFO - [0m08:21:52  56 of 66 PASS not_null_average_zipcode_data_AVERAGE_GUST_SPEED_KPH ............. [[32mPASS[0m in 0.86s]
[2025-05-01T08:21:52.727+0000] {subprocess.py:93} INFO - [0m08:21:52  57 of 66 START test not_null_average_zipcode_data_AVERAGE_HUMIDITY ............. [RUN]
[2025-05-01T08:21:53.709+0000] {subprocess.py:93} INFO - [0m08:21:53  57 of 66 PASS not_null_average_zipcode_data_AVERAGE_HUMIDITY ................... [[32mPASS[0m in 0.98s]
[2025-05-01T08:21:53.710+0000] {subprocess.py:93} INFO - [0m08:21:53  58 of 66 START test not_null_average_zipcode_data_AVERAGE_TEMPERATURE .......... [RUN]
[2025-05-01T08:21:55.425+0000] {subprocess.py:93} INFO - [0m08:21:55  58 of 66 PASS not_null_average_zipcode_data_AVERAGE_TEMPERATURE ................ [[32mPASS[0m in 1.71s]
[2025-05-01T08:21:55.428+0000] {subprocess.py:93} INFO - [0m08:21:55  59 of 66 START test not_null_average_zipcode_data_AVERAGE_UV ................... [RUN]
[2025-05-01T08:21:56.178+0000] {subprocess.py:93} INFO - [0m08:21:56  59 of 66 PASS not_null_average_zipcode_data_AVERAGE_UV ......................... [[32mPASS[0m in 0.75s]
[2025-05-01T08:21:56.181+0000] {subprocess.py:93} INFO - [0m08:21:56  60 of 66 START test not_null_average_zipcode_data_AVERAGE_WIND_SPEED_MPH ....... [RUN]
[2025-05-01T08:21:57.287+0000] {subprocess.py:93} INFO - [0m08:21:57  60 of 66 PASS not_null_average_zipcode_data_AVERAGE_WIND_SPEED_MPH ............. [[32mPASS[0m in 1.10s]
[2025-05-01T08:21:57.290+0000] {subprocess.py:93} INFO - [0m08:21:57  61 of 66 START test not_null_average_zipcode_data_EARLIEST_RECORD_DATE ......... [RUN]
[2025-05-01T08:21:58.154+0000] {subprocess.py:93} INFO - [0m08:21:58  61 of 66 PASS not_null_average_zipcode_data_EARLIEST_RECORD_DATE ............... [[32mPASS[0m in 0.86s]
[2025-05-01T08:21:58.158+0000] {subprocess.py:93} INFO - [0m08:21:58  62 of 66 START test not_null_average_zipcode_data_LATEST_RECORD_DATE ........... [RUN]
[2025-05-01T08:21:59.283+0000] {subprocess.py:93} INFO - [0m08:21:59  62 of 66 PASS not_null_average_zipcode_data_LATEST_RECORD_DATE ................. [[32mPASS[0m in 1.12s]
[2025-05-01T08:21:59.286+0000] {subprocess.py:93} INFO - [0m08:21:59  63 of 66 START test not_null_average_zipcode_data_REGION ....................... [RUN]
[2025-05-01T08:22:00.307+0000] {subprocess.py:93} INFO - [0m08:22:00  63 of 66 PASS not_null_average_zipcode_data_REGION ............................. [[32mPASS[0m in 1.02s]
[2025-05-01T08:22:00.309+0000] {subprocess.py:93} INFO - [0m08:22:00  64 of 66 START test not_null_average_zipcode_data_TOTAL_RAINFALL_INCHES ........ [RUN]
[2025-05-01T08:22:01.399+0000] {subprocess.py:93} INFO - [0m08:22:01  64 of 66 PASS not_null_average_zipcode_data_TOTAL_RAINFALL_INCHES .............. [[32mPASS[0m in 1.09s]
[2025-05-01T08:22:01.402+0000] {subprocess.py:93} INFO - [0m08:22:01  65 of 66 START test accepted_values_filtered_zipcode_data_REGION__Southern_California__Central_California__Northern_California  [RUN]
[2025-05-01T08:22:02.318+0000] {subprocess.py:93} INFO - [0m08:22:02  65 of 66 PASS accepted_values_filtered_zipcode_data_REGION__Southern_California__Central_California__Northern_California  [[32mPASS[0m in 0.91s]
[2025-05-01T08:22:02.321+0000] {subprocess.py:93} INFO - [0m08:22:02  66 of 66 START test not_null_filtered_zipcode_data_REGION ...................... [RUN]
[2025-05-01T08:22:03.456+0000] {subprocess.py:93} INFO - [0m08:22:03  66 of 66 PASS not_null_filtered_zipcode_data_REGION ............................ [[32mPASS[0m in 1.13s]
[2025-05-01T08:22:03.473+0000] {subprocess.py:93} INFO - [0m08:22:03
[2025-05-01T08:22:03.475+0000] {subprocess.py:93} INFO - [0m08:22:03  Finished running 2 snapshots, 4 table models, 60 data tests in 0 hours 1 minutes and 31.59 seconds (91.59s).
[2025-05-01T08:22:03.538+0000] {subprocess.py:93} INFO - [0m08:22:03
[2025-05-01T08:22:03.539+0000] {subprocess.py:93} INFO - [0m08:22:03  [32mCompleted successfully[0m
[2025-05-01T08:22:03.539+0000] {subprocess.py:93} INFO - [0m08:22:03
[2025-05-01T08:22:03.540+0000] {subprocess.py:93} INFO - [0m08:22:03  Done. PASS=66 WARN=0 ERROR=0 SKIP=0 TOTAL=66
[2025-05-01T08:22:04.335+0000] {subprocess.py:97} INFO - Command exited with return code 0
[2025-05-01T08:22:04.358+0000] {taskinstance.py:340} INFO - ::group::Post task execution logs
[2025-05-01T08:22:04.358+0000] {taskinstance.py:352} INFO - Marking task as SUCCESS. dag_id=BuildELT_dbt, task_id=dbt_build, run_id=manual__2025-05-01T00:00:00+00:00, execution_date=20250501T000000, start_date=20250501T082030, end_date=20250501T082204
[2025-05-01T08:22:04.387+0000] {local_task_job_runner.py:266} INFO - Task exited with return code 0
[2025-05-01T08:22:04.396+0000] {taskinstance.py:3900} INFO - 0 downstream tasks scheduled from follow-on schedule check
[2025-05-01T08:22:04.396+0000] {local_task_job_runner.py:245} INFO - ::endgroup::
