[2025-05-01T08:28:21.394+0000] {local_task_job_runner.py:123} INFO - ::group::Pre task execution logs
[2025-05-01T08:28:21.402+0000] {taskinstance.py:2612} INFO - Dependencies all met for dep_context=non-requeueable deps ti=<TaskInstance: BuildELT_dbt.dbt_build scheduled__2025-05-01T06:30:00+00:00 [queued]>
[2025-05-01T08:28:21.405+0000] {taskinstance.py:2612} INFO - Dependencies all met for dep_context=requeueable deps ti=<TaskInstance: BuildELT_dbt.dbt_build scheduled__2025-05-01T06:30:00+00:00 [queued]>
[2025-05-01T08:28:21.406+0000] {taskinstance.py:2865} INFO - Starting attempt 1 of 1
[2025-05-01T08:28:21.410+0000] {taskinstance.py:2888} INFO - Executing <Task(BashOperator): dbt_build> on 2025-05-01 06:30:00+00:00
[2025-05-01T08:28:21.414+0000] {logging_mixin.py:190} WARNING - /home/***/.local/lib/python3.12/site-packages/***/task/task_runner/standard_task_runner.py:70 DeprecationWarning: This process (pid=5187) is multi-threaded, use of fork() may lead to deadlocks in the child.
[2025-05-01T08:28:21.415+0000] {standard_task_runner.py:72} INFO - Started process 5190 to run task
[2025-05-01T08:28:21.414+0000] {standard_task_runner.py:104} INFO - Running: ['***', 'tasks', 'run', 'BuildELT_dbt', 'dbt_build', 'scheduled__2025-05-01T06:30:00+00:00', '--job-id', '141', '--raw', '--subdir', 'DAGS_FOLDER/elt_with_dbt.py', '--cfg-path', '/tmp/tmpw8hgl9mn']
[2025-05-01T08:28:21.415+0000] {standard_task_runner.py:105} INFO - Job 141: Subtask dbt_build
[2025-05-01T08:28:21.432+0000] {task_command.py:467} INFO - Running <TaskInstance: BuildELT_dbt.dbt_build scheduled__2025-05-01T06:30:00+00:00 [running]> on host 50fb0a9bb8ff
[2025-05-01T08:28:21.470+0000] {taskinstance.py:3131} INFO - Exporting env vars: AIRFLOW_CTX_DAG_OWNER='***' AIRFLOW_CTX_DAG_ID='BuildELT_dbt' AIRFLOW_CTX_TASK_ID='dbt_build' AIRFLOW_CTX_EXECUTION_DATE='2025-05-01T06:30:00+00:00' AIRFLOW_CTX_TRY_NUMBER='1' AIRFLOW_CTX_DAG_RUN_ID='scheduled__2025-05-01T06:30:00+00:00'
[2025-05-01T08:28:21.470+0000] {taskinstance.py:731} INFO - ::endgroup::
[2025-05-01T08:28:21.479+0000] {subprocess.py:63} INFO - Tmp dir root location: /tmp
[2025-05-01T08:28:21.479+0000] {subprocess.py:75} INFO - Running command: ['/usr/bin/bash', '-c', '/home/***/.local/bin/dbt build --profiles-dir /opt/***/project_dbt --project-dir /opt/***/project_dbt']
[2025-05-01T08:28:21.485+0000] {subprocess.py:86} INFO - Output:
[2025-05-01T08:28:22.886+0000] {subprocess.py:93} INFO - [0m08:28:22  Running with dbt=1.9.0-b4
[2025-05-01T08:28:23.431+0000] {subprocess.py:93} INFO - [0m08:28:23  Registered adapter: snowflake=1.8.0
[2025-05-01T08:28:23.691+0000] {subprocess.py:93} INFO - [0m08:28:23  Found 6 models, 60 data tests, 2 snapshots, 2 sources, 725 macros
[2025-05-01T08:28:23.693+0000] {subprocess.py:93} INFO - [0m08:28:23
[2025-05-01T08:28:23.694+0000] {subprocess.py:93} INFO - [0m08:28:23  Concurrency: 1 threads (target='dev')
[2025-05-01T08:28:23.694+0000] {subprocess.py:93} INFO - [0m08:28:23
[2025-05-01T08:28:30.282+0000] {subprocess.py:93} INFO - [0m08:28:30  1 of 66 START test dbt_expectations_expect_column_values_to_be_between_raw_sj_weather_data_CLOUDINESS__100__0  [RUN]
[2025-05-01T08:28:31.161+0000] {subprocess.py:93} INFO - [0m08:28:31  1 of 66 PASS dbt_expectations_expect_column_values_to_be_between_raw_sj_weather_data_CLOUDINESS__100__0  [[32mPASS[0m in 0.88s]
[2025-05-01T08:28:31.162+0000] {subprocess.py:93} INFO - [0m08:28:31  2 of 66 START test dbt_expectations_expect_column_values_to_be_between_raw_sj_weather_data_HUMIDITY__0  [RUN]
[2025-05-01T08:28:31.880+0000] {subprocess.py:93} INFO - [0m08:28:31  2 of 66 PASS dbt_expectations_expect_column_values_to_be_between_raw_sj_weather_data_HUMIDITY__0  [[32mPASS[0m in 0.72s]
[2025-05-01T08:28:31.882+0000] {subprocess.py:93} INFO - [0m08:28:31  3 of 66 START test dbt_expectations_expect_column_values_to_be_between_raw_sj_weather_data_PRECIP_IN__0  [RUN]
[2025-05-01T08:28:32.583+0000] {subprocess.py:93} INFO - [0m08:28:32  3 of 66 PASS dbt_expectations_expect_column_values_to_be_between_raw_sj_weather_data_PRECIP_IN__0  [[32mPASS[0m in 0.70s]
[2025-05-01T08:28:32.585+0000] {subprocess.py:93} INFO - [0m08:28:32  4 of 66 START test dbt_expectations_expect_column_values_to_be_between_raw_sj_weather_data_UV__0  [RUN]
[2025-05-01T08:28:33.367+0000] {subprocess.py:93} INFO - [0m08:28:33  4 of 66 PASS dbt_expectations_expect_column_values_to_be_between_raw_sj_weather_data_UV__0  [[32mPASS[0m in 0.78s]
[2025-05-01T08:28:33.371+0000] {subprocess.py:93} INFO - [0m08:28:33  5 of 66 START test dbt_expectations_expect_column_values_to_be_between_raw_sj_weather_data_WIND_MPH__0  [RUN]
[2025-05-01T08:28:34.505+0000] {subprocess.py:93} INFO - [0m08:28:34  5 of 66 PASS dbt_expectations_expect_column_values_to_be_between_raw_sj_weather_data_WIND_MPH__0  [[32mPASS[0m in 1.13s]
[2025-05-01T08:28:34.506+0000] {subprocess.py:93} INFO - [0m08:28:34  6 of 66 START test not_null_raw_sj_weather_data_CLOUDINESS ..................... [RUN]
[2025-05-01T08:28:35.257+0000] {subprocess.py:93} INFO - [0m08:28:35  6 of 66 PASS not_null_raw_sj_weather_data_CLOUDINESS ........................... [[32mPASS[0m in 0.75s]
[2025-05-01T08:28:35.261+0000] {subprocess.py:93} INFO - [0m08:28:35  7 of 66 START test not_null_raw_sj_weather_data_HUMIDITY ....................... [RUN]
[2025-05-01T08:28:36.136+0000] {subprocess.py:93} INFO - [0m08:28:36  7 of 66 PASS not_null_raw_sj_weather_data_HUMIDITY ............................. [[32mPASS[0m in 0.87s]
[2025-05-01T08:28:36.139+0000] {subprocess.py:93} INFO - [0m08:28:36  8 of 66 START test not_null_raw_sj_weather_data_PRECIP_IN ...................... [RUN]
[2025-05-01T08:28:36.923+0000] {subprocess.py:93} INFO - [0m08:28:36  8 of 66 PASS not_null_raw_sj_weather_data_PRECIP_IN ............................ [[32mPASS[0m in 0.78s]
[2025-05-01T08:28:36.927+0000] {subprocess.py:93} INFO - [0m08:28:36  9 of 66 START test not_null_raw_sj_weather_data_TEMP_F ......................... [RUN]
[2025-05-01T08:28:38.252+0000] {subprocess.py:93} INFO - [0m08:28:38  9 of 66 PASS not_null_raw_sj_weather_data_TEMP_F ............................... [[32mPASS[0m in 1.32s]
[2025-05-01T08:28:38.254+0000] {subprocess.py:93} INFO - [0m08:28:38  10 of 66 START test not_null_raw_sj_weather_data_UV ............................ [RUN]
[2025-05-01T08:28:39.000+0000] {subprocess.py:93} INFO - [0m08:28:39  10 of 66 PASS not_null_raw_sj_weather_data_UV .................................. [[32mPASS[0m in 0.74s]
[2025-05-01T08:28:39.003+0000] {subprocess.py:93} INFO - [0m08:28:39  11 of 66 START test not_null_raw_sj_weather_data_WIND_MPH ...................... [RUN]
[2025-05-01T08:28:40.347+0000] {subprocess.py:93} INFO - [0m08:28:40  11 of 66 PASS not_null_raw_sj_weather_data_WIND_MPH ............................ [[32mPASS[0m in 1.34s]
[2025-05-01T08:28:40.351+0000] {subprocess.py:93} INFO - [0m08:28:40  12 of 66 START test not_null_raw_sj_weather_data__localtime_ ................... [RUN]
[2025-05-01T08:28:41.179+0000] {subprocess.py:93} INFO - [0m08:28:41  12 of 66 PASS not_null_raw_sj_weather_data__localtime_ ......................... [[32mPASS[0m in 0.83s]
[2025-05-01T08:28:41.182+0000] {subprocess.py:93} INFO - [0m08:28:41  13 of 66 START test unique_raw_sj_weather_data__localtime_ ..................... [RUN]
[2025-05-01T08:28:42.122+0000] {subprocess.py:93} INFO - [0m08:28:42  13 of 66 PASS unique_raw_sj_weather_data__localtime_ ........................... [[32mPASS[0m in 0.94s]
[2025-05-01T08:28:42.128+0000] {subprocess.py:93} INFO - [0m08:28:42  14 of 66 START test dbt_expectations_expect_column_values_to_be_between_raw_zipcode_weather_data_CLOUDINESS__100__0  [RUN]
[2025-05-01T08:28:43.646+0000] {subprocess.py:93} INFO - [0m08:28:43  14 of 66 PASS dbt_expectations_expect_column_values_to_be_between_raw_zipcode_weather_data_CLOUDINESS__100__0  [[32mPASS[0m in 1.52s]
[2025-05-01T08:28:43.650+0000] {subprocess.py:93} INFO - [0m08:28:43  15 of 66 START test dbt_expectations_expect_column_values_to_be_between_raw_zipcode_weather_data_GUST_KPH__0  [RUN]
[2025-05-01T08:28:44.915+0000] {subprocess.py:93} INFO - [0m08:28:44  15 of 66 PASS dbt_expectations_expect_column_values_to_be_between_raw_zipcode_weather_data_GUST_KPH__0  [[32mPASS[0m in 1.26s]
[2025-05-01T08:28:44.919+0000] {subprocess.py:93} INFO - [0m08:28:44  16 of 66 START test dbt_expectations_expect_column_values_to_be_between_raw_zipcode_weather_data_HUMIDITY__0  [RUN]
[2025-05-01T08:28:45.777+0000] {subprocess.py:93} INFO - [0m08:28:45  16 of 66 PASS dbt_expectations_expect_column_values_to_be_between_raw_zipcode_weather_data_HUMIDITY__0  [[32mPASS[0m in 0.86s]
[2025-05-01T08:28:45.781+0000] {subprocess.py:93} INFO - [0m08:28:45  17 of 66 START test dbt_expectations_expect_column_values_to_be_between_raw_zipcode_weather_data_PRECIP_IN__0  [RUN]
[2025-05-01T08:28:46.551+0000] {subprocess.py:93} INFO - [0m08:28:46  17 of 66 PASS dbt_expectations_expect_column_values_to_be_between_raw_zipcode_weather_data_PRECIP_IN__0  [[32mPASS[0m in 0.77s]
[2025-05-01T08:28:46.554+0000] {subprocess.py:93} INFO - [0m08:28:46  18 of 66 START test dbt_expectations_expect_column_values_to_be_between_raw_zipcode_weather_data_UV__0  [RUN]
[2025-05-01T08:28:47.293+0000] {subprocess.py:93} INFO - [0m08:28:47  18 of 66 PASS dbt_expectations_expect_column_values_to_be_between_raw_zipcode_weather_data_UV__0  [[32mPASS[0m in 0.74s]
[2025-05-01T08:28:47.297+0000] {subprocess.py:93} INFO - [0m08:28:47  19 of 66 START test dbt_expectations_expect_column_values_to_be_between_raw_zipcode_weather_data_WIND_MPH__0  [RUN]
[2025-05-01T08:28:48.011+0000] {subprocess.py:93} INFO - [0m08:28:48  19 of 66 PASS dbt_expectations_expect_column_values_to_be_between_raw_zipcode_weather_data_WIND_MPH__0  [[32mPASS[0m in 0.71s]
[2025-05-01T08:28:48.014+0000] {subprocess.py:93} INFO - [0m08:28:48  20 of 66 START test not_null_raw_zipcode_weather_data_CLOUDINESS ............... [RUN]
[2025-05-01T08:28:48.713+0000] {subprocess.py:93} INFO - [0m08:28:48  20 of 66 PASS not_null_raw_zipcode_weather_data_CLOUDINESS ..................... [[32mPASS[0m in 0.70s]
[2025-05-01T08:28:48.716+0000] {subprocess.py:93} INFO - [0m08:28:48  21 of 66 START test not_null_raw_zipcode_weather_data_CONDITION ................ [RUN]
[2025-05-01T08:28:50.117+0000] {subprocess.py:93} INFO - [0m08:28:50  21 of 66 PASS not_null_raw_zipcode_weather_data_CONDITION ...................... [[32mPASS[0m in 1.40s]
[2025-05-01T08:28:50.120+0000] {subprocess.py:93} INFO - [0m08:28:50  22 of 66 START test not_null_raw_zipcode_weather_data_GUST_KPH ................. [RUN]
[2025-05-01T08:28:50.818+0000] {subprocess.py:93} INFO - [0m08:28:50  22 of 66 PASS not_null_raw_zipcode_weather_data_GUST_KPH ....................... [[32mPASS[0m in 0.70s]
[2025-05-01T08:28:50.819+0000] {subprocess.py:93} INFO - [0m08:28:50  23 of 66 START test not_null_raw_zipcode_weather_data_HUMIDITY ................. [RUN]
[2025-05-01T08:28:51.462+0000] {subprocess.py:93} INFO - [0m08:28:51  23 of 66 PASS not_null_raw_zipcode_weather_data_HUMIDITY ....................... [[32mPASS[0m in 0.64s]
[2025-05-01T08:28:51.466+0000] {subprocess.py:93} INFO - [0m08:28:51  24 of 66 START test not_null_raw_zipcode_weather_data_LAT ...................... [RUN]
[2025-05-01T08:28:52.188+0000] {subprocess.py:93} INFO - [0m08:28:52  24 of 66 PASS not_null_raw_zipcode_weather_data_LAT ............................ [[32mPASS[0m in 0.72s]
[2025-05-01T08:28:52.192+0000] {subprocess.py:93} INFO - [0m08:28:52  25 of 66 START test not_null_raw_zipcode_weather_data_LOCATION_NAME ............ [RUN]
[2025-05-01T08:28:53.044+0000] {subprocess.py:93} INFO - [0m08:28:53  25 of 66 PASS not_null_raw_zipcode_weather_data_LOCATION_NAME .................. [[32mPASS[0m in 0.85s]
[2025-05-01T08:28:53.048+0000] {subprocess.py:93} INFO - [0m08:28:53  26 of 66 START test not_null_raw_zipcode_weather_data_LON ...................... [RUN]
[2025-05-01T08:28:54.540+0000] {subprocess.py:93} INFO - [0m08:28:54  26 of 66 PASS not_null_raw_zipcode_weather_data_LON ............................ [[32mPASS[0m in 1.49s]
[2025-05-01T08:28:54.541+0000] {subprocess.py:93} INFO - [0m08:28:54  27 of 66 START test not_null_raw_zipcode_weather_data_PRECIP_IN ................ [RUN]
[2025-05-01T08:28:55.265+0000] {subprocess.py:93} INFO - [0m08:28:55  27 of 66 PASS not_null_raw_zipcode_weather_data_PRECIP_IN ...................... [[32mPASS[0m in 0.72s]
[2025-05-01T08:28:55.267+0000] {subprocess.py:93} INFO - [0m08:28:55  28 of 66 START test not_null_raw_zipcode_weather_data_TEMP_F ................... [RUN]
[2025-05-01T08:28:56.101+0000] {subprocess.py:93} INFO - [0m08:28:56  28 of 66 PASS not_null_raw_zipcode_weather_data_TEMP_F ......................... [[32mPASS[0m in 0.83s]
[2025-05-01T08:28:56.109+0000] {subprocess.py:93} INFO - [0m08:28:56  29 of 66 START test not_null_raw_zipcode_weather_data_UV ....................... [RUN]
[2025-05-01T08:28:56.961+0000] {subprocess.py:93} INFO - [0m08:28:56  29 of 66 PASS not_null_raw_zipcode_weather_data_UV ............................. [[32mPASS[0m in 0.85s]
[2025-05-01T08:28:56.964+0000] {subprocess.py:93} INFO - [0m08:28:56  30 of 66 START test not_null_raw_zipcode_weather_data_WIND_DIR ................. [RUN]
[2025-05-01T08:28:57.682+0000] {subprocess.py:93} INFO - [0m08:28:57  30 of 66 PASS not_null_raw_zipcode_weather_data_WIND_DIR ....................... [[32mPASS[0m in 0.72s]
[2025-05-01T08:28:57.685+0000] {subprocess.py:93} INFO - [0m08:28:57  31 of 66 START test not_null_raw_zipcode_weather_data_WIND_MPH ................. [RUN]
[2025-05-01T08:28:58.392+0000] {subprocess.py:93} INFO - [0m08:28:58  31 of 66 PASS not_null_raw_zipcode_weather_data_WIND_MPH ....................... [[32mPASS[0m in 0.70s]
[2025-05-01T08:28:58.396+0000] {subprocess.py:93} INFO - [0m08:28:58  32 of 66 START test not_null_raw_zipcode_weather_data_localtime ................ [RUN]
[2025-05-01T08:28:59.113+0000] {subprocess.py:93} INFO - [0m08:28:59  32 of 66 PASS not_null_raw_zipcode_weather_data_localtime ...................... [[32mPASS[0m in 0.71s]
[2025-05-01T08:28:59.118+0000] {subprocess.py:93} INFO - [0m08:28:59  33 of 66 START sql table model analytics.average_sj_weather .................... [RUN]
[2025-05-01T08:29:00.523+0000] {subprocess.py:93} INFO - [0m08:29:00  33 of 66 OK created sql table model analytics.average_sj_weather ............... [[32mSUCCESS 1[0m in 1.39s]
[2025-05-01T08:29:00.527+0000] {subprocess.py:93} INFO - [0m08:29:00  34 of 66 START sql table model analytics.filtered_sj_weather ................... [RUN]
[2025-05-01T08:29:01.931+0000] {subprocess.py:93} INFO - [0m08:29:01  34 of 66 OK created sql table model analytics.filtered_sj_weather .............. [[32mSUCCESS 1[0m in 1.40s]
[2025-05-01T08:29:01.932+0000] {subprocess.py:93} INFO - [0m08:29:01  35 of 66 START snapshot "snapshots".snapshot_sj_weather ........................ [RUN]
[2025-05-01T08:29:03.613+0000] {subprocess.py:93} INFO - [0m08:29:03  35 of 66 OK snapshotted "snapshots".snapshot_sj_weather ........................ [[32mSUCCESS 1[0m in 1.68s]
[2025-05-01T08:29:03.616+0000] {subprocess.py:93} INFO - [0m08:29:03  36 of 66 START sql table model analytics.average_zipcode_data .................. [RUN]
[2025-05-01T08:29:05.540+0000] {subprocess.py:93} INFO - [0m08:29:05  36 of 66 OK created sql table model analytics.average_zipcode_data ............. [[32mSUCCESS 1[0m in 1.92s]
[2025-05-01T08:29:05.546+0000] {subprocess.py:93} INFO - [0m08:29:05  37 of 66 START sql table model analytics.filtered_zipcode_data ................. [RUN]
[2025-05-01T08:29:07.190+0000] {subprocess.py:93} INFO - [0m08:29:07  37 of 66 OK created sql table model analytics.filtered_zipcode_data ............ [[32mSUCCESS 1[0m in 1.64s]
[2025-05-01T08:29:07.194+0000] {subprocess.py:93} INFO - [0m08:29:07  38 of 66 START snapshot snapshots.snapshot_zipcode_weather ..................... [RUN]
[2025-05-01T08:29:12.916+0000] {subprocess.py:93} INFO - [0m08:29:12  38 of 66 OK snapshotted snapshots.snapshot_zipcode_weather ..................... [[32mSUCCESS 0[0m in 5.72s]
[2025-05-01T08:29:12.919+0000] {subprocess.py:93} INFO - [0m08:29:12  39 of 66 START test dbt_expectations_expect_column_values_to_be_between_average_sj_weather_AVERAGE_HUMIDITY__0  [RUN]
[2025-05-01T08:29:14.454+0000] {subprocess.py:93} INFO - [0m08:29:14  39 of 66 PASS dbt_expectations_expect_column_values_to_be_between_average_sj_weather_AVERAGE_HUMIDITY__0  [[32mPASS[0m in 1.53s]
[2025-05-01T08:29:14.458+0000] {subprocess.py:93} INFO - [0m08:29:14  40 of 66 START test dbt_expectations_expect_column_values_to_be_between_average_sj_weather_AVERAGE_PRECIP_IN__0  [RUN]
[2025-05-01T08:29:15.194+0000] {subprocess.py:93} INFO - [0m08:29:15  40 of 66 PASS dbt_expectations_expect_column_values_to_be_between_average_sj_weather_AVERAGE_PRECIP_IN__0  [[32mPASS[0m in 0.73s]
[2025-05-01T08:29:15.199+0000] {subprocess.py:93} INFO - [0m08:29:15  41 of 66 START test dbt_expectations_expect_column_values_to_be_between_average_sj_weather_AVERAGE_UV__0  [RUN]
[2025-05-01T08:29:16.126+0000] {subprocess.py:93} INFO - [0m08:29:16  41 of 66 PASS dbt_expectations_expect_column_values_to_be_between_average_sj_weather_AVERAGE_UV__0  [[32mPASS[0m in 0.92s]
[2025-05-01T08:29:16.129+0000] {subprocess.py:93} INFO - [0m08:29:16  42 of 66 START test dbt_expectations_expect_column_values_to_be_between_average_sj_weather_AVERAGE_WIND_MPH__0  [RUN]
[2025-05-01T08:29:17.135+0000] {subprocess.py:93} INFO - [0m08:29:17  42 of 66 PASS dbt_expectations_expect_column_values_to_be_between_average_sj_weather_AVERAGE_WIND_MPH__0  [[32mPASS[0m in 1.00s]
[2025-05-01T08:29:17.138+0000] {subprocess.py:93} INFO - [0m08:29:17  43 of 66 START test not_null_average_sj_weather_AVERAGE_HUMIDITY ............... [RUN]
[2025-05-01T08:29:19.170+0000] {subprocess.py:93} INFO - [0m08:29:19  43 of 66 PASS not_null_average_sj_weather_AVERAGE_HUMIDITY ..................... [[32mPASS[0m in 2.03s]
[2025-05-01T08:29:19.173+0000] {subprocess.py:93} INFO - [0m08:29:19  44 of 66 START test not_null_average_sj_weather_AVERAGE_PRECIP_IN .............. [RUN]
[2025-05-01T08:29:19.895+0000] {subprocess.py:93} INFO - [0m08:29:19  44 of 66 PASS not_null_average_sj_weather_AVERAGE_PRECIP_IN .................... [[32mPASS[0m in 0.72s]
[2025-05-01T08:29:19.900+0000] {subprocess.py:93} INFO - [0m08:29:19  45 of 66 START test not_null_average_sj_weather_AVERAGE_TEMP ................... [RUN]
[2025-05-01T08:29:20.752+0000] {subprocess.py:93} INFO - [0m08:29:20  45 of 66 PASS not_null_average_sj_weather_AVERAGE_TEMP ......................... [[32mPASS[0m in 0.85s]
[2025-05-01T08:29:20.756+0000] {subprocess.py:93} INFO - [0m08:29:20  46 of 66 START test not_null_average_sj_weather_AVERAGE_UV ..................... [RUN]
[2025-05-01T08:29:21.708+0000] {subprocess.py:93} INFO - [0m08:29:21  46 of 66 PASS not_null_average_sj_weather_AVERAGE_UV ........................... [[32mPASS[0m in 0.95s]
[2025-05-01T08:29:21.718+0000] {subprocess.py:93} INFO - [0m08:29:21  47 of 66 START test not_null_average_sj_weather_AVERAGE_WIND_MPH ............... [RUN]
[2025-05-01T08:29:22.662+0000] {subprocess.py:93} INFO - [0m08:29:22  47 of 66 PASS not_null_average_sj_weather_AVERAGE_WIND_MPH ..................... [[32mPASS[0m in 0.94s]
[2025-05-01T08:29:22.665+0000] {subprocess.py:93} INFO - [0m08:29:22  48 of 66 START test accepted_values_average_zipcode_data_REGION__Southern_California__Central_California__Northern_California  [RUN]
[2025-05-01T08:29:23.502+0000] {subprocess.py:93} INFO - [0m08:29:23  48 of 66 PASS accepted_values_average_zipcode_data_REGION__Southern_California__Central_California__Northern_California  [[32mPASS[0m in 0.83s]
[2025-05-01T08:29:23.508+0000] {subprocess.py:93} INFO - [0m08:29:23  49 of 66 START test dbt_expectations_expect_column_values_to_be_between_average_zipcode_data_AVERAGE_CLOUDINESS__0  [RUN]
[2025-05-01T08:29:25.805+0000] {subprocess.py:93} INFO - [0m08:29:25  49 of 66 PASS dbt_expectations_expect_column_values_to_be_between_average_zipcode_data_AVERAGE_CLOUDINESS__0  [[32mPASS[0m in 2.30s]
[2025-05-01T08:29:25.809+0000] {subprocess.py:93} INFO - [0m08:29:25  50 of 66 START test dbt_expectations_expect_column_values_to_be_between_average_zipcode_data_AVERAGE_GUST_SPEED_KPH__0  [RUN]
[2025-05-01T08:29:27.126+0000] {subprocess.py:93} INFO - [0m08:29:27  50 of 66 PASS dbt_expectations_expect_column_values_to_be_between_average_zipcode_data_AVERAGE_GUST_SPEED_KPH__0  [[32mPASS[0m in 1.31s]
[2025-05-01T08:29:27.129+0000] {subprocess.py:93} INFO - [0m08:29:27  51 of 66 START test dbt_expectations_expect_column_values_to_be_between_average_zipcode_data_AVERAGE_HUMIDITY__0  [RUN]
[2025-05-01T08:29:29.142+0000] {subprocess.py:93} INFO - [0m08:29:29  51 of 66 PASS dbt_expectations_expect_column_values_to_be_between_average_zipcode_data_AVERAGE_HUMIDITY__0  [[32mPASS[0m in 2.01s]
[2025-05-01T08:29:29.146+0000] {subprocess.py:93} INFO - [0m08:29:29  52 of 66 START test dbt_expectations_expect_column_values_to_be_between_average_zipcode_data_AVERAGE_UV__0  [RUN]
[2025-05-01T08:29:29.872+0000] {subprocess.py:93} INFO - [0m08:29:29  52 of 66 PASS dbt_expectations_expect_column_values_to_be_between_average_zipcode_data_AVERAGE_UV__0  [[32mPASS[0m in 0.72s]
[2025-05-01T08:29:29.875+0000] {subprocess.py:93} INFO - [0m08:29:29  53 of 66 START test dbt_expectations_expect_column_values_to_be_between_average_zipcode_data_AVERAGE_WIND_SPEED_MPH__0  [RUN]
[2025-05-01T08:29:31.080+0000] {subprocess.py:93} INFO - [0m08:29:31  53 of 66 PASS dbt_expectations_expect_column_values_to_be_between_average_zipcode_data_AVERAGE_WIND_SPEED_MPH__0  [[32mPASS[0m in 1.20s]
[2025-05-01T08:29:31.082+0000] {subprocess.py:93} INFO - [0m08:29:31  54 of 66 START test dbt_expectations_expect_column_values_to_be_between_average_zipcode_data_TOTAL_RAINFALL_INCHES__0  [RUN]
[2025-05-01T08:29:32.200+0000] {subprocess.py:93} INFO - [0m08:29:32  54 of 66 PASS dbt_expectations_expect_column_values_to_be_between_average_zipcode_data_TOTAL_RAINFALL_INCHES__0  [[32mPASS[0m in 1.12s]
[2025-05-01T08:29:32.203+0000] {subprocess.py:93} INFO - [0m08:29:32  55 of 66 START test not_null_average_zipcode_data_AVERAGE_CLOUDINESS ........... [RUN]
[2025-05-01T08:29:33.105+0000] {subprocess.py:93} INFO - [0m08:29:33  55 of 66 PASS not_null_average_zipcode_data_AVERAGE_CLOUDINESS ................. [[32mPASS[0m in 0.90s]
[2025-05-01T08:29:33.108+0000] {subprocess.py:93} INFO - [0m08:29:33  56 of 66 START test not_null_average_zipcode_data_AVERAGE_GUST_SPEED_KPH ....... [RUN]
[2025-05-01T08:29:33.866+0000] {subprocess.py:93} INFO - [0m08:29:33  56 of 66 PASS not_null_average_zipcode_data_AVERAGE_GUST_SPEED_KPH ............. [[32mPASS[0m in 0.76s]
[2025-05-01T08:29:33.868+0000] {subprocess.py:93} INFO - [0m08:29:33  57 of 66 START test not_null_average_zipcode_data_AVERAGE_HUMIDITY ............. [RUN]
[2025-05-01T08:29:35.253+0000] {subprocess.py:93} INFO - [0m08:29:35  57 of 66 PASS not_null_average_zipcode_data_AVERAGE_HUMIDITY ................... [[32mPASS[0m in 1.38s]
[2025-05-01T08:29:35.257+0000] {subprocess.py:93} INFO - [0m08:29:35  58 of 66 START test not_null_average_zipcode_data_AVERAGE_TEMPERATURE .......... [RUN]
[2025-05-01T08:29:36.173+0000] {subprocess.py:93} INFO - [0m08:29:36  58 of 66 PASS not_null_average_zipcode_data_AVERAGE_TEMPERATURE ................ [[32mPASS[0m in 0.91s]
[2025-05-01T08:29:36.175+0000] {subprocess.py:93} INFO - [0m08:29:36  59 of 66 START test not_null_average_zipcode_data_AVERAGE_UV ................... [RUN]
[2025-05-01T08:29:37.023+0000] {subprocess.py:93} INFO - [0m08:29:37  59 of 66 PASS not_null_average_zipcode_data_AVERAGE_UV ......................... [[32mPASS[0m in 0.85s]
[2025-05-01T08:29:37.025+0000] {subprocess.py:93} INFO - [0m08:29:37  60 of 66 START test not_null_average_zipcode_data_AVERAGE_WIND_SPEED_MPH ....... [RUN]
[2025-05-01T08:29:37.681+0000] {subprocess.py:93} INFO - [0m08:29:37  60 of 66 PASS not_null_average_zipcode_data_AVERAGE_WIND_SPEED_MPH ............. [[32mPASS[0m in 0.65s]
[2025-05-01T08:29:37.684+0000] {subprocess.py:93} INFO - [0m08:29:37  61 of 66 START test not_null_average_zipcode_data_EARLIEST_RECORD_DATE ......... [RUN]
[2025-05-01T08:29:39.110+0000] {subprocess.py:93} INFO - [0m08:29:39  61 of 66 PASS not_null_average_zipcode_data_EARLIEST_RECORD_DATE ............... [[32mPASS[0m in 1.42s]
[2025-05-01T08:29:39.113+0000] {subprocess.py:93} INFO - [0m08:29:39  62 of 66 START test not_null_average_zipcode_data_LATEST_RECORD_DATE ........... [RUN]
[2025-05-01T08:29:40.688+0000] {subprocess.py:93} INFO - [0m08:29:40  62 of 66 PASS not_null_average_zipcode_data_LATEST_RECORD_DATE ................. [[32mPASS[0m in 1.57s]
[2025-05-01T08:29:40.694+0000] {subprocess.py:93} INFO - [0m08:29:40  63 of 66 START test not_null_average_zipcode_data_REGION ....................... [RUN]
[2025-05-01T08:29:42.353+0000] {subprocess.py:93} INFO - [0m08:29:42  63 of 66 PASS not_null_average_zipcode_data_REGION ............................. [[32mPASS[0m in 1.66s]
[2025-05-01T08:29:42.356+0000] {subprocess.py:93} INFO - [0m08:29:42  64 of 66 START test not_null_average_zipcode_data_TOTAL_RAINFALL_INCHES ........ [RUN]
[2025-05-01T08:29:43.638+0000] {subprocess.py:93} INFO - [0m08:29:43  64 of 66 PASS not_null_average_zipcode_data_TOTAL_RAINFALL_INCHES .............. [[32mPASS[0m in 1.28s]
[2025-05-01T08:29:43.642+0000] {subprocess.py:93} INFO - [0m08:29:43  65 of 66 START test accepted_values_filtered_zipcode_data_REGION__Southern_California__Central_California__Northern_California  [RUN]
[2025-05-01T08:29:45.146+0000] {subprocess.py:93} INFO - [0m08:29:45  65 of 66 PASS accepted_values_filtered_zipcode_data_REGION__Southern_California__Central_California__Northern_California  [[32mPASS[0m in 1.50s]
[2025-05-01T08:29:45.149+0000] {subprocess.py:93} INFO - [0m08:29:45  66 of 66 START test not_null_filtered_zipcode_data_REGION ...................... [RUN]
[2025-05-01T08:29:45.971+0000] {subprocess.py:93} INFO - [0m08:29:45  66 of 66 PASS not_null_filtered_zipcode_data_REGION ............................ [[32mPASS[0m in 0.82s]
[2025-05-01T08:29:45.982+0000] {subprocess.py:93} INFO - [0m08:29:45
[2025-05-01T08:29:45.983+0000] {subprocess.py:93} INFO - [0m08:29:45  Finished running 2 snapshots, 4 table models, 60 data tests in 0 hours 1 minutes and 22.29 seconds (82.29s).
[2025-05-01T08:29:46.045+0000] {subprocess.py:93} INFO - [0m08:29:46
[2025-05-01T08:29:46.046+0000] {subprocess.py:93} INFO - [0m08:29:46  [32mCompleted successfully[0m
[2025-05-01T08:29:46.046+0000] {subprocess.py:93} INFO - [0m08:29:46
[2025-05-01T08:29:46.047+0000] {subprocess.py:93} INFO - [0m08:29:46  Done. PASS=66 WARN=0 ERROR=0 SKIP=0 TOTAL=66
[2025-05-01T08:29:47.006+0000] {subprocess.py:97} INFO - Command exited with return code 0
[2025-05-01T08:29:47.034+0000] {taskinstance.py:340} INFO - ::group::Post task execution logs
[2025-05-01T08:29:47.035+0000] {taskinstance.py:352} INFO - Marking task as SUCCESS. dag_id=BuildELT_dbt, task_id=dbt_build, run_id=scheduled__2025-05-01T06:30:00+00:00, execution_date=20250501T063000, start_date=20250501T082821, end_date=20250501T082947
[2025-05-01T08:29:47.092+0000] {local_task_job_runner.py:266} INFO - Task exited with return code 0
[2025-05-01T08:29:47.103+0000] {taskinstance.py:3900} INFO - 0 downstream tasks scheduled from follow-on schedule check
[2025-05-01T08:29:47.104+0000] {local_task_job_runner.py:245} INFO - ::endgroup::
