[2025-05-01T08:36:05.737+0000] {local_task_job_runner.py:123} INFO - ::group::Pre task execution logs
[2025-05-01T08:36:05.746+0000] {taskinstance.py:2612} INFO - Dependencies all met for dep_context=non-requeueable deps ti=<TaskInstance: build_weather_elt.dbt_build scheduled__2025-05-01T07:30:00+00:00 [queued]>
[2025-05-01T08:36:05.750+0000] {taskinstance.py:2612} INFO - Dependencies all met for dep_context=requeueable deps ti=<TaskInstance: build_weather_elt.dbt_build scheduled__2025-05-01T07:30:00+00:00 [queued]>
[2025-05-01T08:36:05.750+0000] {taskinstance.py:2865} INFO - Starting attempt 1 of 1
[2025-05-01T08:36:05.756+0000] {taskinstance.py:2888} INFO - Executing <Task(BashOperator): dbt_build> on 2025-05-01 07:30:00+00:00
[2025-05-01T08:36:05.770+0000] {logging_mixin.py:190} WARNING - /home/***/.local/lib/python3.12/site-packages/***/task/task_runner/standard_task_runner.py:70 DeprecationWarning: This process (pid=5552) is multi-threaded, use of fork() may lead to deadlocks in the child.
[2025-05-01T08:36:05.772+0000] {standard_task_runner.py:72} INFO - Started process 5553 to run task
[2025-05-01T08:36:05.768+0000] {standard_task_runner.py:104} INFO - Running: ['***', 'tasks', 'run', 'build_weather_elt', 'dbt_build', 'scheduled__2025-05-01T07:30:00+00:00', '--job-id', '143', '--raw', '--subdir', 'DAGS_FOLDER/weather_elt.py', '--cfg-path', '/tmp/tmpp089342k']
[2025-05-01T08:36:05.772+0000] {standard_task_runner.py:105} INFO - Job 143: Subtask dbt_build
[2025-05-01T08:36:05.802+0000] {task_command.py:467} INFO - Running <TaskInstance: build_weather_elt.dbt_build scheduled__2025-05-01T07:30:00+00:00 [running]> on host 50fb0a9bb8ff
[2025-05-01T08:36:05.846+0000] {taskinstance.py:3131} INFO - Exporting env vars: AIRFLOW_CTX_DAG_OWNER='***' AIRFLOW_CTX_DAG_ID='build_weather_elt' AIRFLOW_CTX_TASK_ID='dbt_build' AIRFLOW_CTX_EXECUTION_DATE='2025-05-01T07:30:00+00:00' AIRFLOW_CTX_TRY_NUMBER='1' AIRFLOW_CTX_DAG_RUN_ID='scheduled__2025-05-01T07:30:00+00:00'
[2025-05-01T08:36:05.846+0000] {taskinstance.py:731} INFO - ::endgroup::
[2025-05-01T08:36:05.857+0000] {subprocess.py:63} INFO - Tmp dir root location: /tmp
[2025-05-01T08:36:05.859+0000] {subprocess.py:75} INFO - Running command: ['/usr/bin/bash', '-c', '/home/***/.local/bin/dbt build --profiles-dir /opt/***/project_dbt --project-dir /opt/***/project_dbt']
[2025-05-01T08:36:05.865+0000] {subprocess.py:86} INFO - Output:
[2025-05-01T08:36:06.881+0000] {subprocess.py:93} INFO - [0m08:36:06  Running with dbt=1.9.0-b4
[2025-05-01T08:36:07.364+0000] {subprocess.py:93} INFO - [0m08:36:07  Registered adapter: snowflake=1.8.0
[2025-05-01T08:36:07.670+0000] {subprocess.py:93} INFO - [0m08:36:07  Found 6 models, 60 data tests, 2 snapshots, 2 sources, 725 macros
[2025-05-01T08:36:07.673+0000] {subprocess.py:93} INFO - [0m08:36:07
[2025-05-01T08:36:07.673+0000] {subprocess.py:93} INFO - [0m08:36:07  Concurrency: 1 threads (target='dev')
[2025-05-01T08:36:07.673+0000] {subprocess.py:93} INFO - [0m08:36:07
[2025-05-01T08:36:15.079+0000] {subprocess.py:93} INFO - [0m08:36:15  1 of 66 START test dbt_expectations_expect_column_values_to_be_between_raw_sj_weather_data_CLOUDINESS__100__0  [RUN]
[2025-05-01T08:36:15.790+0000] {subprocess.py:93} INFO - [0m08:36:15  1 of 66 PASS dbt_expectations_expect_column_values_to_be_between_raw_sj_weather_data_CLOUDINESS__100__0  [[32mPASS[0m in 0.71s]
[2025-05-01T08:36:15.793+0000] {subprocess.py:93} INFO - [0m08:36:15  2 of 66 START test dbt_expectations_expect_column_values_to_be_between_raw_sj_weather_data_HUMIDITY__0  [RUN]
[2025-05-01T08:36:17.702+0000] {subprocess.py:93} INFO - [0m08:36:17  2 of 66 PASS dbt_expectations_expect_column_values_to_be_between_raw_sj_weather_data_HUMIDITY__0  [[32mPASS[0m in 1.91s]
[2025-05-01T08:36:17.705+0000] {subprocess.py:93} INFO - [0m08:36:17  3 of 66 START test dbt_expectations_expect_column_values_to_be_between_raw_sj_weather_data_PRECIP_IN__0  [RUN]
[2025-05-01T08:36:18.496+0000] {subprocess.py:93} INFO - [0m08:36:18  3 of 66 PASS dbt_expectations_expect_column_values_to_be_between_raw_sj_weather_data_PRECIP_IN__0  [[32mPASS[0m in 0.79s]
[2025-05-01T08:36:18.498+0000] {subprocess.py:93} INFO - [0m08:36:18  4 of 66 START test dbt_expectations_expect_column_values_to_be_between_raw_sj_weather_data_UV__0  [RUN]
[2025-05-01T08:36:19.705+0000] {subprocess.py:93} INFO - [0m08:36:19  4 of 66 PASS dbt_expectations_expect_column_values_to_be_between_raw_sj_weather_data_UV__0  [[32mPASS[0m in 1.20s]
[2025-05-01T08:36:19.709+0000] {subprocess.py:93} INFO - [0m08:36:19  5 of 66 START test dbt_expectations_expect_column_values_to_be_between_raw_sj_weather_data_WIND_MPH__0  [RUN]
[2025-05-01T08:36:21.742+0000] {subprocess.py:93} INFO - [0m08:36:21  5 of 66 PASS dbt_expectations_expect_column_values_to_be_between_raw_sj_weather_data_WIND_MPH__0  [[32mPASS[0m in 2.03s]
[2025-05-01T08:36:21.744+0000] {subprocess.py:93} INFO - [0m08:36:21  6 of 66 START test not_null_raw_sj_weather_data_CLOUDINESS ..................... [RUN]
[2025-05-01T08:36:22.617+0000] {subprocess.py:93} INFO - [0m08:36:22  6 of 66 PASS not_null_raw_sj_weather_data_CLOUDINESS ........................... [[32mPASS[0m in 0.87s]
[2025-05-01T08:36:22.621+0000] {subprocess.py:93} INFO - [0m08:36:22  7 of 66 START test not_null_raw_sj_weather_data_HUMIDITY ....................... [RUN]
[2025-05-01T08:36:23.948+0000] {subprocess.py:93} INFO - [0m08:36:23  7 of 66 PASS not_null_raw_sj_weather_data_HUMIDITY ............................. [[32mPASS[0m in 1.32s]
[2025-05-01T08:36:23.952+0000] {subprocess.py:93} INFO - [0m08:36:23  8 of 66 START test not_null_raw_sj_weather_data_PRECIP_IN ...................... [RUN]
[2025-05-01T08:36:25.094+0000] {subprocess.py:93} INFO - [0m08:36:25  8 of 66 PASS not_null_raw_sj_weather_data_PRECIP_IN ............................ [[32mPASS[0m in 1.14s]
[2025-05-01T08:36:25.096+0000] {subprocess.py:93} INFO - [0m08:36:25  9 of 66 START test not_null_raw_sj_weather_data_TEMP_F ......................... [RUN]
[2025-05-01T08:36:25.932+0000] {subprocess.py:93} INFO - [0m08:36:25  9 of 66 PASS not_null_raw_sj_weather_data_TEMP_F ............................... [[32mPASS[0m in 0.83s]
[2025-05-01T08:36:25.935+0000] {subprocess.py:93} INFO - [0m08:36:25  10 of 66 START test not_null_raw_sj_weather_data_UV ............................ [RUN]
[2025-05-01T08:36:27.113+0000] {subprocess.py:93} INFO - [0m08:36:27  10 of 66 PASS not_null_raw_sj_weather_data_UV .................................. [[32mPASS[0m in 1.17s]
[2025-05-01T08:36:27.117+0000] {subprocess.py:93} INFO - [0m08:36:27  11 of 66 START test not_null_raw_sj_weather_data_WIND_MPH ...................... [RUN]
[2025-05-01T08:36:27.865+0000] {subprocess.py:93} INFO - [0m08:36:27  11 of 66 PASS not_null_raw_sj_weather_data_WIND_MPH ............................ [[32mPASS[0m in 0.75s]
[2025-05-01T08:36:27.867+0000] {subprocess.py:93} INFO - [0m08:36:27  12 of 66 START test not_null_raw_sj_weather_data__localtime_ ................... [RUN]
[2025-05-01T08:36:28.861+0000] {subprocess.py:93} INFO - [0m08:36:28  12 of 66 PASS not_null_raw_sj_weather_data__localtime_ ......................... [[32mPASS[0m in 0.99s]
[2025-05-01T08:36:28.864+0000] {subprocess.py:93} INFO - [0m08:36:28  13 of 66 START test unique_raw_sj_weather_data__localtime_ ..................... [RUN]
[2025-05-01T08:36:29.644+0000] {subprocess.py:93} INFO - [0m08:36:29  13 of 66 PASS unique_raw_sj_weather_data__localtime_ ........................... [[32mPASS[0m in 0.78s]
[2025-05-01T08:36:29.646+0000] {subprocess.py:93} INFO - [0m08:36:29  14 of 66 START test dbt_expectations_expect_column_values_to_be_between_raw_zipcode_weather_data_CLOUDINESS__100__0  [RUN]
[2025-05-01T08:36:31.173+0000] {subprocess.py:93} INFO - [0m08:36:31  14 of 66 PASS dbt_expectations_expect_column_values_to_be_between_raw_zipcode_weather_data_CLOUDINESS__100__0  [[32mPASS[0m in 1.52s]
[2025-05-01T08:36:31.175+0000] {subprocess.py:93} INFO - [0m08:36:31  15 of 66 START test dbt_expectations_expect_column_values_to_be_between_raw_zipcode_weather_data_GUST_KPH__0  [RUN]
[2025-05-01T08:36:32.144+0000] {subprocess.py:93} INFO - [0m08:36:32  15 of 66 PASS dbt_expectations_expect_column_values_to_be_between_raw_zipcode_weather_data_GUST_KPH__0  [[32mPASS[0m in 0.97s]
[2025-05-01T08:36:32.149+0000] {subprocess.py:93} INFO - [0m08:36:32  16 of 66 START test dbt_expectations_expect_column_values_to_be_between_raw_zipcode_weather_data_HUMIDITY__0  [RUN]
[2025-05-01T08:36:33.045+0000] {subprocess.py:93} INFO - [0m08:36:33  16 of 66 PASS dbt_expectations_expect_column_values_to_be_between_raw_zipcode_weather_data_HUMIDITY__0  [[32mPASS[0m in 0.89s]
[2025-05-01T08:36:33.049+0000] {subprocess.py:93} INFO - [0m08:36:33  17 of 66 START test dbt_expectations_expect_column_values_to_be_between_raw_zipcode_weather_data_PRECIP_IN__0  [RUN]
[2025-05-01T08:36:33.799+0000] {subprocess.py:93} INFO - [0m08:36:33  17 of 66 PASS dbt_expectations_expect_column_values_to_be_between_raw_zipcode_weather_data_PRECIP_IN__0  [[32mPASS[0m in 0.75s]
[2025-05-01T08:36:33.802+0000] {subprocess.py:93} INFO - [0m08:36:33  18 of 66 START test dbt_expectations_expect_column_values_to_be_between_raw_zipcode_weather_data_UV__0  [RUN]
[2025-05-01T08:36:35.624+0000] {subprocess.py:93} INFO - [0m08:36:35  18 of 66 PASS dbt_expectations_expect_column_values_to_be_between_raw_zipcode_weather_data_UV__0  [[32mPASS[0m in 1.82s]
[2025-05-01T08:36:35.627+0000] {subprocess.py:93} INFO - [0m08:36:35  19 of 66 START test dbt_expectations_expect_column_values_to_be_between_raw_zipcode_weather_data_WIND_MPH__0  [RUN]
[2025-05-01T08:36:36.943+0000] {subprocess.py:93} INFO - [0m08:36:36  19 of 66 PASS dbt_expectations_expect_column_values_to_be_between_raw_zipcode_weather_data_WIND_MPH__0  [[32mPASS[0m in 1.31s]
[2025-05-01T08:36:36.946+0000] {subprocess.py:93} INFO - [0m08:36:36  20 of 66 START test not_null_raw_zipcode_weather_data_CLOUDINESS ............... [RUN]
[2025-05-01T08:36:38.547+0000] {subprocess.py:93} INFO - [0m08:36:38  20 of 66 PASS not_null_raw_zipcode_weather_data_CLOUDINESS ..................... [[32mPASS[0m in 1.60s]
[2025-05-01T08:36:38.550+0000] {subprocess.py:93} INFO - [0m08:36:38  21 of 66 START test not_null_raw_zipcode_weather_data_CONDITION ................ [RUN]
[2025-05-01T08:36:40.301+0000] {subprocess.py:93} INFO - [0m08:36:40  21 of 66 PASS not_null_raw_zipcode_weather_data_CONDITION ...................... [[32mPASS[0m in 1.75s]
[2025-05-01T08:36:40.303+0000] {subprocess.py:93} INFO - [0m08:36:40  22 of 66 START test not_null_raw_zipcode_weather_data_GUST_KPH ................. [RUN]
[2025-05-01T08:36:41.075+0000] {subprocess.py:93} INFO - [0m08:36:41  22 of 66 PASS not_null_raw_zipcode_weather_data_GUST_KPH ....................... [[32mPASS[0m in 0.77s]
[2025-05-01T08:36:41.078+0000] {subprocess.py:93} INFO - [0m08:36:41  23 of 66 START test not_null_raw_zipcode_weather_data_HUMIDITY ................. [RUN]
[2025-05-01T08:36:42.099+0000] {subprocess.py:93} INFO - [0m08:36:42  23 of 66 PASS not_null_raw_zipcode_weather_data_HUMIDITY ....................... [[32mPASS[0m in 1.02s]
[2025-05-01T08:36:42.104+0000] {subprocess.py:93} INFO - [0m08:36:42  24 of 66 START test not_null_raw_zipcode_weather_data_LAT ...................... [RUN]
[2025-05-01T08:36:43.409+0000] {subprocess.py:93} INFO - [0m08:36:43  24 of 66 PASS not_null_raw_zipcode_weather_data_LAT ............................ [[32mPASS[0m in 1.30s]
[2025-05-01T08:36:43.412+0000] {subprocess.py:93} INFO - [0m08:36:43  25 of 66 START test not_null_raw_zipcode_weather_data_LOCATION_NAME ............ [RUN]
[2025-05-01T08:36:44.190+0000] {subprocess.py:93} INFO - [0m08:36:44  25 of 66 PASS not_null_raw_zipcode_weather_data_LOCATION_NAME .................. [[32mPASS[0m in 0.78s]
[2025-05-01T08:36:44.194+0000] {subprocess.py:93} INFO - [0m08:36:44  26 of 66 START test not_null_raw_zipcode_weather_data_LON ...................... [RUN]
[2025-05-01T08:36:45.029+0000] {subprocess.py:93} INFO - [0m08:36:45  26 of 66 PASS not_null_raw_zipcode_weather_data_LON ............................ [[32mPASS[0m in 0.83s]
[2025-05-01T08:36:45.032+0000] {subprocess.py:93} INFO - [0m08:36:45  27 of 66 START test not_null_raw_zipcode_weather_data_PRECIP_IN ................ [RUN]
[2025-05-01T08:36:46.056+0000] {subprocess.py:93} INFO - [0m08:36:46  27 of 66 PASS not_null_raw_zipcode_weather_data_PRECIP_IN ...................... [[32mPASS[0m in 1.02s]
[2025-05-01T08:36:46.068+0000] {subprocess.py:93} INFO - [0m08:36:46  28 of 66 START test not_null_raw_zipcode_weather_data_TEMP_F ................... [RUN]
[2025-05-01T08:36:46.785+0000] {subprocess.py:93} INFO - [0m08:36:46  28 of 66 PASS not_null_raw_zipcode_weather_data_TEMP_F ......................... [[32mPASS[0m in 0.71s]
[2025-05-01T08:36:46.787+0000] {subprocess.py:93} INFO - [0m08:36:46  29 of 66 START test not_null_raw_zipcode_weather_data_UV ....................... [RUN]
[2025-05-01T08:36:47.672+0000] {subprocess.py:93} INFO - [0m08:36:47  29 of 66 PASS not_null_raw_zipcode_weather_data_UV ............................. [[32mPASS[0m in 0.88s]
[2025-05-01T08:36:47.674+0000] {subprocess.py:93} INFO - [0m08:36:47  30 of 66 START test not_null_raw_zipcode_weather_data_WIND_DIR ................. [RUN]
[2025-05-01T08:36:48.478+0000] {subprocess.py:93} INFO - [0m08:36:48  30 of 66 PASS not_null_raw_zipcode_weather_data_WIND_DIR ....................... [[32mPASS[0m in 0.80s]
[2025-05-01T08:36:48.481+0000] {subprocess.py:93} INFO - [0m08:36:48  31 of 66 START test not_null_raw_zipcode_weather_data_WIND_MPH ................. [RUN]
[2025-05-01T08:36:49.548+0000] {subprocess.py:93} INFO - [0m08:36:49  31 of 66 PASS not_null_raw_zipcode_weather_data_WIND_MPH ....................... [[32mPASS[0m in 1.06s]
[2025-05-01T08:36:49.553+0000] {subprocess.py:93} INFO - [0m08:36:49  32 of 66 START test not_null_raw_zipcode_weather_data_localtime ................ [RUN]
[2025-05-01T08:36:50.319+0000] {subprocess.py:93} INFO - [0m08:36:50  32 of 66 PASS not_null_raw_zipcode_weather_data_localtime ...................... [[32mPASS[0m in 0.76s]
[2025-05-01T08:36:50.320+0000] {subprocess.py:93} INFO - [0m08:36:50  33 of 66 START sql table model analytics.average_sj_weather .................... [RUN]
[2025-05-01T08:36:52.427+0000] {subprocess.py:93} INFO - [0m08:36:52  33 of 66 OK created sql table model analytics.average_sj_weather ............... [[32mSUCCESS 1[0m in 2.10s]
[2025-05-01T08:36:52.430+0000] {subprocess.py:93} INFO - [0m08:36:52  34 of 66 START sql table model analytics.filtered_sj_weather ................... [RUN]
[2025-05-01T08:36:53.765+0000] {subprocess.py:93} INFO - [0m08:36:53  34 of 66 OK created sql table model analytics.filtered_sj_weather .............. [[32mSUCCESS 1[0m in 1.33s]
[2025-05-01T08:36:53.769+0000] {subprocess.py:93} INFO - [0m08:36:53  35 of 66 START snapshot "snapshots".snapshot_sj_weather ........................ [RUN]
[2025-05-01T08:36:55.376+0000] {subprocess.py:93} INFO - [0m08:36:55  35 of 66 OK snapshotted "snapshots".snapshot_sj_weather ........................ [[32mSUCCESS 1[0m in 1.60s]
[2025-05-01T08:36:55.379+0000] {subprocess.py:93} INFO - [0m08:36:55  36 of 66 START sql table model analytics.average_zipcode_data .................. [RUN]
[2025-05-01T08:36:56.918+0000] {subprocess.py:93} INFO - [0m08:36:56  36 of 66 OK created sql table model analytics.average_zipcode_data ............. [[32mSUCCESS 1[0m in 1.54s]
[2025-05-01T08:36:56.920+0000] {subprocess.py:93} INFO - [0m08:36:56  37 of 66 START sql table model analytics.filtered_zipcode_data ................. [RUN]
[2025-05-01T08:36:59.219+0000] {subprocess.py:93} INFO - [0m08:36:59  37 of 66 OK created sql table model analytics.filtered_zipcode_data ............ [[32mSUCCESS 1[0m in 2.29s]
[2025-05-01T08:36:59.226+0000] {subprocess.py:93} INFO - [0m08:36:59  38 of 66 START snapshot snapshots.snapshot_zipcode_weather ..................... [RUN]
[2025-05-01T08:37:04.667+0000] {subprocess.py:93} INFO - [0m08:37:04  38 of 66 OK snapshotted snapshots.snapshot_zipcode_weather ..................... [[32mSUCCESS 0[0m in 5.43s]
[2025-05-01T08:37:04.685+0000] {subprocess.py:93} INFO - [0m08:37:04  39 of 66 START test dbt_expectations_expect_column_values_to_be_between_average_sj_weather_AVERAGE_HUMIDITY__0  [RUN]
[2025-05-01T08:37:05.890+0000] {subprocess.py:93} INFO - [0m08:37:05  39 of 66 PASS dbt_expectations_expect_column_values_to_be_between_average_sj_weather_AVERAGE_HUMIDITY__0  [[32mPASS[0m in 1.22s]
[2025-05-01T08:37:05.892+0000] {subprocess.py:93} INFO - [0m08:37:05  40 of 66 START test dbt_expectations_expect_column_values_to_be_between_average_sj_weather_AVERAGE_PRECIP_IN__0  [RUN]
[2025-05-01T08:37:06.877+0000] {subprocess.py:93} INFO - [0m08:37:06  40 of 66 PASS dbt_expectations_expect_column_values_to_be_between_average_sj_weather_AVERAGE_PRECIP_IN__0  [[32mPASS[0m in 0.98s]
[2025-05-01T08:37:06.881+0000] {subprocess.py:93} INFO - [0m08:37:06  41 of 66 START test dbt_expectations_expect_column_values_to_be_between_average_sj_weather_AVERAGE_UV__0  [RUN]
[2025-05-01T08:37:07.734+0000] {subprocess.py:93} INFO - [0m08:37:07  41 of 66 PASS dbt_expectations_expect_column_values_to_be_between_average_sj_weather_AVERAGE_UV__0  [[32mPASS[0m in 0.85s]
[2025-05-01T08:37:07.736+0000] {subprocess.py:93} INFO - [0m08:37:07  42 of 66 START test dbt_expectations_expect_column_values_to_be_between_average_sj_weather_AVERAGE_WIND_MPH__0  [RUN]
[2025-05-01T08:37:08.884+0000] {subprocess.py:93} INFO - [0m08:37:08  42 of 66 PASS dbt_expectations_expect_column_values_to_be_between_average_sj_weather_AVERAGE_WIND_MPH__0  [[32mPASS[0m in 1.15s]
[2025-05-01T08:37:08.888+0000] {subprocess.py:93} INFO - [0m08:37:08  43 of 66 START test not_null_average_sj_weather_AVERAGE_HUMIDITY ............... [RUN]
[2025-05-01T08:37:10.135+0000] {subprocess.py:93} INFO - [0m08:37:10  43 of 66 PASS not_null_average_sj_weather_AVERAGE_HUMIDITY ..................... [[32mPASS[0m in 1.24s]
[2025-05-01T08:37:10.137+0000] {subprocess.py:93} INFO - [0m08:37:10  44 of 66 START test not_null_average_sj_weather_AVERAGE_PRECIP_IN .............. [RUN]
[2025-05-01T08:37:11.445+0000] {subprocess.py:93} INFO - [0m08:37:11  44 of 66 PASS not_null_average_sj_weather_AVERAGE_PRECIP_IN .................... [[32mPASS[0m in 1.31s]
[2025-05-01T08:37:11.449+0000] {subprocess.py:93} INFO - [0m08:37:11  45 of 66 START test not_null_average_sj_weather_AVERAGE_TEMP ................... [RUN]
[2025-05-01T08:37:12.375+0000] {subprocess.py:93} INFO - [0m08:37:12  45 of 66 PASS not_null_average_sj_weather_AVERAGE_TEMP ......................... [[32mPASS[0m in 0.92s]
[2025-05-01T08:37:12.379+0000] {subprocess.py:93} INFO - [0m08:37:12  46 of 66 START test not_null_average_sj_weather_AVERAGE_UV ..................... [RUN]
[2025-05-01T08:37:13.344+0000] {subprocess.py:93} INFO - [0m08:37:13  46 of 66 PASS not_null_average_sj_weather_AVERAGE_UV ........................... [[32mPASS[0m in 0.96s]
[2025-05-01T08:37:13.347+0000] {subprocess.py:93} INFO - [0m08:37:13  47 of 66 START test not_null_average_sj_weather_AVERAGE_WIND_MPH ............... [RUN]
[2025-05-01T08:37:14.289+0000] {subprocess.py:93} INFO - [0m08:37:14  47 of 66 PASS not_null_average_sj_weather_AVERAGE_WIND_MPH ..................... [[32mPASS[0m in 0.94s]
[2025-05-01T08:37:14.294+0000] {subprocess.py:93} INFO - [0m08:37:14  48 of 66 START test accepted_values_average_zipcode_data_REGION__Southern_California__Central_California__Northern_California  [RUN]
[2025-05-01T08:37:15.661+0000] {subprocess.py:93} INFO - [0m08:37:15  48 of 66 PASS accepted_values_average_zipcode_data_REGION__Southern_California__Central_California__Northern_California  [[32mPASS[0m in 1.36s]
[2025-05-01T08:37:15.665+0000] {subprocess.py:93} INFO - [0m08:37:15  49 of 66 START test dbt_expectations_expect_column_values_to_be_between_average_zipcode_data_AVERAGE_CLOUDINESS__0  [RUN]
[2025-05-01T08:37:16.583+0000] {subprocess.py:93} INFO - [0m08:37:16  49 of 66 PASS dbt_expectations_expect_column_values_to_be_between_average_zipcode_data_AVERAGE_CLOUDINESS__0  [[32mPASS[0m in 0.92s]
[2025-05-01T08:37:16.586+0000] {subprocess.py:93} INFO - [0m08:37:16  50 of 66 START test dbt_expectations_expect_column_values_to_be_between_average_zipcode_data_AVERAGE_GUST_SPEED_KPH__0  [RUN]
[2025-05-01T08:37:17.588+0000] {subprocess.py:93} INFO - [0m08:37:17  50 of 66 PASS dbt_expectations_expect_column_values_to_be_between_average_zipcode_data_AVERAGE_GUST_SPEED_KPH__0  [[32mPASS[0m in 1.00s]
[2025-05-01T08:37:17.590+0000] {subprocess.py:93} INFO - [0m08:37:17  51 of 66 START test dbt_expectations_expect_column_values_to_be_between_average_zipcode_data_AVERAGE_HUMIDITY__0  [RUN]
[2025-05-01T08:37:19.176+0000] {subprocess.py:93} INFO - [0m08:37:19  51 of 66 PASS dbt_expectations_expect_column_values_to_be_between_average_zipcode_data_AVERAGE_HUMIDITY__0  [[32mPASS[0m in 1.58s]
[2025-05-01T08:37:19.179+0000] {subprocess.py:93} INFO - [0m08:37:19  52 of 66 START test dbt_expectations_expect_column_values_to_be_between_average_zipcode_data_AVERAGE_UV__0  [RUN]
[2025-05-01T08:37:20.255+0000] {subprocess.py:93} INFO - [0m08:37:20  52 of 66 PASS dbt_expectations_expect_column_values_to_be_between_average_zipcode_data_AVERAGE_UV__0  [[32mPASS[0m in 1.07s]
[2025-05-01T08:37:20.259+0000] {subprocess.py:93} INFO - [0m08:37:20  53 of 66 START test dbt_expectations_expect_column_values_to_be_between_average_zipcode_data_AVERAGE_WIND_SPEED_MPH__0  [RUN]
[2025-05-01T08:37:21.527+0000] {subprocess.py:93} INFO - [0m08:37:21  53 of 66 PASS dbt_expectations_expect_column_values_to_be_between_average_zipcode_data_AVERAGE_WIND_SPEED_MPH__0  [[32mPASS[0m in 1.26s]
[2025-05-01T08:37:21.529+0000] {subprocess.py:93} INFO - [0m08:37:21  54 of 66 START test dbt_expectations_expect_column_values_to_be_between_average_zipcode_data_TOTAL_RAINFALL_INCHES__0  [RUN]
[2025-05-01T08:37:23.178+0000] {subprocess.py:93} INFO - [0m08:37:23  54 of 66 PASS dbt_expectations_expect_column_values_to_be_between_average_zipcode_data_TOTAL_RAINFALL_INCHES__0  [[32mPASS[0m in 1.65s]
[2025-05-01T08:37:23.181+0000] {subprocess.py:93} INFO - [0m08:37:23  55 of 66 START test not_null_average_zipcode_data_AVERAGE_CLOUDINESS ........... [RUN]
[2025-05-01T08:37:24.042+0000] {subprocess.py:93} INFO - [0m08:37:24  55 of 66 PASS not_null_average_zipcode_data_AVERAGE_CLOUDINESS ................. [[32mPASS[0m in 0.86s]
[2025-05-01T08:37:24.045+0000] {subprocess.py:93} INFO - [0m08:37:24  56 of 66 START test not_null_average_zipcode_data_AVERAGE_GUST_SPEED_KPH ....... [RUN]
[2025-05-01T08:37:25.780+0000] {subprocess.py:93} INFO - [0m08:37:25  56 of 66 PASS not_null_average_zipcode_data_AVERAGE_GUST_SPEED_KPH ............. [[32mPASS[0m in 1.73s]
[2025-05-01T08:37:25.783+0000] {subprocess.py:93} INFO - [0m08:37:25  57 of 66 START test not_null_average_zipcode_data_AVERAGE_HUMIDITY ............. [RUN]
[2025-05-01T08:37:27.168+0000] {subprocess.py:93} INFO - [0m08:37:27  57 of 66 PASS not_null_average_zipcode_data_AVERAGE_HUMIDITY ................... [[32mPASS[0m in 1.38s]
[2025-05-01T08:37:27.173+0000] {subprocess.py:93} INFO - [0m08:37:27  58 of 66 START test not_null_average_zipcode_data_AVERAGE_TEMPERATURE .......... [RUN]
[2025-05-01T08:37:28.026+0000] {subprocess.py:93} INFO - [0m08:37:28  58 of 66 PASS not_null_average_zipcode_data_AVERAGE_TEMPERATURE ................ [[32mPASS[0m in 0.85s]
[2025-05-01T08:37:28.030+0000] {subprocess.py:93} INFO - [0m08:37:28  59 of 66 START test not_null_average_zipcode_data_AVERAGE_UV ................... [RUN]
[2025-05-01T08:37:30.528+0000] {subprocess.py:93} INFO - [0m08:37:30  59 of 66 PASS not_null_average_zipcode_data_AVERAGE_UV ......................... [[32mPASS[0m in 2.49s]
[2025-05-01T08:37:30.533+0000] {subprocess.py:93} INFO - [0m08:37:30  60 of 66 START test not_null_average_zipcode_data_AVERAGE_WIND_SPEED_MPH ....... [RUN]
[2025-05-01T08:37:31.623+0000] {subprocess.py:93} INFO - [0m08:37:31  60 of 66 PASS not_null_average_zipcode_data_AVERAGE_WIND_SPEED_MPH ............. [[32mPASS[0m in 1.09s]
[2025-05-01T08:37:31.626+0000] {subprocess.py:93} INFO - [0m08:37:31  61 of 66 START test not_null_average_zipcode_data_EARLIEST_RECORD_DATE ......... [RUN]
[2025-05-01T08:37:32.324+0000] {subprocess.py:93} INFO - [0m08:37:32  61 of 66 PASS not_null_average_zipcode_data_EARLIEST_RECORD_DATE ............... [[32mPASS[0m in 0.69s]
[2025-05-01T08:37:32.328+0000] {subprocess.py:93} INFO - [0m08:37:32  62 of 66 START test not_null_average_zipcode_data_LATEST_RECORD_DATE ........... [RUN]
[2025-05-01T08:37:33.360+0000] {subprocess.py:93} INFO - [0m08:37:33  62 of 66 PASS not_null_average_zipcode_data_LATEST_RECORD_DATE ................. [[32mPASS[0m in 1.03s]
[2025-05-01T08:37:33.363+0000] {subprocess.py:93} INFO - [0m08:37:33  63 of 66 START test not_null_average_zipcode_data_REGION ....................... [RUN]
[2025-05-01T08:37:34.232+0000] {subprocess.py:93} INFO - [0m08:37:34  63 of 66 PASS not_null_average_zipcode_data_REGION ............................. [[32mPASS[0m in 0.87s]
[2025-05-01T08:37:34.234+0000] {subprocess.py:93} INFO - [0m08:37:34  64 of 66 START test not_null_average_zipcode_data_TOTAL_RAINFALL_INCHES ........ [RUN]
[2025-05-01T08:37:35.094+0000] {subprocess.py:93} INFO - [0m08:37:35  64 of 66 PASS not_null_average_zipcode_data_TOTAL_RAINFALL_INCHES .............. [[32mPASS[0m in 0.86s]
[2025-05-01T08:37:35.097+0000] {subprocess.py:93} INFO - [0m08:37:35  65 of 66 START test accepted_values_filtered_zipcode_data_REGION__Southern_California__Central_California__Northern_California  [RUN]
[2025-05-01T08:37:36.028+0000] {subprocess.py:93} INFO - [0m08:37:36  65 of 66 PASS accepted_values_filtered_zipcode_data_REGION__Southern_California__Central_California__Northern_California  [[32mPASS[0m in 0.93s]
[2025-05-01T08:37:36.030+0000] {subprocess.py:93} INFO - [0m08:37:36  66 of 66 START test not_null_filtered_zipcode_data_REGION ...................... [RUN]
[2025-05-01T08:37:36.763+0000] {subprocess.py:93} INFO - [0m08:37:36  66 of 66 PASS not_null_filtered_zipcode_data_REGION ............................ [[32mPASS[0m in 0.73s]
[2025-05-01T08:37:36.771+0000] {subprocess.py:93} INFO - [0m08:37:36
[2025-05-01T08:37:36.771+0000] {subprocess.py:93} INFO - [0m08:37:36  Finished running 2 snapshots, 4 table models, 60 data tests in 0 hours 1 minutes and 29.10 seconds (89.10s).
[2025-05-01T08:37:36.840+0000] {subprocess.py:93} INFO - [0m08:37:36
[2025-05-01T08:37:36.841+0000] {subprocess.py:93} INFO - [0m08:37:36  [32mCompleted successfully[0m
[2025-05-01T08:37:36.841+0000] {subprocess.py:93} INFO - [0m08:37:36
[2025-05-01T08:37:36.842+0000] {subprocess.py:93} INFO - [0m08:37:36  Done. PASS=66 WARN=0 ERROR=0 SKIP=0 TOTAL=66
[2025-05-01T08:37:37.655+0000] {subprocess.py:97} INFO - Command exited with return code 0
[2025-05-01T08:37:37.679+0000] {taskinstance.py:340} INFO - ::group::Post task execution logs
[2025-05-01T08:37:37.679+0000] {taskinstance.py:352} INFO - Marking task as SUCCESS. dag_id=build_weather_elt, task_id=dbt_build, run_id=scheduled__2025-05-01T07:30:00+00:00, execution_date=20250501T073000, start_date=20250501T083605, end_date=20250501T083737
[2025-05-01T08:37:37.697+0000] {local_task_job_runner.py:266} INFO - Task exited with return code 0
[2025-05-01T08:37:37.709+0000] {taskinstance.py:3900} INFO - 0 downstream tasks scheduled from follow-on schedule check
[2025-05-01T08:37:37.710+0000] {local_task_job_runner.py:245} INFO - ::endgroup::
